2024-09-19 07:05:49.158 [pool-3-thread-2] INFO  c.o.j.s.Hooks - Starting scenario execution on Mac OS X
2024-09-19 07:05:49.159 [pool-3-thread-1] INFO  c.o.j.s.Hooks - Starting scenario execution on Mac OS X
2024-09-19 07:05:49.174 [pool-3-thread-4] INFO  c.o.j.s.Hooks - Starting scenario execution on Mac OS X
2024-09-19 07:05:49.185 [pool-3-thread-3] INFO  c.o.j.s.Hooks - Starting scenario execution on Mac OS X
2024-09-19 07:06:33.936 [pool-3-thread-1] ERROR c.o.j.s.Driver - Failed to initialize WebDriver: Unable to obtain: msedgedriver, error Command failed with code: 65, executed: [--browser, MicrosoftEdge, --language-binding, java, --output, json]
Permission denied (os error 13)
Build info: version: '4.23.0', revision: '4df0a231af'
System info: os.name: 'Mac OS X', os.arch: 'aarch64', os.version: '14.6.1', java.version: '11.0.24'
Driver info: driver.version: Driver
2024-09-19 07:06:33.937 [pool-3-thread-2] ERROR c.o.j.s.Driver - Failed to initialize WebDriver: Unable to obtain: msedgedriver, error Command failed with code: 65, executed: [--browser, MicrosoftEdge, --language-binding, java, --output, json]
Permission denied (os error 13)
Build info: version: '4.23.0', revision: '4df0a231af'
System info: os.name: 'Mac OS X', os.arch: 'aarch64', os.version: '14.6.1', java.version: '11.0.24'
Driver info: driver.version: Driver
2024-09-19 07:06:33.936 [pool-3-thread-4] ERROR c.o.j.s.Driver - Failed to initialize WebDriver: Unable to obtain: msedgedriver, error Command failed with code: 65, executed: [--browser, MicrosoftEdge, --language-binding, java, --output, json]
Permission denied (os error 13)
Build info: version: '4.23.0', revision: '4df0a231af'
System info: os.name: 'Mac OS X', os.arch: 'aarch64', os.version: '14.6.1', java.version: '11.0.24'
Driver info: driver.version: Driver
2024-09-19 07:06:38.604 [pool-3-thread-1] ERROR c.o.j.s.Driver - Failed to initialize WebDriver: Could not start a new session. Response code 500. Message: session not created: Microsoft Edge failed to start: exited normally.
  (session not created: DevToolsActivePort file doesn't exist)
  (The process started from msedge location /Users/runner/.cache/selenium/MicrosoftEdge/mac-arm64/128.0.2739.79/Microsoft Edge.app/Contents/MacOS/Microsoft Edge is no longer running, so msedgedriver is assuming that msedge has crashed.) 
Host info: host: 'Mac-1726728681260.local', ip: 'fe80:0:0:0:8b1:e4db:15a4:acbf%en0'
Build info: version: '4.23.0', revision: '4df0a231af'
System info: os.name: 'Mac OS X', os.arch: 'aarch64', os.version: '14.6.1', java.version: '11.0.24'
Driver info: org.openqa.selenium.edge.EdgeDriver
Command: [null, newSession {capabilities=[Capabilities {browserName: MicrosoftEdge, ms:edgeOptions: {args: [--headless=new], binary: /Users/runner/.cache/seleni..., extensions: []}}]}]
2024-09-19 07:06:38.606 [pool-3-thread-2] ERROR c.o.j.s.Driver - Failed to initialize WebDriver: Could not start a new session. Response code 500. Message: session not created: Microsoft Edge failed to start: exited normally.
  (session not created: DevToolsActivePort file doesn't exist)
  (The process started from msedge location /Users/runner/.cache/selenium/MicrosoftEdge/mac-arm64/128.0.2739.79/Microsoft Edge.app/Contents/MacOS/Microsoft Edge is no longer running, so msedgedriver is assuming that msedge has crashed.) 
Host info: host: 'Mac-1726728681260.local', ip: 'fe80:0:0:0:8b1:e4db:15a4:acbf%en0'
Build info: version: '4.23.0', revision: '4df0a231af'
System info: os.name: 'Mac OS X', os.arch: 'aarch64', os.version: '14.6.1', java.version: '11.0.24'
Driver info: org.openqa.selenium.edge.EdgeDriver
Command: [null, newSession {capabilities=[Capabilities {browserName: MicrosoftEdge, ms:edgeOptions: {args: [--headless=new], binary: /Users/runner/.cache/seleni..., extensions: []}}]}]
2024-09-19 07:06:38.606 [pool-3-thread-4] ERROR c.o.j.s.Driver - Failed to initialize WebDriver: Could not start a new session. Response code 500. Message: session not created: Microsoft Edge failed to start: exited normally.
  (session not created: DevToolsActivePort file doesn't exist)
  (The process started from msedge location /Users/runner/.cache/selenium/MicrosoftEdge/mac-arm64/128.0.2739.79/Microsoft Edge.app/Contents/MacOS/Microsoft Edge is no longer running, so msedgedriver is assuming that msedge has crashed.) 
Host info: host: 'Mac-1726728681260.local', ip: 'fe80:0:0:0:8b1:e4db:15a4:acbf%en0'
Build info: version: '4.23.0', revision: '4df0a231af'
System info: os.name: 'Mac OS X', os.arch: 'aarch64', os.version: '14.6.1', java.version: '11.0.24'
Driver info: org.openqa.selenium.edge.EdgeDriver
Command: [null, newSession {capabilities=[Capabilities {browserName: MicrosoftEdge, ms:edgeOptions: {args: [--headless=new], binary: /Users/runner/.cache/seleni..., extensions: []}}]}]
2024-09-19 07:06:38.606 [pool-3-thread-4] ERROR c.o.j.s.Hooks - Failed to take screenshot for scenario: Verify Page Title and URL
java.lang.RuntimeException: Failed to initialize WebDriver
	at com.octoperf.jpetstore6.singletonDriver.Driver.getDriver(Driver.java:75)
	at com.octoperf.jpetstore6.stepDefs.Hooks.takeScreenshot(Hooks.java:66)
	at com.octoperf.jpetstore6.stepDefs.Hooks.tearDown(Hooks.java:49)
	at java.base/jdk.internal.reflect.NativeMethodAccessorImpl.invoke0(Native Method)
	at java.base/jdk.internal.reflect.NativeMethodAccessorImpl.invoke(NativeMethodAccessorImpl.java:62)
	at java.base/jdk.internal.reflect.DelegatingMethodAccessorImpl.invoke(DelegatingMethodAccessorImpl.java:43)
	at java.base/java.lang.reflect.Method.invoke(Method.java:566)
	at io.cucumber.java.Invoker.doInvoke(Invoker.java:66)
	at io.cucumber.java.Invoker.invoke(Invoker.java:24)
	at io.cucumber.java.AbstractGlueDefinition.invokeMethod(AbstractGlueDefinition.java:47)
	at io.cucumber.java.JavaHookDefinition.execute(JavaHookDefinition.java:64)
	at io.cucumber.core.runner.CoreHookDefinition.execute(CoreHookDefinition.java:46)
	at io.cucumber.core.runner.HookDefinitionMatch.runStep(HookDefinitionMatch.java:21)
	at io.cucumber.core.runner.ExecutionMode$1.execute(ExecutionMode.java:10)
	at io.cucumber.core.runner.TestStep.executeStep(TestStep.java:84)
	at io.cucumber.core.runner.TestStep.run(TestStep.java:56)
	at io.cucumber.core.runner.TestCase.run(TestCase.java:90)
	at io.cucumber.core.runner.Runner.runPickle(Runner.java:75)
	at io.cucumber.junit.PickleRunners$NoStepDescriptions.lambda$run$0(PickleRunners.java:151)
	at io.cucumber.core.runtime.CucumberExecutionContext.lambda$runTestCase$5(CucumberExecutionContext.java:137)
	at io.cucumber.core.runtime.RethrowingThrowableCollector.executeAndThrow(RethrowingThrowableCollector.java:23)
	at io.cucumber.core.runtime.CucumberExecutionContext.runTestCase(CucumberExecutionContext.java:137)
	at io.cucumber.junit.PickleRunners$NoStepDescriptions.run(PickleRunners.java:148)
	at io.cucumber.junit.FeatureRunner.runChild(FeatureRunner.java:144)
	at io.cucumber.junit.FeatureRunner.runChild(FeatureRunner.java:28)
	at org.junit.runners.ParentRunner$4.run(ParentRunner.java:331)
	at org.junit.runners.ParentRunner$1.schedule(ParentRunner.java:79)
	at org.junit.runners.ParentRunner.runChildren(ParentRunner.java:329)
	at org.junit.runners.ParentRunner.access$100(ParentRunner.java:66)
	at org.junit.runners.ParentRunner$2.evaluate(ParentRunner.java:293)
	at org.junit.runners.ParentRunner$3.evaluate(ParentRunner.java:306)
	at org.junit.runners.ParentRunner.run(ParentRunner.java:413)
	at io.cucumber.junit.FeatureRunner.run(FeatureRunner.java:137)
	at io.cucumber.junit.Cucumber.runChild(Cucumber.java:196)
	at io.cucumber.junit.Cucumber.runChild(Cucumber.java:89)
	at org.junit.runners.ParentRunner$4.run(ParentRunner.java:331)
	at org.apache.maven.surefire.junitcore.pc.Scheduler$1.run(Scheduler.java:345)
	at java.base/java.util.concurrent.Executors$RunnableAdapter.call(Executors.java:515)
	at java.base/java.util.concurrent.FutureTask.run(FutureTask.java:264)
	at java.base/java.util.concurrent.ThreadPoolExecutor.runWorker(ThreadPoolExecutor.java:1128)
	at java.base/java.util.concurrent.ThreadPoolExecutor$Worker.run(ThreadPoolExecutor.java:628)
	at java.base/java.lang.Thread.run(Thread.java:829)
Caused by: org.openqa.selenium.SessionNotCreatedException: Could not start a new session. Response code 500. Message: session not created: Microsoft Edge failed to start: exited normally.
  (session not created: DevToolsActivePort file doesn't exist)
  (The process started from msedge location /Users/runner/.cache/selenium/MicrosoftEdge/mac-arm64/128.0.2739.79/Microsoft Edge.app/Contents/MacOS/Microsoft Edge is no longer running, so msedgedriver is assuming that msedge has crashed.) 
Host info: host: 'Mac-1726728681260.local', ip: 'fe80:0:0:0:8b1:e4db:15a4:acbf%en0'
Build info: version: '4.23.0', revision: '4df0a231af'
System info: os.name: 'Mac OS X', os.arch: 'aarch64', os.version: '14.6.1', java.version: '11.0.24'
Driver info: org.openqa.selenium.edge.EdgeDriver
Command: [null, newSession {capabilities=[Capabilities {browserName: MicrosoftEdge, ms:edgeOptions: {args: [--headless=new], binary: /Users/runner/.cache/seleni..., extensions: []}}]}]
	at org.openqa.selenium.remote.ProtocolHandshake.createSession(ProtocolHandshake.java:114)
	at org.openqa.selenium.remote.ProtocolHandshake.createSession(ProtocolHandshake.java:75)
	at org.openqa.selenium.remote.ProtocolHandshake.createSession(ProtocolHandshake.java:61)
	at org.openqa.selenium.remote.HttpCommandExecutor.execute(HttpCommandExecutor.java:162)
	at org.openqa.selenium.remote.service.DriverCommandExecutor.invokeExecute(DriverCommandExecutor.java:216)
	at org.openqa.selenium.remote.service.DriverCommandExecutor.execute(DriverCommandExecutor.java:174)
	at org.openqa.selenium.remote.RemoteWebDriver.execute(RemoteWebDriver.java:527)
	at org.openqa.selenium.remote.RemoteWebDriver.startSession(RemoteWebDriver.java:234)
	at org.openqa.selenium.remote.RemoteWebDriver.<init>(RemoteWebDriver.java:163)
	at org.openqa.selenium.chromium.ChromiumDriver.<init>(ChromiumDriver.java:114)
	at org.openqa.selenium.edge.EdgeDriver.<init>(EdgeDriver.java:60)
	at org.openqa.selenium.edge.EdgeDriver.<init>(EdgeDriver.java:56)
	at org.openqa.selenium.edge.EdgeDriver.<init>(EdgeDriver.java:48)
	at com.octoperf.jpetstore6.singletonDriver.Driver.getDriver(Driver.java:63)
	... 41 common frames omitted
2024-09-19 07:06:38.606 [pool-3-thread-1] ERROR c.o.j.s.Hooks - Failed to take screenshot for scenario: Verify Page Title and URL
java.lang.RuntimeException: Failed to initialize WebDriver
	at com.octoperf.jpetstore6.singletonDriver.Driver.getDriver(Driver.java:75)
	at com.octoperf.jpetstore6.stepDefs.Hooks.takeScreenshot(Hooks.java:66)
	at com.octoperf.jpetstore6.stepDefs.Hooks.tearDown(Hooks.java:49)
	at java.base/jdk.internal.reflect.NativeMethodAccessorImpl.invoke0(Native Method)
	at java.base/jdk.internal.reflect.NativeMethodAccessorImpl.invoke(NativeMethodAccessorImpl.java:62)
	at java.base/jdk.internal.reflect.DelegatingMethodAccessorImpl.invoke(DelegatingMethodAccessorImpl.java:43)
	at java.base/java.lang.reflect.Method.invoke(Method.java:566)
	at io.cucumber.java.Invoker.doInvoke(Invoker.java:66)
	at io.cucumber.java.Invoker.invoke(Invoker.java:24)
	at io.cucumber.java.AbstractGlueDefinition.invokeMethod(AbstractGlueDefinition.java:47)
	at io.cucumber.java.JavaHookDefinition.execute(JavaHookDefinition.java:64)
	at io.cucumber.core.runner.CoreHookDefinition.execute(CoreHookDefinition.java:46)
	at io.cucumber.core.runner.HookDefinitionMatch.runStep(HookDefinitionMatch.java:21)
	at io.cucumber.core.runner.ExecutionMode$1.execute(ExecutionMode.java:10)
	at io.cucumber.core.runner.TestStep.executeStep(TestStep.java:84)
	at io.cucumber.core.runner.TestStep.run(TestStep.java:56)
	at io.cucumber.core.runner.TestCase.run(TestCase.java:90)
	at io.cucumber.core.runner.Runner.runPickle(Runner.java:75)
	at io.cucumber.junit.PickleRunners$NoStepDescriptions.lambda$run$0(PickleRunners.java:151)
	at io.cucumber.core.runtime.CucumberExecutionContext.lambda$runTestCase$5(CucumberExecutionContext.java:137)
	at io.cucumber.core.runtime.RethrowingThrowableCollector.executeAndThrow(RethrowingThrowableCollector.java:23)
	at io.cucumber.core.runtime.CucumberExecutionContext.runTestCase(CucumberExecutionContext.java:137)
	at io.cucumber.junit.PickleRunners$NoStepDescriptions.run(PickleRunners.java:148)
	at io.cucumber.junit.FeatureRunner.runChild(FeatureRunner.java:144)
	at io.cucumber.junit.FeatureRunner.runChild(FeatureRunner.java:28)
	at org.junit.runners.ParentRunner$4.run(ParentRunner.java:331)
	at org.junit.runners.ParentRunner$1.schedule(ParentRunner.java:79)
	at org.junit.runners.ParentRunner.runChildren(ParentRunner.java:329)
	at org.junit.runners.ParentRunner.access$100(ParentRunner.java:66)
	at org.junit.runners.ParentRunner$2.evaluate(ParentRunner.java:293)
	at org.junit.runners.ParentRunner$3.evaluate(ParentRunner.java:306)
	at org.junit.runners.ParentRunner.run(ParentRunner.java:413)
	at io.cucumber.junit.FeatureRunner.run(FeatureRunner.java:137)
	at io.cucumber.junit.Cucumber.runChild(Cucumber.java:196)
	at io.cucumber.junit.Cucumber.runChild(Cucumber.java:89)
	at org.junit.runners.ParentRunner$4.run(ParentRunner.java:331)
	at org.apache.maven.surefire.junitcore.pc.Scheduler$1.run(Scheduler.java:345)
	at java.base/java.util.concurrent.Executors$RunnableAdapter.call(Executors.java:515)
	at java.base/java.util.concurrent.FutureTask.run(FutureTask.java:264)
	at java.base/java.util.concurrent.ThreadPoolExecutor.runWorker(ThreadPoolExecutor.java:1128)
	at java.base/java.util.concurrent.ThreadPoolExecutor$Worker.run(ThreadPoolExecutor.java:628)
	at java.base/java.lang.Thread.run(Thread.java:829)
Caused by: org.openqa.selenium.SessionNotCreatedException: Could not start a new session. Response code 500. Message: session not created: Microsoft Edge failed to start: exited normally.
  (session not created: DevToolsActivePort file doesn't exist)
  (The process started from msedge location /Users/runner/.cache/selenium/MicrosoftEdge/mac-arm64/128.0.2739.79/Microsoft Edge.app/Contents/MacOS/Microsoft Edge is no longer running, so msedgedriver is assuming that msedge has crashed.) 
Host info: host: 'Mac-1726728681260.local', ip: 'fe80:0:0:0:8b1:e4db:15a4:acbf%en0'
Build info: version: '4.23.0', revision: '4df0a231af'
System info: os.name: 'Mac OS X', os.arch: 'aarch64', os.version: '14.6.1', java.version: '11.0.24'
Driver info: org.openqa.selenium.edge.EdgeDriver
Command: [null, newSession {capabilities=[Capabilities {browserName: MicrosoftEdge, ms:edgeOptions: {args: [--headless=new], binary: /Users/runner/.cache/seleni..., extensions: []}}]}]
	at org.openqa.selenium.remote.ProtocolHandshake.createSession(ProtocolHandshake.java:114)
	at org.openqa.selenium.remote.ProtocolHandshake.createSession(ProtocolHandshake.java:75)
	at org.openqa.selenium.remote.ProtocolHandshake.createSession(ProtocolHandshake.java:61)
	at org.openqa.selenium.remote.HttpCommandExecutor.execute(HttpCommandExecutor.java:162)
	at org.openqa.selenium.remote.service.DriverCommandExecutor.invokeExecute(DriverCommandExecutor.java:216)
	at org.openqa.selenium.remote.service.DriverCommandExecutor.execute(DriverCommandExecutor.java:174)
	at org.openqa.selenium.remote.RemoteWebDriver.execute(RemoteWebDriver.java:527)
	at org.openqa.selenium.remote.RemoteWebDriver.startSession(RemoteWebDriver.java:234)
	at org.openqa.selenium.remote.RemoteWebDriver.<init>(RemoteWebDriver.java:163)
	at org.openqa.selenium.chromium.ChromiumDriver.<init>(ChromiumDriver.java:114)
	at org.openqa.selenium.edge.EdgeDriver.<init>(EdgeDriver.java:60)
	at org.openqa.selenium.edge.EdgeDriver.<init>(EdgeDriver.java:56)
	at org.openqa.selenium.edge.EdgeDriver.<init>(EdgeDriver.java:48)
	at com.octoperf.jpetstore6.singletonDriver.Driver.getDriver(Driver.java:63)
	... 41 common frames omitted
2024-09-19 07:06:38.606 [pool-3-thread-2] ERROR c.o.j.s.Hooks - Failed to take screenshot for scenario: Verify Page Title and URL
java.lang.RuntimeException: Failed to initialize WebDriver
	at com.octoperf.jpetstore6.singletonDriver.Driver.getDriver(Driver.java:75)
	at com.octoperf.jpetstore6.stepDefs.Hooks.takeScreenshot(Hooks.java:66)
	at com.octoperf.jpetstore6.stepDefs.Hooks.tearDown(Hooks.java:49)
	at java.base/jdk.internal.reflect.NativeMethodAccessorImpl.invoke0(Native Method)
	at java.base/jdk.internal.reflect.NativeMethodAccessorImpl.invoke(NativeMethodAccessorImpl.java:62)
	at java.base/jdk.internal.reflect.DelegatingMethodAccessorImpl.invoke(DelegatingMethodAccessorImpl.java:43)
	at java.base/java.lang.reflect.Method.invoke(Method.java:566)
	at io.cucumber.java.Invoker.doInvoke(Invoker.java:66)
	at io.cucumber.java.Invoker.invoke(Invoker.java:24)
	at io.cucumber.java.AbstractGlueDefinition.invokeMethod(AbstractGlueDefinition.java:47)
	at io.cucumber.java.JavaHookDefinition.execute(JavaHookDefinition.java:64)
	at io.cucumber.core.runner.CoreHookDefinition.execute(CoreHookDefinition.java:46)
	at io.cucumber.core.runner.HookDefinitionMatch.runStep(HookDefinitionMatch.java:21)
	at io.cucumber.core.runner.ExecutionMode$1.execute(ExecutionMode.java:10)
	at io.cucumber.core.runner.TestStep.executeStep(TestStep.java:84)
	at io.cucumber.core.runner.TestStep.run(TestStep.java:56)
	at io.cucumber.core.runner.TestCase.run(TestCase.java:90)
	at io.cucumber.core.runner.Runner.runPickle(Runner.java:75)
	at io.cucumber.junit.PickleRunners$NoStepDescriptions.lambda$run$0(PickleRunners.java:151)
	at io.cucumber.core.runtime.CucumberExecutionContext.lambda$runTestCase$5(CucumberExecutionContext.java:137)
	at io.cucumber.core.runtime.RethrowingThrowableCollector.executeAndThrow(RethrowingThrowableCollector.java:23)
	at io.cucumber.core.runtime.CucumberExecutionContext.runTestCase(CucumberExecutionContext.java:137)
	at io.cucumber.junit.PickleRunners$NoStepDescriptions.run(PickleRunners.java:148)
	at io.cucumber.junit.FeatureRunner.runChild(FeatureRunner.java:144)
	at io.cucumber.junit.FeatureRunner.runChild(FeatureRunner.java:28)
	at org.junit.runners.ParentRunner$4.run(ParentRunner.java:331)
	at org.junit.runners.ParentRunner$1.schedule(ParentRunner.java:79)
	at org.junit.runners.ParentRunner.runChildren(ParentRunner.java:329)
	at org.junit.runners.ParentRunner.access$100(ParentRunner.java:66)
	at org.junit.runners.ParentRunner$2.evaluate(ParentRunner.java:293)
	at org.junit.runners.ParentRunner$3.evaluate(ParentRunner.java:306)
	at org.junit.runners.ParentRunner.run(ParentRunner.java:413)
	at io.cucumber.junit.FeatureRunner.run(FeatureRunner.java:137)
	at io.cucumber.junit.Cucumber.runChild(Cucumber.java:196)
	at io.cucumber.junit.Cucumber.runChild(Cucumber.java:89)
	at org.junit.runners.ParentRunner$4.run(ParentRunner.java:331)
	at org.apache.maven.surefire.junitcore.pc.Scheduler$1.run(Scheduler.java:345)
	at java.base/java.util.concurrent.Executors$RunnableAdapter.call(Executors.java:515)
	at java.base/java.util.concurrent.FutureTask.run(FutureTask.java:264)
	at java.base/java.util.concurrent.ThreadPoolExecutor.runWorker(ThreadPoolExecutor.java:1128)
	at java.base/java.util.concurrent.ThreadPoolExecutor$Worker.run(ThreadPoolExecutor.java:628)
	at java.base/java.lang.Thread.run(Thread.java:829)
Caused by: org.openqa.selenium.SessionNotCreatedException: Could not start a new session. Response code 500. Message: session not created: Microsoft Edge failed to start: exited normally.
  (session not created: DevToolsActivePort file doesn't exist)
  (The process started from msedge location /Users/runner/.cache/selenium/MicrosoftEdge/mac-arm64/128.0.2739.79/Microsoft Edge.app/Contents/MacOS/Microsoft Edge is no longer running, so msedgedriver is assuming that msedge has crashed.) 
Host info: host: 'Mac-1726728681260.local', ip: 'fe80:0:0:0:8b1:e4db:15a4:acbf%en0'
Build info: version: '4.23.0', revision: '4df0a231af'
System info: os.name: 'Mac OS X', os.arch: 'aarch64', os.version: '14.6.1', java.version: '11.0.24'
Driver info: org.openqa.selenium.edge.EdgeDriver
Command: [null, newSession {capabilities=[Capabilities {browserName: MicrosoftEdge, ms:edgeOptions: {args: [--headless=new], binary: /Users/runner/.cache/seleni..., extensions: []}}]}]
	at org.openqa.selenium.remote.ProtocolHandshake.createSession(ProtocolHandshake.java:114)
	at org.openqa.selenium.remote.ProtocolHandshake.createSession(ProtocolHandshake.java:75)
	at org.openqa.selenium.remote.ProtocolHandshake.createSession(ProtocolHandshake.java:61)
	at org.openqa.selenium.remote.HttpCommandExecutor.execute(HttpCommandExecutor.java:162)
	at org.openqa.selenium.remote.service.DriverCommandExecutor.invokeExecute(DriverCommandExecutor.java:216)
	at org.openqa.selenium.remote.service.DriverCommandExecutor.execute(DriverCommandExecutor.java:174)
	at org.openqa.selenium.remote.RemoteWebDriver.execute(RemoteWebDriver.java:527)
	at org.openqa.selenium.remote.RemoteWebDriver.startSession(RemoteWebDriver.java:234)
	at org.openqa.selenium.remote.RemoteWebDriver.<init>(RemoteWebDriver.java:163)
	at org.openqa.selenium.chromium.ChromiumDriver.<init>(ChromiumDriver.java:114)
	at org.openqa.selenium.edge.EdgeDriver.<init>(EdgeDriver.java:60)
	at org.openqa.selenium.edge.EdgeDriver.<init>(EdgeDriver.java:56)
	at org.openqa.selenium.edge.EdgeDriver.<init>(EdgeDriver.java:48)
	at com.octoperf.jpetstore6.singletonDriver.Driver.getDriver(Driver.java:63)
	... 41 common frames omitted
2024-09-19 07:06:38.623 [pool-3-thread-1] INFO  c.o.j.s.Hooks - Attached logs to Allure report.
2024-09-19 07:06:38.622 [pool-3-thread-4] INFO  c.o.j.s.Hooks - Attached logs to Allure report.
2024-09-19 07:06:38.626 [pool-3-thread-2] INFO  c.o.j.s.Hooks - Attached logs to Allure report.
2024-09-19 07:06:43.946 [pool-3-thread-1] INFO  c.o.j.s.Hooks - Starting scenario execution on Mac OS X
2024-09-19 07:06:43.943 [pool-3-thread-2] INFO  c.o.j.s.Hooks - Starting scenario execution on Mac OS X
2024-09-19 07:06:43.948 [pool-3-thread-4] INFO  c.o.j.s.Hooks - Starting scenario execution on Mac OS X
2024-09-19 07:06:49.155 [pool-3-thread-4] INFO  c.o.j.s.Driver - Initialized WebDriver for headless-edge browser
2024-09-19 07:06:49.165 [pool-3-thread-3] INFO  c.o.j.s.Driver - Initialized WebDriver for headless-edge browser
2024-09-19 07:06:49.201 [pool-3-thread-1] INFO  c.o.j.s.Driver - Initialized WebDriver for headless-edge browser
2024-09-19 07:06:49.628 [pool-3-thread-2] INFO  c.o.j.s.Driver - Initialized WebDriver for headless-edge browser
2024-09-19 07:06:52.909 [pool-3-thread-4] INFO  c.o.j.s.SD01_Common - Current page is: |Welcome|
2024-09-19 07:06:52.914 [pool-3-thread-2] INFO  c.o.j.s.SD01_Common - Current page is: |Welcome|
2024-09-19 07:06:52.915 [pool-3-thread-1] INFO  c.o.j.s.SD01_Common - Current page is: |Welcome|
2024-09-19 07:06:52.941 [pool-3-thread-3] INFO  c.o.j.s.SD01_Common - Current page is: |Welcome|
2024-09-19 07:06:53.071 [pool-3-thread-1] INFO  c.o.j.s.SD01_Common - The |Welcome Header| visible on the page
2024-09-19 07:06:53.168 [pool-3-thread-1] INFO  c.o.j.s.SD01_Common - The |Enter The Store Link| visible on the page
2024-09-19 07:06:53.300 [pool-3-thread-1] INFO  c.o.j.s.SD01_Common - The |Copyright Subtitle| visible on the page
2024-09-19 07:06:53.901 [pool-3-thread-2] INFO  c.o.j.s.SD01_Common - Clicked on the |Enter The Store Link|
2024-09-19 07:06:53.904 [pool-3-thread-2] INFO  c.o.j.s.SD01_Common - Current page is: |Catalog|
2024-09-19 07:06:53.954 [pool-3-thread-3] INFO  c.o.j.s.SD01_Common - Clicked on the |Enter The Store Link|
2024-09-19 07:06:53.959 [pool-3-thread-3] INFO  c.o.j.s.SD01_Common - Current page is: |Catalog|
2024-09-19 07:06:53.992 [pool-3-thread-2] INFO  c.o.j.s.SD01_Common - The |Logo Image| visible on the page
2024-09-19 07:06:54.017 [pool-3-thread-4] INFO  c.o.j.s.SD01_Common - Clicked on the |Enter The Store Link|
2024-09-19 07:06:54.019 [pool-3-thread-4] INFO  c.o.j.s.SD01_Common - Current page is: |Catalog|
2024-09-19 07:06:54.163 [pool-3-thread-2] INFO  c.o.j.s.SD01_Common - The |Cart Image| visible on the page
2024-09-19 07:06:54.210 [pool-3-thread-2] INFO  c.o.j.s.SD01_Common - The |Sign-In Link| visible on the page
2024-09-19 07:06:54.266 [pool-3-thread-2] INFO  c.o.j.s.SD01_Common - The |Help Link| visible on the page
2024-09-19 07:06:54.324 [pool-3-thread-2] INFO  c.o.j.s.SD01_Common - The |Search Input Box| visible on the page
2024-09-19 07:06:54.346 [pool-3-thread-3] INFO  c.o.j.s.SD01_Common - Clicked on the |Help Link|
2024-09-19 07:06:54.401 [pool-3-thread-2] INFO  c.o.j.s.SD01_Common - The |Search Button| visible on the page
2024-09-19 07:06:54.446 [pool-3-thread-2] INFO  c.o.j.s.SD01_Common - The |OctoPerf Link In The CTA Section| visible on the page
2024-09-19 07:06:54.488 [pool-3-thread-2] INFO  c.o.j.s.SD01_Common - The |OctoPerf Link In The PoweredBy Section| visible on the page
2024-09-19 07:06:54.490 [pool-3-thread-3] INFO  c.o.j.s.SD01_Common - Current page is: |Help|
2024-09-19 07:06:54.490 [pool-3-thread-3] INFO  c.o.j.s.SD01_Common - Expected page title: |JPetStore Demo|
2024-09-19 07:06:54.490 [pool-3-thread-3] INFO  c.o.j.s.SD01_Common - Expected url: |https://petstore.octoperf.com/help.html|
2024-09-19 07:06:54.513 [pool-3-thread-4] INFO  c.o.j.s.SD01_Common - Clicked on the |Sign-In Link|
2024-09-19 07:06:54.514 [pool-3-thread-4] INFO  c.o.j.s.SD01_Common - Current page is: |SignIn|
2024-09-19 07:06:54.529 [pool-3-thread-3] INFO  c.o.j.p.P01_BasePage - Actual Title: |JPetStore Demo|
2024-09-19 07:06:54.529 [pool-3-thread-3] INFO  c.o.j.p.P01_BasePage - Actual Url: |https://petstore.octoperf.com/help.html|
2024-09-19 07:06:54.529 [pool-3-thread-3] INFO  c.o.j.s.SD01_Common - The page title and the URL are as expected.
2024-09-19 07:06:54.566 [pool-3-thread-2] INFO  c.o.j.s.SD01_Common - The |MyBatis Link In The PoweredBy Section| visible on the page
2024-09-19 07:06:54.614 [pool-3-thread-2] INFO  c.o.j.s.SD01_Common - The |Main Image| visible on the page
2024-09-19 07:06:54.641 [pool-3-thread-1] INFO  c.o.j.s.Driver - Closed WebDriver instance
2024-09-19 07:06:54.647 [pool-3-thread-1] INFO  c.o.j.s.Hooks - Attached logs to Allure report.
2024-09-19 07:06:54.693 [pool-3-thread-2] INFO  c.o.j.s.SD01_Common - The |Separator Images In The Menu Content Section| visible on the page
2024-09-19 07:06:54.814 [pool-3-thread-2] INFO  c.o.j.s.SD01_Common - The |Category Images In The Quick Links Section| visible on the page
2024-09-19 07:06:54.873 [pool-3-thread-4] INFO  c.o.j.s.SD01_Common - Clicked on the |Register Now Link|
2024-09-19 07:06:54.889 [pool-3-thread-2] INFO  c.o.j.s.SD01_Common - The |Separator Images In The Quick Links Section| visible on the page
2024-09-19 07:06:54.994 [pool-3-thread-2] INFO  c.o.j.s.SD01_Common - The |Sidebar Images| visible on the page
2024-09-19 07:06:55.864 [pool-3-thread-3] INFO  c.o.j.s.Driver - Closed WebDriver instance
2024-09-19 07:06:55.866 [pool-3-thread-3] INFO  c.o.j.s.Hooks - Attached logs to Allure report.
2024-09-19 07:06:59.701 [pool-3-thread-1] INFO  c.o.j.s.Hooks - Starting scenario execution on Mac OS X
2024-09-19 07:06:59.740 [pool-3-thread-3] INFO  c.o.j.s.Hooks - Starting scenario execution on Mac OS X
2024-09-19 07:06:59.778 [pool-3-thread-4] INFO  c.o.j.s.SD01_Common - Current page is: |Registration|
2024-09-19 07:06:59.838 [pool-3-thread-4] INFO  c.o.j.s.SD01_Common - The |User Id Input Box| visible on the page
2024-09-19 07:06:59.869 [pool-3-thread-4] INFO  c.o.j.s.SD01_Common - The |New Password Input Box| visible on the page
2024-09-19 07:06:59.910 [pool-3-thread-4] INFO  c.o.j.s.SD01_Common - The |Repeat Password Input Box| visible on the page
2024-09-19 07:06:59.948 [pool-3-thread-4] INFO  c.o.j.s.SD01_Common - The |Firstname Input Box| visible on the page
2024-09-19 07:06:59.982 [pool-3-thread-4] INFO  c.o.j.s.SD01_Common - The |Lastname Input Box| visible on the page
2024-09-19 07:07:00.057 [pool-3-thread-4] INFO  c.o.j.s.SD01_Common - The |Email Input Box| visible on the page
2024-09-19 07:07:00.158 [pool-3-thread-4] INFO  c.o.j.s.SD01_Common - The |Phone Input Box| visible on the page
2024-09-19 07:07:00.223 [pool-3-thread-4] INFO  c.o.j.s.SD01_Common - The |Address1 Input Box| visible on the page
2024-09-19 07:07:00.296 [pool-3-thread-4] INFO  c.o.j.s.SD01_Common - The |Address2 Input Box| visible on the page
2024-09-19 07:07:00.354 [pool-3-thread-4] INFO  c.o.j.s.SD01_Common - The |City Input Box| visible on the page
2024-09-19 07:07:00.426 [pool-3-thread-4] INFO  c.o.j.s.SD01_Common - The |State Input Box| visible on the page
2024-09-19 07:07:00.519 [pool-3-thread-4] INFO  c.o.j.s.SD01_Common - The |Zip Input Box| visible on the page
2024-09-19 07:07:00.598 [pool-3-thread-4] INFO  c.o.j.s.SD01_Common - The |Country Input Box| visible on the page
2024-09-19 07:07:00.639 [pool-3-thread-4] INFO  c.o.j.s.SD01_Common - The |Language Preference Dropdown| visible on the page
2024-09-19 07:07:00.737 [pool-3-thread-4] INFO  c.o.j.s.SD01_Common - The |Favourite Category Dropdown| visible on the page
2024-09-19 07:07:00.778 [pool-3-thread-4] INFO  c.o.j.s.SD01_Common - The |Enable My List Checkbox| visible on the page
2024-09-19 07:07:00.987 [pool-3-thread-4] INFO  c.o.j.s.SD01_Common - The |Enable My Banner Checkbox| visible on the page
2024-09-19 07:07:01.041 [pool-3-thread-2] INFO  c.o.j.s.Driver - Closed WebDriver instance
2024-09-19 07:07:01.043 [pool-3-thread-2] INFO  c.o.j.s.Hooks - Attached logs to Allure report.
2024-09-19 07:07:01.065 [pool-3-thread-2] INFO  c.o.j.s.Hooks - Starting scenario execution on Mac OS X
2024-09-19 07:07:01.124 [pool-3-thread-4] INFO  c.o.j.s.SD01_Common - The |Save Account Information Button| visible on the page
2024-09-19 07:07:01.236 [pool-3-thread-4] INFO  c.o.j.s.SD01_Common - The |User Information Header| visible on the page
2024-09-19 07:07:01.295 [pool-3-thread-4] INFO  c.o.j.s.SD01_Common - The |Account Information Header| visible on the page
2024-09-19 07:07:01.381 [pool-3-thread-4] INFO  c.o.j.s.SD01_Common - The |Profile Information Header| visible on the page
2024-09-19 07:07:02.137 [pool-3-thread-1] INFO  c.o.j.s.Driver - Initialized WebDriver for headless-edge browser
2024-09-19 07:07:02.414 [pool-3-thread-3] INFO  c.o.j.s.Driver - Initialized WebDriver for headless-edge browser
2024-09-19 07:07:03.272 [pool-3-thread-2] INFO  c.o.j.s.Driver - Initialized WebDriver for headless-edge browser
2024-09-19 07:07:03.862 [pool-3-thread-3] INFO  c.o.j.s.SD01_Common - Current page is: |Welcome|
2024-09-19 07:07:03.883 [pool-3-thread-1] INFO  c.o.j.s.SD01_Common - Current page is: |Welcome|
2024-09-19 07:07:03.954 [pool-3-thread-1] INFO  c.o.j.s.SD01_Common - Expected text: |Welcome to JPetStore 6|
2024-09-19 07:07:03.954 [pool-3-thread-1] INFO  c.o.j.s.SD01_Common - Actual text: |Welcome to JPetStore 6|
2024-09-19 07:07:03.954 [pool-3-thread-1] INFO  c.o.j.s.SD01_Common - The text of the |Welcome Header| matched the expected value
2024-09-19 07:07:04.032 [pool-3-thread-1] INFO  c.o.j.s.SD01_Common - Expected text: |Enter the Store|
2024-09-19 07:07:04.032 [pool-3-thread-1] INFO  c.o.j.s.SD01_Common - Actual text: |Enter the Store|
2024-09-19 07:07:04.033 [pool-3-thread-1] INFO  c.o.j.s.SD01_Common - The text of the |Enter The Store Link| matched the expected value
2024-09-19 07:07:04.132 [pool-3-thread-1] INFO  c.o.j.s.SD01_Common - Expected text: |Copyright www.mybatis.org|
2024-09-19 07:07:04.132 [pool-3-thread-1] INFO  c.o.j.s.SD01_Common - Actual text: |Copyright www.mybatis.org|
2024-09-19 07:07:04.132 [pool-3-thread-1] INFO  c.o.j.s.SD01_Common - The text of the |Copyright Subtitle| matched the expected value
2024-09-19 07:07:04.187 [pool-3-thread-2] INFO  c.o.j.s.SD01_Common - Current page is: |Welcome|
2024-09-19 07:07:04.756 [pool-3-thread-3] INFO  c.o.j.s.SD01_Common - Clicked on the |Enter The Store Link|
2024-09-19 07:07:04.757 [pool-3-thread-3] INFO  c.o.j.s.SD01_Common - Current page is: |Catalog|
2024-09-19 07:07:05.026 [pool-3-thread-3] INFO  c.o.j.s.SD01_Common - Clicked on the |Help Link|
2024-09-19 07:07:05.068 [pool-3-thread-2] INFO  c.o.j.s.SD01_Common - Clicked on the |Enter The Store Link|
2024-09-19 07:07:05.070 [pool-3-thread-2] INFO  c.o.j.s.SD01_Common - Current page is: |Catalog|
2024-09-19 07:07:05.138 [pool-3-thread-2] INFO  c.o.j.s.SD01_Common - Expected text: |Sign In|
2024-09-19 07:07:05.138 [pool-3-thread-2] INFO  c.o.j.s.SD01_Common - Actual text: |Sign In|
2024-09-19 07:07:05.138 [pool-3-thread-2] INFO  c.o.j.s.SD01_Common - The text of the |Sign-In link| matched the expected value
2024-09-19 07:07:05.149 [pool-3-thread-3] INFO  c.o.j.s.SD01_Common - Current page is: |Help|
2024-09-19 07:07:05.163 [pool-3-thread-2] INFO  c.o.j.s.SD01_Common - Expected text: |?|
2024-09-19 07:07:05.163 [pool-3-thread-2] INFO  c.o.j.s.SD01_Common - Actual text: |?|
2024-09-19 07:07:05.163 [pool-3-thread-2] INFO  c.o.j.s.SD01_Common - The text of the |Help Link| matched the expected value
2024-09-19 07:07:05.176 [pool-3-thread-3] INFO  c.o.j.s.SD01_Common - The |Copyright Subtitle| visible on the page
2024-09-19 07:07:05.196 [pool-3-thread-2] INFO  c.o.j.s.SD01_Common - Expected text: |Elevate you load-testing with OctoPerf!|
2024-09-19 07:07:05.196 [pool-3-thread-2] INFO  c.o.j.s.SD01_Common - Actual text: |Elevate you load-testing with OctoPerf!|
2024-09-19 07:07:05.196 [pool-3-thread-2] INFO  c.o.j.s.SD01_Common - The text of the |CTA Section| matched the expected value
2024-09-19 07:07:05.224 [pool-3-thread-2] INFO  c.o.j.s.SD01_Common - Expected text: |OctoPerf|
2024-09-19 07:07:05.225 [pool-3-thread-2] INFO  c.o.j.s.SD01_Common - Actual text: |OctoPerf|
2024-09-19 07:07:05.225 [pool-3-thread-2] INFO  c.o.j.s.SD01_Common - The text of the |OctoPerf Link In The CTA Section| matched the expected value
2024-09-19 07:07:05.252 [pool-3-thread-2] INFO  c.o.j.s.SD01_Common - Expected text: |https://octoperf.com|
2024-09-19 07:07:05.252 [pool-3-thread-2] INFO  c.o.j.s.SD01_Common - Actual text: |https://octoperf.com|
2024-09-19 07:07:05.253 [pool-3-thread-2] INFO  c.o.j.s.SD01_Common - The text of the |OctoPerf Link In The PoweredBy Section| matched the expected value
2024-09-19 07:07:05.286 [pool-3-thread-2] INFO  c.o.j.s.SD01_Common - Expected text: |www.mybatis.org|
2024-09-19 07:07:05.286 [pool-3-thread-2] INFO  c.o.j.s.SD01_Common - Actual text: |www.mybatis.org|
2024-09-19 07:07:05.286 [pool-3-thread-2] INFO  c.o.j.s.SD01_Common - The text of the |MyBatis Link In The PoweredBy Section| matched the expected value
2024-09-19 07:07:05.338 [pool-3-thread-2] INFO  c.o.j.s.SD02_CatalogPage - Expected text: |Powered by www.mybatis.org|
2024-09-19 07:07:05.338 [pool-3-thread-2] INFO  c.o.j.s.SD02_CatalogPage - Actual text: |Powered by www.mybatis.org|
2024-09-19 07:07:05.338 [pool-3-thread-2] INFO  c.o.j.s.SD02_CatalogPage - The text of the powered by section matched the expected value
2024-09-19 07:07:05.364 [pool-3-thread-3] INFO  c.o.j.s.SD01_Common - The |Header Links| visible on the page
2024-09-19 07:07:05.375 [pool-3-thread-2] INFO  c.o.j.s.SD02_CatalogPage - Expected text: |Hosted by https://octoperf.com|
2024-09-19 07:07:05.375 [pool-3-thread-2] INFO  c.o.j.s.SD02_CatalogPage - Actual text: |Hosted by https://octoperf.com|
2024-09-19 07:07:05.375 [pool-3-thread-2] INFO  c.o.j.s.SD02_CatalogPage - The text of the hosted by section matched the expected value
2024-09-19 07:07:05.410 [pool-3-thread-2] INFO  c.o.j.s.SD02_CatalogPage - Expected text: |Saltwater, Freshwater|
2024-09-19 07:07:05.410 [pool-3-thread-2] INFO  c.o.j.s.SD02_CatalogPage - Actual text: |Saltwater, Freshwater|
2024-09-19 07:07:05.410 [pool-3-thread-2] INFO  c.o.j.s.SD02_CatalogPage - The text of the |Fish| link matched the expected value
2024-09-19 07:07:05.447 [pool-3-thread-2] INFO  c.o.j.s.SD02_CatalogPage - Expected text: |Various Breeds|
2024-09-19 07:07:05.447 [pool-3-thread-2] INFO  c.o.j.s.SD02_CatalogPage - Actual text: |Various Breeds|
2024-09-19 07:07:05.447 [pool-3-thread-2] INFO  c.o.j.s.SD02_CatalogPage - The text of the |Dogs| link matched the expected value
2024-09-19 07:07:05.472 [pool-3-thread-2] INFO  c.o.j.s.SD02_CatalogPage - Expected text: |Various Breeds, Exotic Varieties|
2024-09-19 07:07:05.472 [pool-3-thread-2] INFO  c.o.j.s.SD02_CatalogPage - Actual text: |Various Breeds, Exotic Varieties|
2024-09-19 07:07:05.472 [pool-3-thread-2] INFO  c.o.j.s.SD02_CatalogPage - The text of the |Cats| link matched the expected value
2024-09-19 07:07:05.498 [pool-3-thread-2] INFO  c.o.j.s.SD02_CatalogPage - Expected text: |Lizards, Turtles, Snakes|
2024-09-19 07:07:05.499 [pool-3-thread-2] INFO  c.o.j.s.SD02_CatalogPage - Actual text: |Lizards, Turtles, Snakes|
2024-09-19 07:07:05.499 [pool-3-thread-2] INFO  c.o.j.s.SD02_CatalogPage - The text of the |Reptiles| link matched the expected value
2024-09-19 07:07:05.526 [pool-3-thread-2] INFO  c.o.j.s.SD02_CatalogPage - Expected text: |Exotic Varieties|
2024-09-19 07:07:05.526 [pool-3-thread-2] INFO  c.o.j.s.SD02_CatalogPage - Actual text: |Exotic Varieties|
2024-09-19 07:07:05.526 [pool-3-thread-2] INFO  c.o.j.s.SD02_CatalogPage - The text of the |Birds| link matched the expected value
2024-09-19 07:07:05.530 [pool-3-thread-3] INFO  c.o.j.s.SD01_Common - The |All Headers| visible on the page
2024-09-19 07:07:05.558 [pool-3-thread-2] INFO  c.o.j.s.SD01_Common - Expected attribute value: |Search|
2024-09-19 07:07:05.558 [pool-3-thread-2] INFO  c.o.j.s.SD01_Common - Actual attribute value: |Search|
2024-09-19 07:07:05.558 [pool-3-thread-2] INFO  c.o.j.s.SD01_Common - The |value| value of the |Search Button| matched the expected value
2024-09-19 07:07:05.644 [pool-3-thread-1] INFO  c.o.j.s.Driver - Closed WebDriver instance
2024-09-19 07:07:05.645 [pool-3-thread-1] INFO  c.o.j.s.Hooks - Attached logs to Allure report.
2024-09-19 07:07:05.822 [pool-3-thread-3] INFO  c.o.j.s.SD01_Common - The |All Paragraphs| visible on the page
2024-09-19 07:07:06.806 [pool-3-thread-2] INFO  c.o.j.s.Driver - Closed WebDriver instance
2024-09-19 07:07:06.808 [pool-3-thread-2] INFO  c.o.j.s.Hooks - Attached logs to Allure report.
2024-09-19 07:07:10.675 [pool-3-thread-1] INFO  c.o.j.s.Hooks - Starting scenario execution on Mac OS X
2024-09-19 07:07:10.730 [pool-3-thread-2] INFO  c.o.j.s.Hooks - Starting scenario execution on Mac OS X
2024-09-19 07:07:12.089 [pool-3-thread-3] INFO  c.o.j.s.Driver - Closed WebDriver instance
2024-09-19 07:07:12.096 [pool-3-thread-3] INFO  c.o.j.s.Hooks - Attached logs to Allure report.
2024-09-19 07:07:12.127 [pool-3-thread-3] INFO  c.o.j.s.Hooks - Starting scenario execution on Mac OS X
2024-09-19 07:07:12.494 [pool-3-thread-1] INFO  c.o.j.s.Driver - Initialized WebDriver for headless-edge browser
2024-09-19 07:07:12.559 [pool-3-thread-2] INFO  c.o.j.s.Driver - Initialized WebDriver for headless-edge browser
2024-09-19 07:07:12.805 [pool-3-thread-4] INFO  c.o.j.s.Driver - Closed WebDriver instance
