2024-08-28 07:05:21.919 [pool-3-thread-4] INFO  c.o.j.s.Hooks - Starting scenario execution on Mac OS X
2024-08-28 07:05:21.920 [pool-3-thread-1] INFO  c.o.j.s.Hooks - Starting scenario execution on Mac OS X
2024-08-28 07:05:21.919 [pool-3-thread-3] INFO  c.o.j.s.Hooks - Starting scenario execution on Mac OS X
2024-08-28 07:05:21.921 [pool-3-thread-2] INFO  c.o.j.s.Hooks - Starting scenario execution on Mac OS X
2024-08-28 07:05:51.497 [pool-3-thread-4] ERROR c.o.j.s.Driver - Failed to initialize WebDriver: Unable to obtain: msedgedriver, error Command failed with code: 65, executed: [--browser, MicrosoftEdge, --language-binding, java, --output, json]
Permission denied (os error 13)
Build info: version: '4.23.0', revision: '4df0a231af'
System info: os.name: 'Mac OS X', os.arch: 'aarch64', os.version: '14.6.1', java.version: '11.0.24'
Driver info: driver.version: Driver
2024-08-28 07:05:51.619 [pool-3-thread-3] ERROR c.o.j.s.Driver - Failed to initialize WebDriver: Unable to obtain: msedgedriver, error Command failed with code: 65, executed: [--browser, MicrosoftEdge, --language-binding, java, --output, json]
Permission denied (os error 13)
Build info: version: '4.23.0', revision: '4df0a231af'
System info: os.name: 'Mac OS X', os.arch: 'aarch64', os.version: '14.6.1', java.version: '11.0.24'
Driver info: driver.version: Driver
2024-08-28 07:05:51.622 [pool-3-thread-1] ERROR c.o.j.s.Driver - Failed to initialize WebDriver: Unable to obtain: msedgedriver, error Command failed with code: 65, executed: [--browser, MicrosoftEdge, --language-binding, java, --output, json]
Permission denied (os error 13)
Build info: version: '4.23.0', revision: '4df0a231af'
System info: os.name: 'Mac OS X', os.arch: 'aarch64', os.version: '14.6.1', java.version: '11.0.24'
Driver info: driver.version: Driver
2024-08-28 07:05:54.610 [pool-3-thread-3] ERROR c.o.j.s.Driver - Failed to initialize WebDriver: Could not start a new session. Response code 500. Message: session not created: Microsoft Edge failed to start: exited normally.
  (session not created: DevToolsActivePort file doesn't exist)
  (The process started from msedge location /Users/runner/.cache/selenium/MicrosoftEdge/mac-arm64/128.0.2739.42/Microsoft Edge.app/Contents/MacOS/Microsoft Edge is no longer running, so msedgedriver is assuming that msedge has crashed.) 
Host info: host: 'Mac-1724827383598.local', ip: 'fe80:0:0:0:101b:f78b:1a5c:6ef5%en0'
Build info: version: '4.23.0', revision: '4df0a231af'
System info: os.name: 'Mac OS X', os.arch: 'aarch64', os.version: '14.6.1', java.version: '11.0.24'
Driver info: org.openqa.selenium.edge.EdgeDriver
Command: [null, newSession {capabilities=[Capabilities {browserName: MicrosoftEdge, ms:edgeOptions: {args: [--headless=new], binary: /Users/runner/.cache/seleni..., extensions: []}}]}]
2024-08-28 07:05:54.611 [pool-3-thread-1] ERROR c.o.j.s.Driver - Failed to initialize WebDriver: Could not start a new session. Response code 500. Message: session not created: Microsoft Edge failed to start: exited normally.
  (session not created: DevToolsActivePort file doesn't exist)
  (The process started from msedge location /Users/runner/.cache/selenium/MicrosoftEdge/mac-arm64/128.0.2739.42/Microsoft Edge.app/Contents/MacOS/Microsoft Edge is no longer running, so msedgedriver is assuming that msedge has crashed.) 
Host info: host: 'Mac-1724827383598.local', ip: 'fe80:0:0:0:101b:f78b:1a5c:6ef5%en0'
Build info: version: '4.23.0', revision: '4df0a231af'
System info: os.name: 'Mac OS X', os.arch: 'aarch64', os.version: '14.6.1', java.version: '11.0.24'
Driver info: org.openqa.selenium.edge.EdgeDriver
Command: [null, newSession {capabilities=[Capabilities {browserName: MicrosoftEdge, ms:edgeOptions: {args: [--headless=new], binary: /Users/runner/.cache/seleni..., extensions: []}}]}]
2024-08-28 07:05:54.611 [pool-3-thread-4] ERROR c.o.j.s.Driver - Failed to initialize WebDriver: Could not start a new session. Response code 500. Message: session not created: Microsoft Edge failed to start: exited normally.
  (session not created: DevToolsActivePort file doesn't exist)
  (The process started from msedge location /Users/runner/.cache/selenium/MicrosoftEdge/mac-arm64/128.0.2739.42/Microsoft Edge.app/Contents/MacOS/Microsoft Edge is no longer running, so msedgedriver is assuming that msedge has crashed.) 
Host info: host: 'Mac-1724827383598.local', ip: 'fe80:0:0:0:101b:f78b:1a5c:6ef5%en0'
Build info: version: '4.23.0', revision: '4df0a231af'
System info: os.name: 'Mac OS X', os.arch: 'aarch64', os.version: '14.6.1', java.version: '11.0.24'
Driver info: org.openqa.selenium.edge.EdgeDriver
Command: [null, newSession {capabilities=[Capabilities {browserName: MicrosoftEdge, ms:edgeOptions: {args: [--headless=new], binary: /Users/runner/.cache/seleni..., extensions: []}}]}]
2024-08-28 07:05:54.611 [pool-3-thread-3] ERROR c.o.j.s.Hooks - Failed to take screenshot for scenario: Verify Page Title and URL
java.lang.RuntimeException: Failed to initialize WebDriver
	at com.octoperf.jpetstore6.singletonDriver.Driver.getDriver(Driver.java:75)
	at com.octoperf.jpetstore6.stepDefs.Hooks.takeScreenshot(Hooks.java:66)
	at com.octoperf.jpetstore6.stepDefs.Hooks.tearDown(Hooks.java:49)
	at java.base/jdk.internal.reflect.NativeMethodAccessorImpl.invoke0(Native Method)
	at java.base/jdk.internal.reflect.NativeMethodAccessorImpl.invoke(NativeMethodAccessorImpl.java:62)
	at java.base/jdk.internal.reflect.DelegatingMethodAccessorImpl.invoke(DelegatingMethodAccessorImpl.java:43)
	at java.base/java.lang.reflect.Method.invoke(Method.java:566)
	at io.cucumber.java.Invoker.doInvoke(Invoker.java:66)
	at io.cucumber.java.Invoker.invoke(Invoker.java:24)
	at io.cucumber.java.AbstractGlueDefinition.invokeMethod(AbstractGlueDefinition.java:47)
	at io.cucumber.java.JavaHookDefinition.execute(JavaHookDefinition.java:64)
	at io.cucumber.core.runner.CoreHookDefinition.execute(CoreHookDefinition.java:46)
	at io.cucumber.core.runner.HookDefinitionMatch.runStep(HookDefinitionMatch.java:21)
	at io.cucumber.core.runner.ExecutionMode$1.execute(ExecutionMode.java:10)
	at io.cucumber.core.runner.TestStep.executeStep(TestStep.java:84)
	at io.cucumber.core.runner.TestStep.run(TestStep.java:56)
	at io.cucumber.core.runner.TestCase.run(TestCase.java:90)
	at io.cucumber.core.runner.Runner.runPickle(Runner.java:75)
	at io.cucumber.junit.PickleRunners$NoStepDescriptions.lambda$run$0(PickleRunners.java:151)
	at io.cucumber.core.runtime.CucumberExecutionContext.lambda$runTestCase$5(CucumberExecutionContext.java:137)
	at io.cucumber.core.runtime.RethrowingThrowableCollector.executeAndThrow(RethrowingThrowableCollector.java:23)
	at io.cucumber.core.runtime.CucumberExecutionContext.runTestCase(CucumberExecutionContext.java:137)
	at io.cucumber.junit.PickleRunners$NoStepDescriptions.run(PickleRunners.java:148)
	at io.cucumber.junit.FeatureRunner.runChild(FeatureRunner.java:144)
	at io.cucumber.junit.FeatureRunner.runChild(FeatureRunner.java:28)
	at org.junit.runners.ParentRunner$4.run(ParentRunner.java:331)
	at org.junit.runners.ParentRunner$1.schedule(ParentRunner.java:79)
	at org.junit.runners.ParentRunner.runChildren(ParentRunner.java:329)
	at org.junit.runners.ParentRunner.access$100(ParentRunner.java:66)
	at org.junit.runners.ParentRunner$2.evaluate(ParentRunner.java:293)
	at org.junit.runners.ParentRunner$3.evaluate(ParentRunner.java:306)
	at org.junit.runners.ParentRunner.run(ParentRunner.java:413)
	at io.cucumber.junit.FeatureRunner.run(FeatureRunner.java:137)
	at io.cucumber.junit.Cucumber.runChild(Cucumber.java:196)
	at io.cucumber.junit.Cucumber.runChild(Cucumber.java:89)
	at org.junit.runners.ParentRunner$4.run(ParentRunner.java:331)
	at org.apache.maven.surefire.junitcore.pc.Scheduler$1.run(Scheduler.java:345)
	at java.base/java.util.concurrent.Executors$RunnableAdapter.call(Executors.java:515)
	at java.base/java.util.concurrent.FutureTask.run(FutureTask.java:264)
	at java.base/java.util.concurrent.ThreadPoolExecutor.runWorker(ThreadPoolExecutor.java:1128)
	at java.base/java.util.concurrent.ThreadPoolExecutor$Worker.run(ThreadPoolExecutor.java:628)
	at java.base/java.lang.Thread.run(Thread.java:829)
Caused by: org.openqa.selenium.SessionNotCreatedException: Could not start a new session. Response code 500. Message: session not created: Microsoft Edge failed to start: exited normally.
  (session not created: DevToolsActivePort file doesn't exist)
  (The process started from msedge location /Users/runner/.cache/selenium/MicrosoftEdge/mac-arm64/128.0.2739.42/Microsoft Edge.app/Contents/MacOS/Microsoft Edge is no longer running, so msedgedriver is assuming that msedge has crashed.) 
Host info: host: 'Mac-1724827383598.local', ip: 'fe80:0:0:0:101b:f78b:1a5c:6ef5%en0'
Build info: version: '4.23.0', revision: '4df0a231af'
System info: os.name: 'Mac OS X', os.arch: 'aarch64', os.version: '14.6.1', java.version: '11.0.24'
Driver info: org.openqa.selenium.edge.EdgeDriver
Command: [null, newSession {capabilities=[Capabilities {browserName: MicrosoftEdge, ms:edgeOptions: {args: [--headless=new], binary: /Users/runner/.cache/seleni..., extensions: []}}]}]
	at org.openqa.selenium.remote.ProtocolHandshake.createSession(ProtocolHandshake.java:114)
	at org.openqa.selenium.remote.ProtocolHandshake.createSession(ProtocolHandshake.java:75)
	at org.openqa.selenium.remote.ProtocolHandshake.createSession(ProtocolHandshake.java:61)
	at org.openqa.selenium.remote.HttpCommandExecutor.execute(HttpCommandExecutor.java:162)
	at org.openqa.selenium.remote.service.DriverCommandExecutor.invokeExecute(DriverCommandExecutor.java:216)
	at org.openqa.selenium.remote.service.DriverCommandExecutor.execute(DriverCommandExecutor.java:174)
	at org.openqa.selenium.remote.RemoteWebDriver.execute(RemoteWebDriver.java:527)
	at org.openqa.selenium.remote.RemoteWebDriver.startSession(RemoteWebDriver.java:234)
	at org.openqa.selenium.remote.RemoteWebDriver.<init>(RemoteWebDriver.java:163)
	at org.openqa.selenium.chromium.ChromiumDriver.<init>(ChromiumDriver.java:114)
	at org.openqa.selenium.edge.EdgeDriver.<init>(EdgeDriver.java:60)
	at org.openqa.selenium.edge.EdgeDriver.<init>(EdgeDriver.java:56)
	at org.openqa.selenium.edge.EdgeDriver.<init>(EdgeDriver.java:48)
	at com.octoperf.jpetstore6.singletonDriver.Driver.getDriver(Driver.java:63)
	... 41 common frames omitted
2024-08-28 07:05:54.611 [pool-3-thread-1] ERROR c.o.j.s.Hooks - Failed to take screenshot for scenario: Verify Page Title and URL
java.lang.RuntimeException: Failed to initialize WebDriver
	at com.octoperf.jpetstore6.singletonDriver.Driver.getDriver(Driver.java:75)
	at com.octoperf.jpetstore6.stepDefs.Hooks.takeScreenshot(Hooks.java:66)
	at com.octoperf.jpetstore6.stepDefs.Hooks.tearDown(Hooks.java:49)
	at java.base/jdk.internal.reflect.NativeMethodAccessorImpl.invoke0(Native Method)
	at java.base/jdk.internal.reflect.NativeMethodAccessorImpl.invoke(NativeMethodAccessorImpl.java:62)
	at java.base/jdk.internal.reflect.DelegatingMethodAccessorImpl.invoke(DelegatingMethodAccessorImpl.java:43)
	at java.base/java.lang.reflect.Method.invoke(Method.java:566)
	at io.cucumber.java.Invoker.doInvoke(Invoker.java:66)
	at io.cucumber.java.Invoker.invoke(Invoker.java:24)
	at io.cucumber.java.AbstractGlueDefinition.invokeMethod(AbstractGlueDefinition.java:47)
	at io.cucumber.java.JavaHookDefinition.execute(JavaHookDefinition.java:64)
	at io.cucumber.core.runner.CoreHookDefinition.execute(CoreHookDefinition.java:46)
	at io.cucumber.core.runner.HookDefinitionMatch.runStep(HookDefinitionMatch.java:21)
	at io.cucumber.core.runner.ExecutionMode$1.execute(ExecutionMode.java:10)
	at io.cucumber.core.runner.TestStep.executeStep(TestStep.java:84)
	at io.cucumber.core.runner.TestStep.run(TestStep.java:56)
	at io.cucumber.core.runner.TestCase.run(TestCase.java:90)
	at io.cucumber.core.runner.Runner.runPickle(Runner.java:75)
	at io.cucumber.junit.PickleRunners$NoStepDescriptions.lambda$run$0(PickleRunners.java:151)
	at io.cucumber.core.runtime.CucumberExecutionContext.lambda$runTestCase$5(CucumberExecutionContext.java:137)
	at io.cucumber.core.runtime.RethrowingThrowableCollector.executeAndThrow(RethrowingThrowableCollector.java:23)
	at io.cucumber.core.runtime.CucumberExecutionContext.runTestCase(CucumberExecutionContext.java:137)
	at io.cucumber.junit.PickleRunners$NoStepDescriptions.run(PickleRunners.java:148)
	at io.cucumber.junit.FeatureRunner.runChild(FeatureRunner.java:144)
	at io.cucumber.junit.FeatureRunner.runChild(FeatureRunner.java:28)
	at org.junit.runners.ParentRunner$4.run(ParentRunner.java:331)
	at org.junit.runners.ParentRunner$1.schedule(ParentRunner.java:79)
	at org.junit.runners.ParentRunner.runChildren(ParentRunner.java:329)
	at org.junit.runners.ParentRunner.access$100(ParentRunner.java:66)
	at org.junit.runners.ParentRunner$2.evaluate(ParentRunner.java:293)
	at org.junit.runners.ParentRunner$3.evaluate(ParentRunner.java:306)
	at org.junit.runners.ParentRunner.run(ParentRunner.java:413)
	at io.cucumber.junit.FeatureRunner.run(FeatureRunner.java:137)
	at io.cucumber.junit.Cucumber.runChild(Cucumber.java:196)
	at io.cucumber.junit.Cucumber.runChild(Cucumber.java:89)
	at org.junit.runners.ParentRunner$4.run(ParentRunner.java:331)
	at org.apache.maven.surefire.junitcore.pc.Scheduler$1.run(Scheduler.java:345)
	at java.base/java.util.concurrent.Executors$RunnableAdapter.call(Executors.java:515)
	at java.base/java.util.concurrent.FutureTask.run(FutureTask.java:264)
	at java.base/java.util.concurrent.ThreadPoolExecutor.runWorker(ThreadPoolExecutor.java:1128)
	at java.base/java.util.concurrent.ThreadPoolExecutor$Worker.run(ThreadPoolExecutor.java:628)
	at java.base/java.lang.Thread.run(Thread.java:829)
Caused by: org.openqa.selenium.SessionNotCreatedException: Could not start a new session. Response code 500. Message: session not created: Microsoft Edge failed to start: exited normally.
  (session not created: DevToolsActivePort file doesn't exist)
  (The process started from msedge location /Users/runner/.cache/selenium/MicrosoftEdge/mac-arm64/128.0.2739.42/Microsoft Edge.app/Contents/MacOS/Microsoft Edge is no longer running, so msedgedriver is assuming that msedge has crashed.) 
Host info: host: 'Mac-1724827383598.local', ip: 'fe80:0:0:0:101b:f78b:1a5c:6ef5%en0'
Build info: version: '4.23.0', revision: '4df0a231af'
System info: os.name: 'Mac OS X', os.arch: 'aarch64', os.version: '14.6.1', java.version: '11.0.24'
Driver info: org.openqa.selenium.edge.EdgeDriver
Command: [null, newSession {capabilities=[Capabilities {browserName: MicrosoftEdge, ms:edgeOptions: {args: [--headless=new], binary: /Users/runner/.cache/seleni..., extensions: []}}]}]
	at org.openqa.selenium.remote.ProtocolHandshake.createSession(ProtocolHandshake.java:114)
	at org.openqa.selenium.remote.ProtocolHandshake.createSession(ProtocolHandshake.java:75)
	at org.openqa.selenium.remote.ProtocolHandshake.createSession(ProtocolHandshake.java:61)
	at org.openqa.selenium.remote.HttpCommandExecutor.execute(HttpCommandExecutor.java:162)
	at org.openqa.selenium.remote.service.DriverCommandExecutor.invokeExecute(DriverCommandExecutor.java:216)
	at org.openqa.selenium.remote.service.DriverCommandExecutor.execute(DriverCommandExecutor.java:174)
	at org.openqa.selenium.remote.RemoteWebDriver.execute(RemoteWebDriver.java:527)
	at org.openqa.selenium.remote.RemoteWebDriver.startSession(RemoteWebDriver.java:234)
	at org.openqa.selenium.remote.RemoteWebDriver.<init>(RemoteWebDriver.java:163)
	at org.openqa.selenium.chromium.ChromiumDriver.<init>(ChromiumDriver.java:114)
	at org.openqa.selenium.edge.EdgeDriver.<init>(EdgeDriver.java:60)
	at org.openqa.selenium.edge.EdgeDriver.<init>(EdgeDriver.java:56)
	at org.openqa.selenium.edge.EdgeDriver.<init>(EdgeDriver.java:48)
	at com.octoperf.jpetstore6.singletonDriver.Driver.getDriver(Driver.java:63)
	... 41 common frames omitted
2024-08-28 07:05:54.611 [pool-3-thread-4] ERROR c.o.j.s.Hooks - Failed to take screenshot for scenario: Verify Page Title and URL
java.lang.RuntimeException: Failed to initialize WebDriver
	at com.octoperf.jpetstore6.singletonDriver.Driver.getDriver(Driver.java:75)
	at com.octoperf.jpetstore6.stepDefs.Hooks.takeScreenshot(Hooks.java:66)
	at com.octoperf.jpetstore6.stepDefs.Hooks.tearDown(Hooks.java:49)
	at java.base/jdk.internal.reflect.NativeMethodAccessorImpl.invoke0(Native Method)
	at java.base/jdk.internal.reflect.NativeMethodAccessorImpl.invoke(NativeMethodAccessorImpl.java:62)
	at java.base/jdk.internal.reflect.DelegatingMethodAccessorImpl.invoke(DelegatingMethodAccessorImpl.java:43)
	at java.base/java.lang.reflect.Method.invoke(Method.java:566)
	at io.cucumber.java.Invoker.doInvoke(Invoker.java:66)
	at io.cucumber.java.Invoker.invoke(Invoker.java:24)
	at io.cucumber.java.AbstractGlueDefinition.invokeMethod(AbstractGlueDefinition.java:47)
	at io.cucumber.java.JavaHookDefinition.execute(JavaHookDefinition.java:64)
	at io.cucumber.core.runner.CoreHookDefinition.execute(CoreHookDefinition.java:46)
	at io.cucumber.core.runner.HookDefinitionMatch.runStep(HookDefinitionMatch.java:21)
	at io.cucumber.core.runner.ExecutionMode$1.execute(ExecutionMode.java:10)
	at io.cucumber.core.runner.TestStep.executeStep(TestStep.java:84)
	at io.cucumber.core.runner.TestStep.run(TestStep.java:56)
	at io.cucumber.core.runner.TestCase.run(TestCase.java:90)
	at io.cucumber.core.runner.Runner.runPickle(Runner.java:75)
	at io.cucumber.junit.PickleRunners$NoStepDescriptions.lambda$run$0(PickleRunners.java:151)
	at io.cucumber.core.runtime.CucumberExecutionContext.lambda$runTestCase$5(CucumberExecutionContext.java:137)
	at io.cucumber.core.runtime.RethrowingThrowableCollector.executeAndThrow(RethrowingThrowableCollector.java:23)
	at io.cucumber.core.runtime.CucumberExecutionContext.runTestCase(CucumberExecutionContext.java:137)
	at io.cucumber.junit.PickleRunners$NoStepDescriptions.run(PickleRunners.java:148)
	at io.cucumber.junit.FeatureRunner.runChild(FeatureRunner.java:144)
	at io.cucumber.junit.FeatureRunner.runChild(FeatureRunner.java:28)
	at org.junit.runners.ParentRunner$4.run(ParentRunner.java:331)
	at org.junit.runners.ParentRunner$1.schedule(ParentRunner.java:79)
	at org.junit.runners.ParentRunner.runChildren(ParentRunner.java:329)
	at org.junit.runners.ParentRunner.access$100(ParentRunner.java:66)
	at org.junit.runners.ParentRunner$2.evaluate(ParentRunner.java:293)
	at org.junit.runners.ParentRunner$3.evaluate(ParentRunner.java:306)
	at org.junit.runners.ParentRunner.run(ParentRunner.java:413)
	at io.cucumber.junit.FeatureRunner.run(FeatureRunner.java:137)
	at io.cucumber.junit.Cucumber.runChild(Cucumber.java:196)
	at io.cucumber.junit.Cucumber.runChild(Cucumber.java:89)
	at org.junit.runners.ParentRunner$4.run(ParentRunner.java:331)
	at org.apache.maven.surefire.junitcore.pc.Scheduler$1.run(Scheduler.java:345)
	at java.base/java.util.concurrent.Executors$RunnableAdapter.call(Executors.java:515)
	at java.base/java.util.concurrent.FutureTask.run(FutureTask.java:264)
	at java.base/java.util.concurrent.ThreadPoolExecutor.runWorker(ThreadPoolExecutor.java:1128)
	at java.base/java.util.concurrent.ThreadPoolExecutor$Worker.run(ThreadPoolExecutor.java:628)
	at java.base/java.lang.Thread.run(Thread.java:829)
Caused by: org.openqa.selenium.SessionNotCreatedException: Could not start a new session. Response code 500. Message: session not created: Microsoft Edge failed to start: exited normally.
  (session not created: DevToolsActivePort file doesn't exist)
  (The process started from msedge location /Users/runner/.cache/selenium/MicrosoftEdge/mac-arm64/128.0.2739.42/Microsoft Edge.app/Contents/MacOS/Microsoft Edge is no longer running, so msedgedriver is assuming that msedge has crashed.) 
Host info: host: 'Mac-1724827383598.local', ip: 'fe80:0:0:0:101b:f78b:1a5c:6ef5%en0'
Build info: version: '4.23.0', revision: '4df0a231af'
System info: os.name: 'Mac OS X', os.arch: 'aarch64', os.version: '14.6.1', java.version: '11.0.24'
Driver info: org.openqa.selenium.edge.EdgeDriver
Command: [null, newSession {capabilities=[Capabilities {browserName: MicrosoftEdge, ms:edgeOptions: {args: [--headless=new], binary: /Users/runner/.cache/seleni..., extensions: []}}]}]
	at org.openqa.selenium.remote.ProtocolHandshake.createSession(ProtocolHandshake.java:114)
	at org.openqa.selenium.remote.ProtocolHandshake.createSession(ProtocolHandshake.java:75)
	at org.openqa.selenium.remote.ProtocolHandshake.createSession(ProtocolHandshake.java:61)
	at org.openqa.selenium.remote.HttpCommandExecutor.execute(HttpCommandExecutor.java:162)
	at org.openqa.selenium.remote.service.DriverCommandExecutor.invokeExecute(DriverCommandExecutor.java:216)
	at org.openqa.selenium.remote.service.DriverCommandExecutor.execute(DriverCommandExecutor.java:174)
	at org.openqa.selenium.remote.RemoteWebDriver.execute(RemoteWebDriver.java:527)
	at org.openqa.selenium.remote.RemoteWebDriver.startSession(RemoteWebDriver.java:234)
	at org.openqa.selenium.remote.RemoteWebDriver.<init>(RemoteWebDriver.java:163)
	at org.openqa.selenium.chromium.ChromiumDriver.<init>(ChromiumDriver.java:114)
	at org.openqa.selenium.edge.EdgeDriver.<init>(EdgeDriver.java:60)
	at org.openqa.selenium.edge.EdgeDriver.<init>(EdgeDriver.java:56)
	at org.openqa.selenium.edge.EdgeDriver.<init>(EdgeDriver.java:48)
	at com.octoperf.jpetstore6.singletonDriver.Driver.getDriver(Driver.java:63)
	... 41 common frames omitted
2024-08-28 07:05:54.635 [pool-3-thread-4] INFO  c.o.j.s.Hooks - Attached logs to Allure report.
2024-08-28 07:05:54.641 [pool-3-thread-3] INFO  c.o.j.s.Hooks - Attached logs to Allure report.
2024-08-28 07:05:54.647 [pool-3-thread-1] INFO  c.o.j.s.Hooks - Attached logs to Allure report.
2024-08-28 07:05:57.090 [pool-3-thread-2] INFO  c.o.j.s.Driver - Initialized WebDriver for headless-edge browser
2024-08-28 07:05:59.917 [pool-3-thread-3] INFO  c.o.j.s.Hooks - Starting scenario execution on Mac OS X
2024-08-28 07:05:59.921 [pool-3-thread-1] INFO  c.o.j.s.Hooks - Starting scenario execution on Mac OS X
2024-08-28 07:05:59.921 [pool-3-thread-4] INFO  c.o.j.s.Hooks - Starting scenario execution on Mac OS X
2024-08-28 07:05:59.963 [pool-3-thread-2] INFO  c.o.j.s.SD01_Common - Current page is: |Welcome|
2024-08-28 07:06:00.641 [pool-3-thread-2] INFO  c.o.j.s.SD01_Common - Clicked on the |Enter The Store Link|
2024-08-28 07:06:00.644 [pool-3-thread-2] INFO  c.o.j.s.SD01_Common - Current page is: |Catalog|
2024-08-28 07:06:00.645 [pool-3-thread-2] INFO  c.o.j.s.SD01_Common - Expected page title: |JPetStore Demo|
2024-08-28 07:06:00.645 [pool-3-thread-2] INFO  c.o.j.s.SD01_Common - Expected url: |https://petstore.octoperf.com/actions/Catalog.action|
2024-08-28 07:06:00.655 [pool-3-thread-2] INFO  c.o.j.p.P01_BasePage - Actual Title: |JPetStore Demo|
2024-08-28 07:06:00.655 [pool-3-thread-2] INFO  c.o.j.p.P01_BasePage - Actual Url: |https://petstore.octoperf.com/actions/Catalog.action|
2024-08-28 07:06:00.657 [pool-3-thread-2] INFO  c.o.j.s.SD01_Common - The page title and the URL are as expected.
2024-08-28 07:06:01.639 [pool-3-thread-1] INFO  c.o.j.s.Driver - Initialized WebDriver for headless-edge browser
2024-08-28 07:06:01.666 [pool-3-thread-4] INFO  c.o.j.s.Driver - Initialized WebDriver for headless-edge browser
2024-08-28 07:06:01.720 [pool-3-thread-3] INFO  c.o.j.s.Driver - Initialized WebDriver for headless-edge browser
2024-08-28 07:06:01.880 [pool-3-thread-2] INFO  c.o.j.s.Driver - Closed WebDriver instance
2024-08-28 07:06:01.881 [pool-3-thread-2] INFO  c.o.j.s.Hooks - Attached logs to Allure report.
2024-08-28 07:06:01.897 [pool-3-thread-2] INFO  c.o.j.s.Hooks - Starting scenario execution on Mac OS X
2024-08-28 07:06:03.476 [pool-3-thread-4] INFO  c.o.j.s.SD01_Common - Current page is: |Welcome|
2024-08-28 07:06:03.478 [pool-3-thread-1] INFO  c.o.j.s.SD01_Common - Current page is: |Welcome|
2024-08-28 07:06:03.484 [pool-3-thread-3] INFO  c.o.j.s.SD01_Common - Current page is: |Welcome|
2024-08-28 07:06:03.524 [pool-3-thread-2] INFO  c.o.j.s.Driver - Initialized WebDriver for headless-edge browser
2024-08-28 07:06:03.560 [pool-3-thread-1] INFO  c.o.j.s.SD01_Common - The |Welcome Header| visible on the page
2024-08-28 07:06:03.598 [pool-3-thread-1] INFO  c.o.j.s.SD01_Common - The |Enter The Store Link| visible on the page
2024-08-28 07:06:03.682 [pool-3-thread-1] INFO  c.o.j.s.SD01_Common - The |Copyright Subtitle| visible on the page
2024-08-28 07:06:04.154 [pool-3-thread-3] INFO  c.o.j.s.SD01_Common - Clicked on the |Enter The Store Link|
2024-08-28 07:06:04.155 [pool-3-thread-3] INFO  c.o.j.s.SD01_Common - Current page is: |Catalog|
2024-08-28 07:06:04.188 [pool-3-thread-4] INFO  c.o.j.s.SD01_Common - Clicked on the |Enter The Store Link|
2024-08-28 07:06:04.190 [pool-3-thread-4] INFO  c.o.j.s.SD01_Common - Current page is: |Catalog|
2024-08-28 07:06:04.386 [pool-3-thread-3] INFO  c.o.j.s.SD01_Common - Clicked on the |Help Link|
2024-08-28 07:06:04.450 [pool-3-thread-4] INFO  c.o.j.s.SD01_Common - Clicked on the |Sign-In Link|
2024-08-28 07:06:04.457 [pool-3-thread-4] INFO  c.o.j.s.SD01_Common - Current page is: |SignIn|
2024-08-28 07:06:04.561 [pool-3-thread-2] INFO  c.o.j.s.SD01_Common - Current page is: |Welcome|
2024-08-28 07:06:04.658 [pool-3-thread-3] INFO  c.o.j.s.SD01_Common - Current page is: |Help|
2024-08-28 07:06:04.686 [pool-3-thread-3] INFO  c.o.j.s.SD01_Common - The |Copyright Subtitle| visible on the page
2024-08-28 07:06:04.809 [pool-3-thread-4] INFO  c.o.j.s.SD01_Common - Clicked on the |Register Now Link|
2024-08-28 07:06:04.828 [pool-3-thread-3] INFO  c.o.j.s.SD01_Common - The |Header Links| visible on the page
2024-08-28 07:06:04.858 [pool-3-thread-4] INFO  c.o.j.s.SD01_Common - Current page is: |Registration|
2024-08-28 07:06:04.890 [pool-3-thread-4] INFO  c.o.j.s.SD01_Common - The |User Id Input Box| visible on the page
2024-08-28 07:06:04.924 [pool-3-thread-4] INFO  c.o.j.s.SD01_Common - The |New Password Input Box| visible on the page
2024-08-28 07:06:04.967 [pool-3-thread-4] INFO  c.o.j.s.SD01_Common - The |Repeat Password Input Box| visible on the page
2024-08-28 07:06:05.020 [pool-3-thread-1] INFO  c.o.j.s.Driver - Closed WebDriver instance
2024-08-28 07:06:05.021 [pool-3-thread-1] INFO  c.o.j.s.Hooks - Attached logs to Allure report.
2024-08-28 07:06:05.042 [pool-3-thread-4] INFO  c.o.j.s.SD01_Common - The |Firstname Input Box| visible on the page
2024-08-28 07:06:05.073 [pool-3-thread-4] INFO  c.o.j.s.SD01_Common - The |Lastname Input Box| visible on the page
2024-08-28 07:06:05.098 [pool-3-thread-4] INFO  c.o.j.s.SD01_Common - The |Email Input Box| visible on the page
2024-08-28 07:06:05.107 [pool-3-thread-3] INFO  c.o.j.s.SD01_Common - The |All Headers| visible on the page
2024-08-28 07:06:05.117 [pool-3-thread-4] INFO  c.o.j.s.SD01_Common - The |Phone Input Box| visible on the page
2024-08-28 07:06:05.146 [pool-3-thread-4] INFO  c.o.j.s.SD01_Common - The |Address1 Input Box| visible on the page
2024-08-28 07:06:05.172 [pool-3-thread-4] INFO  c.o.j.s.SD01_Common - The |Address2 Input Box| visible on the page
2024-08-28 07:06:05.190 [pool-3-thread-4] INFO  c.o.j.s.SD01_Common - The |City Input Box| visible on the page
2024-08-28 07:06:05.207 [pool-3-thread-4] INFO  c.o.j.s.SD01_Common - The |State Input Box| visible on the page
2024-08-28 07:06:05.242 [pool-3-thread-4] INFO  c.o.j.s.SD01_Common - The |Zip Input Box| visible on the page
2024-08-28 07:06:05.268 [pool-3-thread-4] INFO  c.o.j.s.SD01_Common - The |Country Input Box| visible on the page
2024-08-28 07:06:05.291 [pool-3-thread-3] INFO  c.o.j.s.SD01_Common - The |All Paragraphs| visible on the page
2024-08-28 07:06:05.299 [pool-3-thread-4] INFO  c.o.j.s.SD01_Common - The |Language Preference Dropdown| visible on the page
2024-08-28 07:06:05.325 [pool-3-thread-4] INFO  c.o.j.s.SD01_Common - The |Favourite Category Dropdown| visible on the page
2024-08-28 07:06:05.344 [pool-3-thread-2] INFO  c.o.j.s.SD01_Common - Clicked on the |Enter The Store Link|
2024-08-28 07:06:05.346 [pool-3-thread-4] INFO  c.o.j.s.SD01_Common - The |Enable My List Checkbox| visible on the page
2024-08-28 07:06:05.365 [pool-3-thread-4] INFO  c.o.j.s.SD01_Common - The |Enable My Banner Checkbox| visible on the page
2024-08-28 07:06:05.382 [pool-3-thread-4] INFO  c.o.j.s.SD01_Common - The |Save Account Information Button| visible on the page
2024-08-28 07:06:05.398 [pool-3-thread-4] INFO  c.o.j.s.SD01_Common - The |User Information Header| visible on the page
2024-08-28 07:06:05.416 [pool-3-thread-4] INFO  c.o.j.s.SD01_Common - The |Account Information Header| visible on the page
2024-08-28 07:06:05.435 [pool-3-thread-4] INFO  c.o.j.s.SD01_Common - The |Profile Information Header| visible on the page
2024-08-28 07:06:10.042 [pool-3-thread-1] INFO  c.o.j.s.Hooks - Starting scenario execution on Mac OS X
2024-08-28 07:06:10.043 [pool-3-thread-2] INFO  c.o.j.s.SD01_Common - Current page is: |Catalog|
2024-08-28 07:06:10.129 [pool-3-thread-2] INFO  c.o.j.s.SD01_Common - The |Logo Image| visible on the page
2024-08-28 07:06:10.149 [pool-3-thread-2] INFO  c.o.j.s.SD01_Common - The |Cart Image| visible on the page
2024-08-28 07:06:10.182 [pool-3-thread-2] INFO  c.o.j.s.SD01_Common - The |Sign-In Link| visible on the page
2024-08-28 07:06:10.200 [pool-3-thread-2] INFO  c.o.j.s.SD01_Common - The |Help Link| visible on the page
2024-08-28 07:06:10.220 [pool-3-thread-2] INFO  c.o.j.s.SD01_Common - The |Search Input Box| visible on the page
2024-08-28 07:06:10.247 [pool-3-thread-2] INFO  c.o.j.s.SD01_Common - The |Search Button| visible on the page
2024-08-28 07:06:10.314 [pool-3-thread-2] INFO  c.o.j.s.SD01_Common - The |OctoPerf Link In The CTA Section| visible on the page
2024-08-28 07:06:10.333 [pool-3-thread-2] INFO  c.o.j.s.SD01_Common - The |OctoPerf Link In The PoweredBy Section| visible on the page
2024-08-28 07:06:10.352 [pool-3-thread-2] INFO  c.o.j.s.SD01_Common - The |MyBatis Link In The PoweredBy Section| visible on the page
2024-08-28 07:06:10.430 [pool-3-thread-2] INFO  c.o.j.s.SD01_Common - The |Main Image| visible on the page
2024-08-28 07:06:10.531 [pool-3-thread-2] INFO  c.o.j.s.SD01_Common - The |Separator Images In The Menu Content Section| visible on the page
2024-08-28 07:06:10.592 [pool-3-thread-2] INFO  c.o.j.s.SD01_Common - The |Category Images In The Quick Links Section| visible on the page
2024-08-28 07:06:10.653 [pool-3-thread-2] INFO  c.o.j.s.SD01_Common - The |Separator Images In The Quick Links Section| visible on the page
2024-08-28 07:06:10.703 [pool-3-thread-2] INFO  c.o.j.s.SD01_Common - The |Sidebar Images| visible on the page
2024-08-28 07:06:10.865 [pool-3-thread-1] INFO  c.o.j.s.Driver - Initialized WebDriver for headless-edge browser
2024-08-28 07:06:11.398 [pool-3-thread-4] INFO  c.o.j.s.Driver - Closed WebDriver instance
2024-08-28 07:06:11.399 [pool-3-thread-4] INFO  c.o.j.s.Hooks - Attached logs to Allure report.
2024-08-28 07:06:11.425 [pool-3-thread-4] INFO  c.o.j.s.Hooks - Starting scenario execution on Mac OS X
2024-08-28 07:06:11.524 [pool-3-thread-1] INFO  c.o.j.s.SD01_Common - Current page is: |Welcome|
2024-08-28 07:06:11.553 [pool-3-thread-1] INFO  c.o.j.s.SD01_Common - Expected text: |Welcome to JPetStore 6|
2024-08-28 07:06:11.554 [pool-3-thread-1] INFO  c.o.j.s.SD01_Common - Actual text: |Welcome to JPetStore 6|
2024-08-28 07:06:11.554 [pool-3-thread-1] INFO  c.o.j.s.SD01_Common - The text of the |Welcome Header| matched the expected value
2024-08-28 07:06:11.575 [pool-3-thread-1] INFO  c.o.j.s.SD01_Common - Expected text: |Enter the Store|
2024-08-28 07:06:11.575 [pool-3-thread-1] INFO  c.o.j.s.SD01_Common - Actual text: |Enter the Store|
2024-08-28 07:06:11.575 [pool-3-thread-1] INFO  c.o.j.s.SD01_Common - The text of the |Enter The Store Link| matched the expected value
2024-08-28 07:06:11.602 [pool-3-thread-1] INFO  c.o.j.s.SD01_Common - Expected text: |Copyright www.mybatis.org|
2024-08-28 07:06:11.602 [pool-3-thread-1] INFO  c.o.j.s.SD01_Common - Actual text: |Copyright www.mybatis.org|
2024-08-28 07:06:11.602 [pool-3-thread-1] INFO  c.o.j.s.SD01_Common - The text of the |Copyright Subtitle| matched the expected value
2024-08-28 07:06:11.976 [pool-3-thread-2] INFO  c.o.j.s.Driver - Closed WebDriver instance
2024-08-28 07:06:11.977 [pool-3-thread-2] INFO  c.o.j.s.Hooks - Attached logs to Allure report.
2024-08-28 07:06:11.990 [pool-3-thread-2] INFO  c.o.j.s.Hooks - Starting scenario execution on Mac OS X
2024-08-28 07:06:12.138 [pool-3-thread-4] INFO  c.o.j.s.Driver - Initialized WebDriver for headless-edge browser
2024-08-28 07:06:12.647 [pool-3-thread-2] INFO  c.o.j.s.Driver - Initialized WebDriver for headless-edge browser
2024-08-28 07:06:12.801 [pool-3-thread-4] INFO  c.o.j.s.SD01_Common - Current page is: |Welcome|
2024-08-28 07:06:12.862 [pool-3-thread-1] INFO  c.o.j.s.Driver - Closed WebDriver instance
2024-08-28 07:06:12.863 [pool-3-thread-1] INFO  c.o.j.s.Hooks - Attached logs to Allure report.
2024-08-28 07:06:12.872 [pool-3-thread-1] INFO  c.o.j.s.Hooks - Starting scenario execution on Mac OS X
2024-08-28 07:06:13.263 [pool-3-thread-2] INFO  c.o.j.s.SD01_Common - Current page is: |Welcome|
2024-08-28 07:06:13.386 [pool-3-thread-4] INFO  c.o.j.s.SD01_Common - Clicked on the |Enter The Store Link|
2024-08-28 07:06:13.387 [pool-3-thread-4] INFO  c.o.j.s.SD01_Common - Current page is: |Catalog|
2024-08-28 07:06:13.715 [pool-3-thread-4] INFO  c.o.j.s.SD01_Common - Clicked on the |Sign-In Link|
2024-08-28 07:06:13.717 [pool-3-thread-4] INFO  c.o.j.s.SD01_Common - Current page is: |SignIn|
2024-08-28 07:06:13.864 [pool-3-thread-2] INFO  c.o.j.s.SD01_Common - Clicked on the |Enter The Store Link|
2024-08-28 07:06:13.866 [pool-3-thread-2] INFO  c.o.j.s.SD01_Common - Current page is: |Catalog|
2024-08-28 07:06:13.897 [pool-3-thread-1] INFO  c.o.j.s.Driver - Initialized WebDriver for headless-edge browser
2024-08-28 07:06:13.901 [pool-3-thread-2] INFO  c.o.j.s.SD01_Common - Expected text: |Sign In|
2024-08-28 07:06:13.901 [pool-3-thread-2] INFO  c.o.j.s.SD01_Common - Actual text: |Sign In|
2024-08-28 07:06:13.901 [pool-3-thread-2] INFO  c.o.j.s.SD01_Common - The text of the |Sign-In link| matched the expected value
2024-08-28 07:06:13.935 [pool-3-thread-2] INFO  c.o.j.s.SD01_Common - Expected text: |?|
2024-08-28 07:06:13.935 [pool-3-thread-2] INFO  c.o.j.s.SD01_Common - Actual text: |?|
2024-08-28 07:06:13.935 [pool-3-thread-2] INFO  c.o.j.s.SD01_Common - The text of the |Help Link| matched the expected value
2024-08-28 07:06:13.957 [pool-3-thread-2] INFO  c.o.j.s.SD01_Common - Expected text: |Elevate you load-testing with OctoPerf!|
2024-08-28 07:06:13.957 [pool-3-thread-2] INFO  c.o.j.s.SD01_Common - Actual text: |Elevate you load-testing with OctoPerf!|
2024-08-28 07:06:13.957 [pool-3-thread-2] INFO  c.o.j.s.SD01_Common - The text of the |CTA Section| matched the expected value
2024-08-28 07:06:13.974 [pool-3-thread-2] INFO  c.o.j.s.SD01_Common - Expected text: |OctoPerf|
2024-08-28 07:06:13.974 [pool-3-thread-2] INFO  c.o.j.s.SD01_Common - Actual text: |OctoPerf|
2024-08-28 07:06:13.974 [pool-3-thread-2] INFO  c.o.j.s.SD01_Common - The text of the |OctoPerf Link In The CTA Section| matched the expected value
2024-08-28 07:06:13.991 [pool-3-thread-2] INFO  c.o.j.s.SD01_Common - Expected text: |https://octoperf.com|
2024-08-28 07:06:13.991 [pool-3-thread-2] INFO  c.o.j.s.SD01_Common - Actual text: |https://octoperf.com|
2024-08-28 07:06:13.991 [pool-3-thread-2] INFO  c.o.j.s.SD01_Common - The text of the |OctoPerf Link In The PoweredBy Section| matched the expected value
2024-08-28 07:06:14.023 [pool-3-thread-2] INFO  c.o.j.s.SD01_Common - Expected text: |www.mybatis.org|
2024-08-28 07:06:14.023 [pool-3-thread-2] INFO  c.o.j.s.SD01_Common - Actual text: |www.mybatis.org|
2024-08-28 07:06:14.023 [pool-3-thread-2] INFO  c.o.j.s.SD01_Common - The text of the |MyBatis Link In The PoweredBy Section| matched the expected value
2024-08-28 07:06:14.060 [pool-3-thread-2] INFO  c.o.j.s.SD02_CatalogPage - Expected text: |Powered by www.mybatis.org|
2024-08-28 07:06:14.060 [pool-3-thread-2] INFO  c.o.j.s.SD02_CatalogPage - Actual text: |Powered by www.mybatis.org|
2024-08-28 07:06:14.060 [pool-3-thread-2] INFO  c.o.j.s.SD02_CatalogPage - The text of the powered by section matched the expected value
2024-08-28 07:06:14.061 [pool-3-thread-4] INFO  c.o.j.s.SD01_Common - Clicked on the |Register Now Link|
2024-08-28 07:06:14.086 [pool-3-thread-2] INFO  c.o.j.s.SD02_CatalogPage - Expected text: |Hosted by https://octoperf.com|
2024-08-28 07:06:14.086 [pool-3-thread-2] INFO  c.o.j.s.SD02_CatalogPage - Actual text: |Hosted by https://octoperf.com|
2024-08-28 07:06:14.086 [pool-3-thread-2] INFO  c.o.j.s.SD02_CatalogPage - The text of the hosted by section matched the expected value
2024-08-28 07:06:14.099 [pool-3-thread-4] INFO  c.o.j.s.SD01_Common - Current page is: |Registration|
2024-08-28 07:06:14.107 [pool-3-thread-2] INFO  c.o.j.s.SD02_CatalogPage - Expected text: |Saltwater, Freshwater|
2024-08-28 07:06:14.107 [pool-3-thread-2] INFO  c.o.j.s.SD02_CatalogPage - Actual text: |Saltwater, Freshwater|
2024-08-28 07:06:14.107 [pool-3-thread-2] INFO  c.o.j.s.SD02_CatalogPage - The text of the |Fish| link matched the expected value
2024-08-28 07:06:14.124 [pool-3-thread-4] INFO  c.o.j.s.SD01_Common - Expected text: |User Information|
2024-08-28 07:06:14.124 [pool-3-thread-4] INFO  c.o.j.s.SD01_Common - Actual text: |User Information|
2024-08-28 07:06:14.124 [pool-3-thread-4] INFO  c.o.j.s.SD01_Common - The text of the |User Information Header| matched the expected value
2024-08-28 07:06:14.124 [pool-3-thread-2] INFO  c.o.j.s.SD02_CatalogPage - Expected text: |Various Breeds|
2024-08-28 07:06:14.125 [pool-3-thread-2] INFO  c.o.j.s.SD02_CatalogPage - Actual text: |Various Breeds|
2024-08-28 07:06:14.125 [pool-3-thread-2] INFO  c.o.j.s.SD02_CatalogPage - The text of the |Dogs| link matched the expected value
2024-08-28 07:06:14.140 [pool-3-thread-2] INFO  c.o.j.s.SD02_CatalogPage - Expected text: |Various Breeds, Exotic Varieties|
2024-08-28 07:06:14.141 [pool-3-thread-2] INFO  c.o.j.s.SD02_CatalogPage - Actual text: |Various Breeds, Exotic Varieties|
2024-08-28 07:06:14.141 [pool-3-thread-2] INFO  c.o.j.s.SD02_CatalogPage - The text of the |Cats| link matched the expected value
2024-08-28 07:06:14.143 [pool-3-thread-4] INFO  c.o.j.s.SD01_Common - Expected text: |Account Information|
2024-08-28 07:06:14.143 [pool-3-thread-4] INFO  c.o.j.s.SD01_Common - Actual text: |Account Information|
2024-08-28 07:06:14.143 [pool-3-thread-4] INFO  c.o.j.s.SD01_Common - The text of the |Account Information Header| matched the expected value
2024-08-28 07:06:14.157 [pool-3-thread-2] INFO  c.o.j.s.SD02_CatalogPage - Expected text: |Lizards, Turtles, Snakes|
2024-08-28 07:06:14.158 [pool-3-thread-2] INFO  c.o.j.s.SD02_CatalogPage - Actual text: |Lizards, Turtles, Snakes|
2024-08-28 07:06:14.158 [pool-3-thread-2] INFO  c.o.j.s.SD02_CatalogPage - The text of the |Reptiles| link matched the expected value
2024-08-28 07:06:14.161 [pool-3-thread-4] INFO  c.o.j.s.SD01_Common - Expected text: |Profile Information|
2024-08-28 07:06:14.161 [pool-3-thread-4] INFO  c.o.j.s.SD01_Common - Actual text: |Profile Information|
2024-08-28 07:06:14.161 [pool-3-thread-4] INFO  c.o.j.s.SD01_Common - The text of the |Profile Information Header| matched the expected value
2024-08-28 07:06:14.173 [pool-3-thread-2] INFO  c.o.j.s.SD02_CatalogPage - Expected text: |Exotic Varieties|
2024-08-28 07:06:14.173 [pool-3-thread-2] INFO  c.o.j.s.SD02_CatalogPage - Actual text: |Exotic Varieties|
2024-08-28 07:06:14.173 [pool-3-thread-2] INFO  c.o.j.s.SD02_CatalogPage - The text of the |Birds| link matched the expected value
2024-08-28 07:06:14.183 [pool-3-thread-4] INFO  c.o.j.s.SD01_Common - Expected attribute value: |Save Account Information|
2024-08-28 07:06:14.183 [pool-3-thread-4] INFO  c.o.j.s.SD01_Common - Actual attribute value: |Save Account Information|
2024-08-28 07:06:14.184 [pool-3-thread-4] INFO  c.o.j.s.SD01_Common - The |value| value of the |Save Account Information Button| matched the expected value
2024-08-28 07:06:14.197 [pool-3-thread-2] INFO  c.o.j.s.SD01_Common - Expected attribute value: |Search|
2024-08-28 07:06:14.198 [pool-3-thread-2] INFO  c.o.j.s.SD01_Common - Actual attribute value: |Search|
2024-08-28 07:06:14.198 [pool-3-thread-2] INFO  c.o.j.s.SD01_Common - The |value| value of the |Search Button| matched the expected value
2024-08-28 07:06:14.266 [pool-3-thread-4] INFO  c.o.j.s.SD03_RegistrationPage - Expected first selected option text: |english|
2024-08-28 07:06:14.266 [pool-3-thread-4] INFO  c.o.j.s.SD03_RegistrationPage - Actual first selected option text: |english|
2024-08-28 07:06:14.266 [pool-3-thread-4] INFO  c.o.j.s.SD03_RegistrationPage - The first selected option text of the |Language Preference Dropdown| matched the expected value
2024-08-28 07:06:14.304 [pool-3-thread-4] INFO  c.o.j.s.SD03_RegistrationPage - Expected first selected option text: |FISH|
2024-08-28 07:06:14.304 [pool-3-thread-4] INFO  c.o.j.s.SD03_RegistrationPage - Actual first selected option text: |FISH|
2024-08-28 07:06:14.304 [pool-3-thread-4] INFO  c.o.j.s.SD03_RegistrationPage - The first selected option text of the |Favourite Category Dropdown| matched the expected value
2024-08-28 07:06:14.341 [pool-3-thread-4] INFO  c.o.j.s.SD03_RegistrationPage - Expected all options texts: |[english, japanese]|
2024-08-28 07:06:14.341 [pool-3-thread-4] INFO  c.o.j.s.SD03_RegistrationPage - Actual all options texts: |[english, japanese]|
2024-08-28 07:06:14.341 [pool-3-thread-4] INFO  c.o.j.s.SD03_RegistrationPage - All options texts of the |Language Preference Dropdown| matched the expected values
2024-08-28 07:06:14.408 [pool-3-thread-4] INFO  c.o.j.s.SD03_RegistrationPage - Expected all options texts: |[FISH, DOGS, REPTILES, CATS, BIRDS]|
2024-08-28 07:06:14.408 [pool-3-thread-4] INFO  c.o.j.s.SD03_RegistrationPage - Actual all options texts: |[FISH, DOGS, REPTILES, CATS, BIRDS]|
2024-08-28 07:06:14.408 [pool-3-thread-4] INFO  c.o.j.s.SD03_RegistrationPage - All options texts of the |Favourite Category Dropdown| matched the expected values
2024-08-28 07:06:14.450 [pool-3-thread-4] INFO  c.o.j.s.SD01_Common - Expected texts: |[User ID:, New password:, Repeat password:]|
2024-08-28 07:06:14.450 [pool-3-thread-4] INFO  c.o.j.s.SD01_Common - Actual texts: |[User ID:, New password:, Repeat password:]|
2024-08-28 07:06:14.450 [pool-3-thread-4] INFO  c.o.j.s.SD01_Common - The texts of the |User Information Input Box Names| matched the expected values
2024-08-28 07:06:14.517 [pool-3-thread-4] INFO  c.o.j.s.SD01_Common - Expected texts: |[First name:, Last name:, Email:, Phone:, Address 1:, Address 2:, City:, State:, Zip:, Country:]|
2024-08-28 07:06:14.517 [pool-3-thread-4] INFO  c.o.j.s.SD01_Common - Actual texts: |[First name:, Last name:, Email:, Phone:, Address 1:, Address 2:, City:, State:, Zip:, Country:]|
2024-08-28 07:06:14.517 [pool-3-thread-4] INFO  c.o.j.s.SD01_Common - The texts of the |Account Information Input Box Names| matched the expected values
2024-08-28 07:06:14.546 [pool-3-thread-4] INFO  c.o.j.s.SD01_Common - Expected texts: |[Language Preference:, Favourite Category:, Enable MyList, Enable MyBanner]|
2024-08-28 07:06:14.547 [pool-3-thread-4] INFO  c.o.j.s.SD01_Common - Actual texts: |[Language Preference:, Favourite Category:, Enable MyList, Enable MyBanner]|
2024-08-28 07:06:14.547 [pool-3-thread-4] INFO  c.o.j.s.SD01_Common - The texts of the |Profile Information Dropdown And Checkbox Names| matched the expected values
2024-08-28 07:06:14.572 [pool-3-thread-1] INFO  c.o.j.s.SD01_Common - Current page is: |Welcome|
2024-08-28 07:06:14.575 [pool-3-thread-4] INFO  c.o.j.s.SD03_RegistrationPage - Expected status: |unchecked|
2024-08-28 07:06:14.575 [pool-3-thread-4] INFO  c.o.j.s.SD03_RegistrationPage - Actual status: |unchecked|
2024-08-28 07:06:14.575 [pool-3-thread-4] INFO  c.o.j.s.SD03_RegistrationPage - The status of the |enable my list checkbox| matched the expected value
2024-08-28 07:06:14.591 [pool-3-thread-4] INFO  c.o.j.s.SD03_RegistrationPage - Expected status: |unchecked|
2024-08-28 07:06:14.591 [pool-3-thread-4] INFO  c.o.j.s.SD03_RegistrationPage - Actual status: |unchecked|
2024-08-28 07:06:14.591 [pool-3-thread-4] INFO  c.o.j.s.SD03_RegistrationPage - The status of the |enable my banner checkbox| matched the expected value
2024-08-28 07:06:14.607 [pool-3-thread-1] INFO  c.o.j.s.SD01_Common - Expected attribute value: |https://petstore.octoperf.com/actions/Catalog.action|
2024-08-28 07:06:14.607 [pool-3-thread-1] INFO  c.o.j.s.SD01_Common - Actual attribute value: |https://petstore.octoperf.com/actions/Catalog.action|
2024-08-28 07:06:14.607 [pool-3-thread-1] INFO  c.o.j.s.SD01_Common - The |href| value of the |Enter The Store Link| matched the expected value
2024-08-28 07:06:15.541 [pool-3-thread-2] INFO  c.o.j.s.Driver - Closed WebDriver instance
