2024-09-01 07:05:08.562 [pool-3-thread-4] INFO  c.o.j.s.Hooks - Starting scenario execution on Mac OS X
2024-09-01 07:05:08.565 [pool-3-thread-2] INFO  c.o.j.s.Hooks - Starting scenario execution on Mac OS X
2024-09-01 07:05:08.567 [pool-3-thread-3] INFO  c.o.j.s.Hooks - Starting scenario execution on Mac OS X
2024-09-01 07:05:08.567 [pool-3-thread-1] INFO  c.o.j.s.Hooks - Starting scenario execution on Mac OS X
2024-09-01 07:05:41.673 [pool-3-thread-4] ERROR c.o.j.s.Driver - Failed to initialize WebDriver: Unable to obtain: msedgedriver, error Command failed with code: 65, executed: [--browser, MicrosoftEdge, --language-binding, java, --output, json]
Permission denied (os error 13)
Build info: version: '4.23.0', revision: '4df0a231af'
System info: os.name: 'Mac OS X', os.arch: 'aarch64', os.version: '14.6.1', java.version: '11.0.24'
Driver info: driver.version: Driver
2024-09-01 07:05:41.714 [pool-3-thread-2] ERROR c.o.j.s.Driver - Failed to initialize WebDriver: Unable to obtain: msedgedriver, error Command failed with code: 65, executed: [--browser, MicrosoftEdge, --language-binding, java, --output, json]
Permission denied (os error 13)
Build info: version: '4.23.0', revision: '4df0a231af'
System info: os.name: 'Mac OS X', os.arch: 'aarch64', os.version: '14.6.1', java.version: '11.0.24'
Driver info: driver.version: Driver
2024-09-01 07:05:41.892 [pool-3-thread-1] ERROR c.o.j.s.Driver - Failed to initialize WebDriver: Unable to obtain: msedgedriver, error Command failed with code: 65, executed: [--browser, MicrosoftEdge, --language-binding, java, --output, json]
Permission denied (os error 13)
Build info: version: '4.23.0', revision: '4df0a231af'
System info: os.name: 'Mac OS X', os.arch: 'aarch64', os.version: '14.6.1', java.version: '11.0.24'
Driver info: driver.version: Driver
2024-09-01 07:05:45.038 [pool-3-thread-4] ERROR c.o.j.s.Driver - Failed to initialize WebDriver: Could not start a new session. Response code 500. Message: session not created: Microsoft Edge failed to start: exited normally.
  (session not created: DevToolsActivePort file doesn't exist)
  (The process started from msedge location /Users/runner/.cache/selenium/MicrosoftEdge/mac-arm64/128.0.2739.54/Microsoft Edge.app/Contents/MacOS/Microsoft Edge is no longer running, so msedgedriver is assuming that msedge has crashed.) 
Host info: host: 'Mac-1725172973192.local', ip: 'fe80:0:0:0:ce0:6d13:676f:ec72%en0'
Build info: version: '4.23.0', revision: '4df0a231af'
System info: os.name: 'Mac OS X', os.arch: 'aarch64', os.version: '14.6.1', java.version: '11.0.24'
Driver info: org.openqa.selenium.edge.EdgeDriver
Command: [null, newSession {capabilities=[Capabilities {browserName: MicrosoftEdge, ms:edgeOptions: {args: [--headless=new], binary: /Users/runner/.cache/seleni..., extensions: []}}]}]
2024-09-01 07:05:45.039 [pool-3-thread-1] ERROR c.o.j.s.Driver - Failed to initialize WebDriver: Could not start a new session. Response code 500. Message: session not created: Microsoft Edge failed to start: exited normally.
  (session not created: DevToolsActivePort file doesn't exist)
  (The process started from msedge location /Users/runner/.cache/selenium/MicrosoftEdge/mac-arm64/128.0.2739.54/Microsoft Edge.app/Contents/MacOS/Microsoft Edge is no longer running, so msedgedriver is assuming that msedge has crashed.) 
Host info: host: 'Mac-1725172973192.local', ip: 'fe80:0:0:0:ce0:6d13:676f:ec72%en0'
Build info: version: '4.23.0', revision: '4df0a231af'
System info: os.name: 'Mac OS X', os.arch: 'aarch64', os.version: '14.6.1', java.version: '11.0.24'
Driver info: org.openqa.selenium.edge.EdgeDriver
Command: [null, newSession {capabilities=[Capabilities {browserName: MicrosoftEdge, ms:edgeOptions: {args: [--headless=new], binary: /Users/runner/.cache/seleni..., extensions: []}}]}]
2024-09-01 07:05:45.039 [pool-3-thread-1] ERROR c.o.j.s.Hooks - Failed to take screenshot for scenario: Verify Page Title and URL
java.lang.RuntimeException: Failed to initialize WebDriver
	at com.octoperf.jpetstore6.singletonDriver.Driver.getDriver(Driver.java:75)
	at com.octoperf.jpetstore6.stepDefs.Hooks.takeScreenshot(Hooks.java:66)
	at com.octoperf.jpetstore6.stepDefs.Hooks.tearDown(Hooks.java:49)
	at java.base/jdk.internal.reflect.NativeMethodAccessorImpl.invoke0(Native Method)
	at java.base/jdk.internal.reflect.NativeMethodAccessorImpl.invoke(NativeMethodAccessorImpl.java:62)
	at java.base/jdk.internal.reflect.DelegatingMethodAccessorImpl.invoke(DelegatingMethodAccessorImpl.java:43)
	at java.base/java.lang.reflect.Method.invoke(Method.java:566)
	at io.cucumber.java.Invoker.doInvoke(Invoker.java:66)
	at io.cucumber.java.Invoker.invoke(Invoker.java:24)
	at io.cucumber.java.AbstractGlueDefinition.invokeMethod(AbstractGlueDefinition.java:47)
	at io.cucumber.java.JavaHookDefinition.execute(JavaHookDefinition.java:64)
	at io.cucumber.core.runner.CoreHookDefinition.execute(CoreHookDefinition.java:46)
	at io.cucumber.core.runner.HookDefinitionMatch.runStep(HookDefinitionMatch.java:21)
	at io.cucumber.core.runner.ExecutionMode$1.execute(ExecutionMode.java:10)
	at io.cucumber.core.runner.TestStep.executeStep(TestStep.java:84)
	at io.cucumber.core.runner.TestStep.run(TestStep.java:56)
	at io.cucumber.core.runner.TestCase.run(TestCase.java:90)
	at io.cucumber.core.runner.Runner.runPickle(Runner.java:75)
	at io.cucumber.junit.PickleRunners$NoStepDescriptions.lambda$run$0(PickleRunners.java:151)
	at io.cucumber.core.runtime.CucumberExecutionContext.lambda$runTestCase$5(CucumberExecutionContext.java:137)
	at io.cucumber.core.runtime.RethrowingThrowableCollector.executeAndThrow(RethrowingThrowableCollector.java:23)
	at io.cucumber.core.runtime.CucumberExecutionContext.runTestCase(CucumberExecutionContext.java:137)
	at io.cucumber.junit.PickleRunners$NoStepDescriptions.run(PickleRunners.java:148)
	at io.cucumber.junit.FeatureRunner.runChild(FeatureRunner.java:144)
	at io.cucumber.junit.FeatureRunner.runChild(FeatureRunner.java:28)
	at org.junit.runners.ParentRunner$4.run(ParentRunner.java:331)
	at org.junit.runners.ParentRunner$1.schedule(ParentRunner.java:79)
	at org.junit.runners.ParentRunner.runChildren(ParentRunner.java:329)
	at org.junit.runners.ParentRunner.access$100(ParentRunner.java:66)
	at org.junit.runners.ParentRunner$2.evaluate(ParentRunner.java:293)
	at org.junit.runners.ParentRunner$3.evaluate(ParentRunner.java:306)
	at org.junit.runners.ParentRunner.run(ParentRunner.java:413)
	at io.cucumber.junit.FeatureRunner.run(FeatureRunner.java:137)
	at io.cucumber.junit.Cucumber.runChild(Cucumber.java:196)
	at io.cucumber.junit.Cucumber.runChild(Cucumber.java:89)
	at org.junit.runners.ParentRunner$4.run(ParentRunner.java:331)
	at org.apache.maven.surefire.junitcore.pc.Scheduler$1.run(Scheduler.java:345)
	at java.base/java.util.concurrent.Executors$RunnableAdapter.call(Executors.java:515)
	at java.base/java.util.concurrent.FutureTask.run(FutureTask.java:264)
	at java.base/java.util.concurrent.ThreadPoolExecutor.runWorker(ThreadPoolExecutor.java:1128)
	at java.base/java.util.concurrent.ThreadPoolExecutor$Worker.run(ThreadPoolExecutor.java:628)
	at java.base/java.lang.Thread.run(Thread.java:829)
Caused by: org.openqa.selenium.SessionNotCreatedException: Could not start a new session. Response code 500. Message: session not created: Microsoft Edge failed to start: exited normally.
  (session not created: DevToolsActivePort file doesn't exist)
  (The process started from msedge location /Users/runner/.cache/selenium/MicrosoftEdge/mac-arm64/128.0.2739.54/Microsoft Edge.app/Contents/MacOS/Microsoft Edge is no longer running, so msedgedriver is assuming that msedge has crashed.) 
Host info: host: 'Mac-1725172973192.local', ip: 'fe80:0:0:0:ce0:6d13:676f:ec72%en0'
Build info: version: '4.23.0', revision: '4df0a231af'
System info: os.name: 'Mac OS X', os.arch: 'aarch64', os.version: '14.6.1', java.version: '11.0.24'
Driver info: org.openqa.selenium.edge.EdgeDriver
Command: [null, newSession {capabilities=[Capabilities {browserName: MicrosoftEdge, ms:edgeOptions: {args: [--headless=new], binary: /Users/runner/.cache/seleni..., extensions: []}}]}]
	at org.openqa.selenium.remote.ProtocolHandshake.createSession(ProtocolHandshake.java:114)
	at org.openqa.selenium.remote.ProtocolHandshake.createSession(ProtocolHandshake.java:75)
	at org.openqa.selenium.remote.ProtocolHandshake.createSession(ProtocolHandshake.java:61)
	at org.openqa.selenium.remote.HttpCommandExecutor.execute(HttpCommandExecutor.java:162)
	at org.openqa.selenium.remote.service.DriverCommandExecutor.invokeExecute(DriverCommandExecutor.java:216)
	at org.openqa.selenium.remote.service.DriverCommandExecutor.execute(DriverCommandExecutor.java:174)
	at org.openqa.selenium.remote.RemoteWebDriver.execute(RemoteWebDriver.java:527)
	at org.openqa.selenium.remote.RemoteWebDriver.startSession(RemoteWebDriver.java:234)
	at org.openqa.selenium.remote.RemoteWebDriver.<init>(RemoteWebDriver.java:163)
	at org.openqa.selenium.chromium.ChromiumDriver.<init>(ChromiumDriver.java:114)
	at org.openqa.selenium.edge.EdgeDriver.<init>(EdgeDriver.java:60)
	at org.openqa.selenium.edge.EdgeDriver.<init>(EdgeDriver.java:56)
	at org.openqa.selenium.edge.EdgeDriver.<init>(EdgeDriver.java:48)
	at com.octoperf.jpetstore6.singletonDriver.Driver.getDriver(Driver.java:63)
	... 41 common frames omitted
2024-09-01 07:05:45.038 [pool-3-thread-4] ERROR c.o.j.s.Hooks - Failed to take screenshot for scenario: Verify Page Title and URL
java.lang.RuntimeException: Failed to initialize WebDriver
	at com.octoperf.jpetstore6.singletonDriver.Driver.getDriver(Driver.java:75)
	at com.octoperf.jpetstore6.stepDefs.Hooks.takeScreenshot(Hooks.java:66)
	at com.octoperf.jpetstore6.stepDefs.Hooks.tearDown(Hooks.java:49)
	at java.base/jdk.internal.reflect.NativeMethodAccessorImpl.invoke0(Native Method)
	at java.base/jdk.internal.reflect.NativeMethodAccessorImpl.invoke(NativeMethodAccessorImpl.java:62)
	at java.base/jdk.internal.reflect.DelegatingMethodAccessorImpl.invoke(DelegatingMethodAccessorImpl.java:43)
	at java.base/java.lang.reflect.Method.invoke(Method.java:566)
	at io.cucumber.java.Invoker.doInvoke(Invoker.java:66)
	at io.cucumber.java.Invoker.invoke(Invoker.java:24)
	at io.cucumber.java.AbstractGlueDefinition.invokeMethod(AbstractGlueDefinition.java:47)
	at io.cucumber.java.JavaHookDefinition.execute(JavaHookDefinition.java:64)
	at io.cucumber.core.runner.CoreHookDefinition.execute(CoreHookDefinition.java:46)
	at io.cucumber.core.runner.HookDefinitionMatch.runStep(HookDefinitionMatch.java:21)
	at io.cucumber.core.runner.ExecutionMode$1.execute(ExecutionMode.java:10)
	at io.cucumber.core.runner.TestStep.executeStep(TestStep.java:84)
	at io.cucumber.core.runner.TestStep.run(TestStep.java:56)
	at io.cucumber.core.runner.TestCase.run(TestCase.java:90)
	at io.cucumber.core.runner.Runner.runPickle(Runner.java:75)
	at io.cucumber.junit.PickleRunners$NoStepDescriptions.lambda$run$0(PickleRunners.java:151)
	at io.cucumber.core.runtime.CucumberExecutionContext.lambda$runTestCase$5(CucumberExecutionContext.java:137)
	at io.cucumber.core.runtime.RethrowingThrowableCollector.executeAndThrow(RethrowingThrowableCollector.java:23)
	at io.cucumber.core.runtime.CucumberExecutionContext.runTestCase(CucumberExecutionContext.java:137)
	at io.cucumber.junit.PickleRunners$NoStepDescriptions.run(PickleRunners.java:148)
	at io.cucumber.junit.FeatureRunner.runChild(FeatureRunner.java:144)
	at io.cucumber.junit.FeatureRunner.runChild(FeatureRunner.java:28)
	at org.junit.runners.ParentRunner$4.run(ParentRunner.java:331)
	at org.junit.runners.ParentRunner$1.schedule(ParentRunner.java:79)
	at org.junit.runners.ParentRunner.runChildren(ParentRunner.java:329)
	at org.junit.runners.ParentRunner.access$100(ParentRunner.java:66)
	at org.junit.runners.ParentRunner$2.evaluate(ParentRunner.java:293)
	at org.junit.runners.ParentRunner$3.evaluate(ParentRunner.java:306)
	at org.junit.runners.ParentRunner.run(ParentRunner.java:413)
	at io.cucumber.junit.FeatureRunner.run(FeatureRunner.java:137)
	at io.cucumber.junit.Cucumber.runChild(Cucumber.java:196)
	at io.cucumber.junit.Cucumber.runChild(Cucumber.java:89)
	at org.junit.runners.ParentRunner$4.run(ParentRunner.java:331)
	at org.apache.maven.surefire.junitcore.pc.Scheduler$1.run(Scheduler.java:345)
	at java.base/java.util.concurrent.Executors$RunnableAdapter.call(Executors.java:515)
	at java.base/java.util.concurrent.FutureTask.run(FutureTask.java:264)
	at java.base/java.util.concurrent.ThreadPoolExecutor.runWorker(ThreadPoolExecutor.java:1128)
	at java.base/java.util.concurrent.ThreadPoolExecutor$Worker.run(ThreadPoolExecutor.java:628)
	at java.base/java.lang.Thread.run(Thread.java:829)
Caused by: org.openqa.selenium.SessionNotCreatedException: Could not start a new session. Response code 500. Message: session not created: Microsoft Edge failed to start: exited normally.
  (session not created: DevToolsActivePort file doesn't exist)
  (The process started from msedge location /Users/runner/.cache/selenium/MicrosoftEdge/mac-arm64/128.0.2739.54/Microsoft Edge.app/Contents/MacOS/Microsoft Edge is no longer running, so msedgedriver is assuming that msedge has crashed.) 
Host info: host: 'Mac-1725172973192.local', ip: 'fe80:0:0:0:ce0:6d13:676f:ec72%en0'
Build info: version: '4.23.0', revision: '4df0a231af'
System info: os.name: 'Mac OS X', os.arch: 'aarch64', os.version: '14.6.1', java.version: '11.0.24'
Driver info: org.openqa.selenium.edge.EdgeDriver
Command: [null, newSession {capabilities=[Capabilities {browserName: MicrosoftEdge, ms:edgeOptions: {args: [--headless=new], binary: /Users/runner/.cache/seleni..., extensions: []}}]}]
	at org.openqa.selenium.remote.ProtocolHandshake.createSession(ProtocolHandshake.java:114)
	at org.openqa.selenium.remote.ProtocolHandshake.createSession(ProtocolHandshake.java:75)
	at org.openqa.selenium.remote.ProtocolHandshake.createSession(ProtocolHandshake.java:61)
	at org.openqa.selenium.remote.HttpCommandExecutor.execute(HttpCommandExecutor.java:162)
	at org.openqa.selenium.remote.service.DriverCommandExecutor.invokeExecute(DriverCommandExecutor.java:216)
	at org.openqa.selenium.remote.service.DriverCommandExecutor.execute(DriverCommandExecutor.java:174)
	at org.openqa.selenium.remote.RemoteWebDriver.execute(RemoteWebDriver.java:527)
	at org.openqa.selenium.remote.RemoteWebDriver.startSession(RemoteWebDriver.java:234)
	at org.openqa.selenium.remote.RemoteWebDriver.<init>(RemoteWebDriver.java:163)
	at org.openqa.selenium.chromium.ChromiumDriver.<init>(ChromiumDriver.java:114)
	at org.openqa.selenium.edge.EdgeDriver.<init>(EdgeDriver.java:60)
	at org.openqa.selenium.edge.EdgeDriver.<init>(EdgeDriver.java:56)
	at org.openqa.selenium.edge.EdgeDriver.<init>(EdgeDriver.java:48)
	at com.octoperf.jpetstore6.singletonDriver.Driver.getDriver(Driver.java:63)
	... 41 common frames omitted
2024-09-01 07:05:45.101 [pool-3-thread-4] INFO  c.o.j.s.Hooks - Attached logs to Allure report.
2024-09-01 07:05:45.118 [pool-3-thread-1] INFO  c.o.j.s.Hooks - Attached logs to Allure report.
2024-09-01 07:05:45.146 [pool-3-thread-2] ERROR c.o.j.s.Driver - Failed to initialize WebDriver: Could not start a new session. Response code 500. Message: session not created: Microsoft Edge failed to start: exited normally.
  (session not created: DevToolsActivePort file doesn't exist)
  (The process started from msedge location /Users/runner/.cache/selenium/MicrosoftEdge/mac-arm64/128.0.2739.54/Microsoft Edge.app/Contents/MacOS/Microsoft Edge is no longer running, so msedgedriver is assuming that msedge has crashed.) 
Host info: host: 'Mac-1725172973192.local', ip: 'fe80:0:0:0:ce0:6d13:676f:ec72%en0'
Build info: version: '4.23.0', revision: '4df0a231af'
System info: os.name: 'Mac OS X', os.arch: 'aarch64', os.version: '14.6.1', java.version: '11.0.24'
Driver info: org.openqa.selenium.edge.EdgeDriver
Command: [null, newSession {capabilities=[Capabilities {browserName: MicrosoftEdge, ms:edgeOptions: {args: [--headless=new], binary: /Users/runner/.cache/seleni..., extensions: []}}]}]
2024-09-01 07:05:45.146 [pool-3-thread-2] ERROR c.o.j.s.Hooks - Failed to take screenshot for scenario: Verify Page Title and URL
java.lang.RuntimeException: Failed to initialize WebDriver
	at com.octoperf.jpetstore6.singletonDriver.Driver.getDriver(Driver.java:75)
	at com.octoperf.jpetstore6.stepDefs.Hooks.takeScreenshot(Hooks.java:66)
	at com.octoperf.jpetstore6.stepDefs.Hooks.tearDown(Hooks.java:49)
	at java.base/jdk.internal.reflect.NativeMethodAccessorImpl.invoke0(Native Method)
	at java.base/jdk.internal.reflect.NativeMethodAccessorImpl.invoke(NativeMethodAccessorImpl.java:62)
	at java.base/jdk.internal.reflect.DelegatingMethodAccessorImpl.invoke(DelegatingMethodAccessorImpl.java:43)
	at java.base/java.lang.reflect.Method.invoke(Method.java:566)
	at io.cucumber.java.Invoker.doInvoke(Invoker.java:66)
	at io.cucumber.java.Invoker.invoke(Invoker.java:24)
	at io.cucumber.java.AbstractGlueDefinition.invokeMethod(AbstractGlueDefinition.java:47)
	at io.cucumber.java.JavaHookDefinition.execute(JavaHookDefinition.java:64)
	at io.cucumber.core.runner.CoreHookDefinition.execute(CoreHookDefinition.java:46)
	at io.cucumber.core.runner.HookDefinitionMatch.runStep(HookDefinitionMatch.java:21)
	at io.cucumber.core.runner.ExecutionMode$1.execute(ExecutionMode.java:10)
	at io.cucumber.core.runner.TestStep.executeStep(TestStep.java:84)
	at io.cucumber.core.runner.TestStep.run(TestStep.java:56)
	at io.cucumber.core.runner.TestCase.run(TestCase.java:90)
	at io.cucumber.core.runner.Runner.runPickle(Runner.java:75)
	at io.cucumber.junit.PickleRunners$NoStepDescriptions.lambda$run$0(PickleRunners.java:151)
	at io.cucumber.core.runtime.CucumberExecutionContext.lambda$runTestCase$5(CucumberExecutionContext.java:137)
	at io.cucumber.core.runtime.RethrowingThrowableCollector.executeAndThrow(RethrowingThrowableCollector.java:23)
	at io.cucumber.core.runtime.CucumberExecutionContext.runTestCase(CucumberExecutionContext.java:137)
	at io.cucumber.junit.PickleRunners$NoStepDescriptions.run(PickleRunners.java:148)
	at io.cucumber.junit.FeatureRunner.runChild(FeatureRunner.java:144)
	at io.cucumber.junit.FeatureRunner.runChild(FeatureRunner.java:28)
	at org.junit.runners.ParentRunner$4.run(ParentRunner.java:331)
	at org.junit.runners.ParentRunner$1.schedule(ParentRunner.java:79)
	at org.junit.runners.ParentRunner.runChildren(ParentRunner.java:329)
	at org.junit.runners.ParentRunner.access$100(ParentRunner.java:66)
	at org.junit.runners.ParentRunner$2.evaluate(ParentRunner.java:293)
	at org.junit.runners.ParentRunner$3.evaluate(ParentRunner.java:306)
	at org.junit.runners.ParentRunner.run(ParentRunner.java:413)
	at io.cucumber.junit.FeatureRunner.run(FeatureRunner.java:137)
	at io.cucumber.junit.Cucumber.runChild(Cucumber.java:196)
	at io.cucumber.junit.Cucumber.runChild(Cucumber.java:89)
	at org.junit.runners.ParentRunner$4.run(ParentRunner.java:331)
	at org.apache.maven.surefire.junitcore.pc.Scheduler$1.run(Scheduler.java:345)
	at java.base/java.util.concurrent.Executors$RunnableAdapter.call(Executors.java:515)
	at java.base/java.util.concurrent.FutureTask.run(FutureTask.java:264)
	at java.base/java.util.concurrent.ThreadPoolExecutor.runWorker(ThreadPoolExecutor.java:1128)
	at java.base/java.util.concurrent.ThreadPoolExecutor$Worker.run(ThreadPoolExecutor.java:628)
	at java.base/java.lang.Thread.run(Thread.java:829)
Caused by: org.openqa.selenium.SessionNotCreatedException: Could not start a new session. Response code 500. Message: session not created: Microsoft Edge failed to start: exited normally.
  (session not created: DevToolsActivePort file doesn't exist)
  (The process started from msedge location /Users/runner/.cache/selenium/MicrosoftEdge/mac-arm64/128.0.2739.54/Microsoft Edge.app/Contents/MacOS/Microsoft Edge is no longer running, so msedgedriver is assuming that msedge has crashed.) 
Host info: host: 'Mac-1725172973192.local', ip: 'fe80:0:0:0:ce0:6d13:676f:ec72%en0'
Build info: version: '4.23.0', revision: '4df0a231af'
System info: os.name: 'Mac OS X', os.arch: 'aarch64', os.version: '14.6.1', java.version: '11.0.24'
Driver info: org.openqa.selenium.edge.EdgeDriver
Command: [null, newSession {capabilities=[Capabilities {browserName: MicrosoftEdge, ms:edgeOptions: {args: [--headless=new], binary: /Users/runner/.cache/seleni..., extensions: []}}]}]
	at org.openqa.selenium.remote.ProtocolHandshake.createSession(ProtocolHandshake.java:114)
	at org.openqa.selenium.remote.ProtocolHandshake.createSession(ProtocolHandshake.java:75)
	at org.openqa.selenium.remote.ProtocolHandshake.createSession(ProtocolHandshake.java:61)
	at org.openqa.selenium.remote.HttpCommandExecutor.execute(HttpCommandExecutor.java:162)
	at org.openqa.selenium.remote.service.DriverCommandExecutor.invokeExecute(DriverCommandExecutor.java:216)
	at org.openqa.selenium.remote.service.DriverCommandExecutor.execute(DriverCommandExecutor.java:174)
	at org.openqa.selenium.remote.RemoteWebDriver.execute(RemoteWebDriver.java:527)
	at org.openqa.selenium.remote.RemoteWebDriver.startSession(RemoteWebDriver.java:234)
	at org.openqa.selenium.remote.RemoteWebDriver.<init>(RemoteWebDriver.java:163)
	at org.openqa.selenium.chromium.ChromiumDriver.<init>(ChromiumDriver.java:114)
	at org.openqa.selenium.edge.EdgeDriver.<init>(EdgeDriver.java:60)
	at org.openqa.selenium.edge.EdgeDriver.<init>(EdgeDriver.java:56)
	at org.openqa.selenium.edge.EdgeDriver.<init>(EdgeDriver.java:48)
	at com.octoperf.jpetstore6.singletonDriver.Driver.getDriver(Driver.java:63)
	... 41 common frames omitted
2024-09-01 07:05:45.175 [pool-3-thread-2] INFO  c.o.j.s.Hooks - Attached logs to Allure report.
2024-09-01 07:05:48.331 [pool-3-thread-3] INFO  c.o.j.s.Driver - Initialized WebDriver for headless-edge browser
2024-09-01 07:05:50.455 [pool-3-thread-2] INFO  c.o.j.s.Hooks - Starting scenario execution on Mac OS X
2024-09-01 07:05:50.458 [pool-3-thread-4] INFO  c.o.j.s.Hooks - Starting scenario execution on Mac OS X
2024-09-01 07:05:50.460 [pool-3-thread-1] INFO  c.o.j.s.Hooks - Starting scenario execution on Mac OS X
2024-09-01 07:05:50.479 [pool-3-thread-3] INFO  c.o.j.s.SD01_Common - Current page is: |Welcome|
2024-09-01 07:05:51.132 [pool-3-thread-3] INFO  c.o.j.s.SD01_Common - Clicked on the |Enter The Store Link|
2024-09-01 07:05:51.134 [pool-3-thread-3] INFO  c.o.j.s.SD01_Common - Current page is: |Catalog|
2024-09-01 07:05:51.545 [pool-3-thread-3] INFO  c.o.j.s.SD01_Common - Clicked on the |Help Link|
2024-09-01 07:05:51.801 [pool-3-thread-3] INFO  c.o.j.s.SD01_Common - Current page is: |Help|
2024-09-01 07:05:51.801 [pool-3-thread-3] INFO  c.o.j.s.SD01_Common - Expected page title: |JPetStore Demo|
2024-09-01 07:05:51.801 [pool-3-thread-3] INFO  c.o.j.s.SD01_Common - Expected url: |https://petstore.octoperf.com/help.html|
2024-09-01 07:05:51.809 [pool-3-thread-3] INFO  c.o.j.p.P01_BasePage - Actual Title: |JPetStore Demo|
2024-09-01 07:05:51.809 [pool-3-thread-3] INFO  c.o.j.p.P01_BasePage - Actual Url: |https://petstore.octoperf.com/help.html|
2024-09-01 07:05:51.811 [pool-3-thread-3] INFO  c.o.j.s.SD01_Common - The page title and the URL are as expected.
2024-09-01 07:05:52.425 [pool-3-thread-2] INFO  c.o.j.s.Driver - Initialized WebDriver for headless-edge browser
2024-09-01 07:05:52.588 [pool-3-thread-4] INFO  c.o.j.s.Driver - Initialized WebDriver for headless-edge browser
2024-09-01 07:05:52.643 [pool-3-thread-1] INFO  c.o.j.s.Driver - Initialized WebDriver for headless-edge browser
2024-09-01 07:05:52.922 [pool-3-thread-3] INFO  c.o.j.s.Driver - Closed WebDriver instance
2024-09-01 07:05:52.923 [pool-3-thread-3] INFO  c.o.j.s.Hooks - Attached logs to Allure report.
2024-09-01 07:05:52.941 [pool-3-thread-3] INFO  c.o.j.s.Hooks - Starting scenario execution on Mac OS X
2024-09-01 07:05:54.536 [pool-3-thread-3] INFO  c.o.j.s.Driver - Initialized WebDriver for headless-edge browser
2024-09-01 07:05:54.887 [pool-3-thread-1] INFO  c.o.j.s.SD01_Common - Current page is: |Welcome|
2024-09-01 07:05:54.900 [pool-3-thread-2] INFO  c.o.j.s.SD01_Common - Current page is: |Welcome|
2024-09-01 07:05:54.906 [pool-3-thread-4] INFO  c.o.j.s.SD01_Common - Current page is: |Welcome|
2024-09-01 07:05:54.959 [pool-3-thread-1] INFO  c.o.j.s.SD01_Common - The |Welcome Header| visible on the page
2024-09-01 07:05:54.997 [pool-3-thread-1] INFO  c.o.j.s.SD01_Common - The |Enter The Store Link| visible on the page
2024-09-01 07:05:55.096 [pool-3-thread-1] INFO  c.o.j.s.SD01_Common - The |Copyright Subtitle| visible on the page
2024-09-01 07:05:55.556 [pool-3-thread-2] INFO  c.o.j.s.SD01_Common - Clicked on the |Enter The Store Link|
2024-09-01 07:05:55.559 [pool-3-thread-2] INFO  c.o.j.s.SD01_Common - Current page is: |Catalog|
2024-09-01 07:05:55.596 [pool-3-thread-2] INFO  c.o.j.s.SD01_Common - The |Logo Image| visible on the page
2024-09-01 07:05:55.652 [pool-3-thread-4] INFO  c.o.j.s.SD01_Common - Clicked on the |Enter The Store Link|
2024-09-01 07:05:55.655 [pool-3-thread-4] INFO  c.o.j.s.SD01_Common - Current page is: |Catalog|
2024-09-01 07:05:55.657 [pool-3-thread-3] INFO  c.o.j.s.SD01_Common - Current page is: |Welcome|
2024-09-01 07:05:55.704 [pool-3-thread-2] INFO  c.o.j.s.SD01_Common - The |Cart Image| visible on the page
2024-09-01 07:05:55.726 [pool-3-thread-2] INFO  c.o.j.s.SD01_Common - The |Sign-In Link| visible on the page
2024-09-01 07:05:55.751 [pool-3-thread-2] INFO  c.o.j.s.SD01_Common - The |Help Link| visible on the page
2024-09-01 07:05:55.772 [pool-3-thread-2] INFO  c.o.j.s.SD01_Common - The |Search Input Box| visible on the page
2024-09-01 07:05:55.836 [pool-3-thread-2] INFO  c.o.j.s.SD01_Common - The |Search Button| visible on the page
2024-09-01 07:05:55.866 [pool-3-thread-2] INFO  c.o.j.s.SD01_Common - The |OctoPerf Link In The CTA Section| visible on the page
2024-09-01 07:05:55.910 [pool-3-thread-2] INFO  c.o.j.s.SD01_Common - The |OctoPerf Link In The PoweredBy Section| visible on the page
2024-09-01 07:05:55.976 [pool-3-thread-4] INFO  c.o.j.s.SD01_Common - Clicked on the |Sign-In Link|
2024-09-01 07:05:55.978 [pool-3-thread-4] INFO  c.o.j.s.SD01_Common - Current page is: |SignIn|
2024-09-01 07:05:56.111 [pool-3-thread-2] INFO  c.o.j.s.SD01_Common - The |MyBatis Link In The PoweredBy Section| visible on the page
2024-09-01 07:05:56.146 [pool-3-thread-2] INFO  c.o.j.s.SD01_Common - The |Main Image| visible on the page
2024-09-01 07:05:56.207 [pool-3-thread-2] INFO  c.o.j.s.SD01_Common - The |Separator Images In The Menu Content Section| visible on the page
2024-09-01 07:05:56.296 [pool-3-thread-1] INFO  c.o.j.s.Driver - Closed WebDriver instance
2024-09-01 07:05:56.297 [pool-3-thread-1] INFO  c.o.j.s.Hooks - Attached logs to Allure report.
2024-09-01 07:05:56.320 [pool-3-thread-4] INFO  c.o.j.s.SD01_Common - Clicked on the |Register Now Link|
2024-09-01 07:05:56.364 [pool-3-thread-2] INFO  c.o.j.s.SD01_Common - The |Category Images In The Quick Links Section| visible on the page
2024-09-01 07:05:56.406 [pool-3-thread-2] INFO  c.o.j.s.SD01_Common - The |Separator Images In The Quick Links Section| visible on the page
2024-09-01 07:05:56.461 [pool-3-thread-2] INFO  c.o.j.s.SD01_Common - The |Sidebar Images| visible on the page
2024-09-01 07:05:56.479 [pool-3-thread-3] INFO  c.o.j.s.SD01_Common - Clicked on the |Enter The Store Link|
2024-09-01 07:06:01.315 [pool-3-thread-1] INFO  c.o.j.s.Hooks - Starting scenario execution on Mac OS X
2024-09-01 07:06:01.316 [pool-3-thread-3] INFO  c.o.j.s.SD01_Common - Current page is: |Catalog|
2024-09-01 07:06:01.413 [pool-3-thread-4] INFO  c.o.j.s.SD01_Common - Current page is: |Registration|
2024-09-01 07:06:01.449 [pool-3-thread-4] INFO  c.o.j.s.SD01_Common - The |User Id Input Box| visible on the page
2024-09-01 07:06:01.487 [pool-3-thread-4] INFO  c.o.j.s.SD01_Common - The |New Password Input Box| visible on the page
2024-09-01 07:06:01.546 [pool-3-thread-4] INFO  c.o.j.s.SD01_Common - The |Repeat Password Input Box| visible on the page
2024-09-01 07:06:01.582 [pool-3-thread-4] INFO  c.o.j.s.SD01_Common - The |Firstname Input Box| visible on the page
2024-09-01 07:06:01.630 [pool-3-thread-4] INFO  c.o.j.s.SD01_Common - The |Lastname Input Box| visible on the page
2024-09-01 07:06:01.649 [pool-3-thread-3] INFO  c.o.j.s.SD01_Common - Clicked on the |Help Link|
2024-09-01 07:06:01.682 [pool-3-thread-4] INFO  c.o.j.s.SD01_Common - The |Email Input Box| visible on the page
2024-09-01 07:06:01.723 [pool-3-thread-4] INFO  c.o.j.s.SD01_Common - The |Phone Input Box| visible on the page
2024-09-01 07:06:01.829 [pool-3-thread-3] INFO  c.o.j.s.SD01_Common - Current page is: |Help|
2024-09-01 07:06:01.911 [pool-3-thread-3] INFO  c.o.j.s.SD01_Common - The |Copyright Subtitle| visible on the page
2024-09-01 07:06:01.913 [pool-3-thread-4] INFO  c.o.j.s.SD01_Common - The |Address1 Input Box| visible on the page
2024-09-01 07:06:01.964 [pool-3-thread-4] INFO  c.o.j.s.SD01_Common - The |Address2 Input Box| visible on the page
2024-09-01 07:06:02.004 [pool-3-thread-4] INFO  c.o.j.s.SD01_Common - The |City Input Box| visible on the page
2024-09-01 07:06:02.034 [pool-3-thread-4] INFO  c.o.j.s.SD01_Common - The |State Input Box| visible on the page
2024-09-01 07:06:02.056 [pool-3-thread-4] INFO  c.o.j.s.SD01_Common - The |Zip Input Box| visible on the page
2024-09-01 07:06:02.073 [pool-3-thread-3] INFO  c.o.j.s.SD01_Common - The |Header Links| visible on the page
2024-09-01 07:06:02.079 [pool-3-thread-4] INFO  c.o.j.s.SD01_Common - The |Country Input Box| visible on the page
2024-09-01 07:06:02.102 [pool-3-thread-4] INFO  c.o.j.s.SD01_Common - The |Language Preference Dropdown| visible on the page
2024-09-01 07:06:02.134 [pool-3-thread-4] INFO  c.o.j.s.SD01_Common - The |Favourite Category Dropdown| visible on the page
2024-09-01 07:06:02.206 [pool-3-thread-3] INFO  c.o.j.s.SD01_Common - The |All Headers| visible on the page
2024-09-01 07:06:02.228 [pool-3-thread-4] INFO  c.o.j.s.SD01_Common - The |Enable My List Checkbox| visible on the page
2024-09-01 07:06:02.263 [pool-3-thread-4] INFO  c.o.j.s.SD01_Common - The |Enable My Banner Checkbox| visible on the page
2024-09-01 07:06:02.299 [pool-3-thread-4] INFO  c.o.j.s.SD01_Common - The |Save Account Information Button| visible on the page
2024-09-01 07:06:02.330 [pool-3-thread-4] INFO  c.o.j.s.SD01_Common - The |User Information Header| visible on the page
2024-09-01 07:06:02.363 [pool-3-thread-4] INFO  c.o.j.s.SD01_Common - The |Account Information Header| visible on the page
2024-09-01 07:06:02.447 [pool-3-thread-4] INFO  c.o.j.s.SD01_Common - The |Profile Information Header| visible on the page
2024-09-01 07:06:02.511 [pool-3-thread-3] INFO  c.o.j.s.SD01_Common - The |All Paragraphs| visible on the page
2024-09-01 07:06:02.638 [pool-3-thread-2] INFO  c.o.j.s.Driver - Closed WebDriver instance
2024-09-01 07:06:02.638 [pool-3-thread-2] INFO  c.o.j.s.Hooks - Attached logs to Allure report.
2024-09-01 07:06:02.673 [pool-3-thread-2] INFO  c.o.j.s.Hooks - Starting scenario execution on Mac OS X
2024-09-01 07:06:02.877 [pool-3-thread-1] INFO  c.o.j.s.Driver - Initialized WebDriver for headless-edge browser
2024-09-01 07:06:03.555 [pool-3-thread-1] INFO  c.o.j.s.SD01_Common - Current page is: |Welcome|
2024-09-01 07:06:03.594 [pool-3-thread-1] INFO  c.o.j.s.SD01_Common - Expected text: |Welcome to JPetStore 6|
2024-09-01 07:06:03.594 [pool-3-thread-1] INFO  c.o.j.s.SD01_Common - Actual text: |Welcome to JPetStore 6|
2024-09-01 07:06:03.594 [pool-3-thread-1] INFO  c.o.j.s.SD01_Common - The text of the |Welcome Header| matched the expected value
2024-09-01 07:06:03.609 [pool-3-thread-2] INFO  c.o.j.s.Driver - Initialized WebDriver for headless-edge browser
2024-09-01 07:06:03.646 [pool-3-thread-1] INFO  c.o.j.s.SD01_Common - Expected text: |Enter the Store|
2024-09-01 07:06:03.647 [pool-3-thread-1] INFO  c.o.j.s.SD01_Common - Actual text: |Enter the Store|
2024-09-01 07:06:03.647 [pool-3-thread-1] INFO  c.o.j.s.SD01_Common - The text of the |Enter The Store Link| matched the expected value
2024-09-01 07:06:03.682 [pool-3-thread-1] INFO  c.o.j.s.SD01_Common - Expected text: |Copyright www.mybatis.org|
2024-09-01 07:06:03.682 [pool-3-thread-1] INFO  c.o.j.s.SD01_Common - Actual text: |Copyright www.mybatis.org|
2024-09-01 07:06:03.682 [pool-3-thread-1] INFO  c.o.j.s.SD01_Common - The text of the |Copyright Subtitle| matched the expected value
2024-09-01 07:06:03.702 [pool-3-thread-3] INFO  c.o.j.s.Driver - Closed WebDriver instance
2024-09-01 07:06:03.708 [pool-3-thread-3] INFO  c.o.j.s.Hooks - Attached logs to Allure report.
2024-09-01 07:06:03.735 [pool-3-thread-3] INFO  c.o.j.s.Hooks - Starting scenario execution on Mac OS X
2024-09-01 07:06:04.250 [pool-3-thread-2] INFO  c.o.j.s.SD01_Common - Current page is: |Welcome|
2024-09-01 07:06:04.549 [pool-3-thread-3] INFO  c.o.j.s.Driver - Initialized WebDriver for headless-edge browser
2024-09-01 07:06:04.963 [pool-3-thread-2] INFO  c.o.j.s.SD01_Common - Clicked on the |Enter The Store Link|
2024-09-01 07:06:04.966 [pool-3-thread-2] INFO  c.o.j.s.SD01_Common - Current page is: |Catalog|
2024-09-01 07:06:05.023 [pool-3-thread-2] INFO  c.o.j.s.SD01_Common - Expected text: |Sign In|
2024-09-01 07:06:05.023 [pool-3-thread-2] INFO  c.o.j.s.SD01_Common - Actual text: |Sign In|
2024-09-01 07:06:05.023 [pool-3-thread-2] INFO  c.o.j.s.SD01_Common - The text of the |Sign-In link| matched the expected value
2024-09-01 07:06:05.062 [pool-3-thread-2] INFO  c.o.j.s.SD01_Common - Expected text: |?|
2024-09-01 07:06:05.062 [pool-3-thread-2] INFO  c.o.j.s.SD01_Common - Actual text: |?|
2024-09-01 07:06:05.062 [pool-3-thread-2] INFO  c.o.j.s.SD01_Common - The text of the |Help Link| matched the expected value
2024-09-01 07:06:05.081 [pool-3-thread-1] INFO  c.o.j.s.Driver - Closed WebDriver instance
