2024-10-22 07:06:58.726 [pool-3-thread-3] INFO  c.o.j.s.Hooks - Starting scenario execution on Mac OS X
2024-10-22 07:06:58.727 [pool-3-thread-1] INFO  c.o.j.s.Hooks - Starting scenario execution on Mac OS X
2024-10-22 07:06:58.733 [pool-3-thread-2] INFO  c.o.j.s.Hooks - Starting scenario execution on Mac OS X
2024-10-22 07:06:58.735 [pool-3-thread-4] INFO  c.o.j.s.Hooks - Starting scenario execution on Mac OS X
2024-10-22 07:07:30.464 [pool-3-thread-4] ERROR c.o.j.s.Driver - Failed to initialize WebDriver: Unable to obtain: msedgedriver, error Command failed with code: 65, executed: [--browser, MicrosoftEdge, --language-binding, java, --output, json]
Permission denied (os error 13)
Build info: version: '4.23.0', revision: '4df0a231af'
System info: os.name: 'Mac OS X', os.arch: 'aarch64', os.version: '14.7', java.version: '11.0.24'
Driver info: driver.version: Driver
2024-10-22 07:07:30.466 [pool-3-thread-3] ERROR c.o.j.s.Driver - Failed to initialize WebDriver: Unable to obtain: msedgedriver, error Command failed with code: 65, executed: [--browser, MicrosoftEdge, --language-binding, java, --output, json]
Permission denied (os error 13)
Build info: version: '4.23.0', revision: '4df0a231af'
System info: os.name: 'Mac OS X', os.arch: 'aarch64', os.version: '14.7', java.version: '11.0.24'
Driver info: driver.version: Driver
2024-10-22 07:07:30.469 [pool-3-thread-1] ERROR c.o.j.s.Driver - Failed to initialize WebDriver: Unable to obtain: msedgedriver, error Command failed with code: 65, executed: [--browser, MicrosoftEdge, --language-binding, java, --output, json]
Permission denied (os error 13)
Build info: version: '4.23.0', revision: '4df0a231af'
System info: os.name: 'Mac OS X', os.arch: 'aarch64', os.version: '14.7', java.version: '11.0.24'
Driver info: driver.version: Driver
2024-10-22 07:07:33.087 [pool-3-thread-1] ERROR c.o.j.s.Driver - Failed to initialize WebDriver: Could not start a new session. Response code 500. Message: session not created: Microsoft Edge failed to start: exited normally.
  (session not created: DevToolsActivePort file doesn't exist)
  (The process started from msedge location /Users/runner/.cache/selenium/MicrosoftEdge/mac-arm64/130.0.2849.46/Microsoft Edge.app/Contents/MacOS/Microsoft Edge is no longer running, so msedgedriver is assuming that msedge has crashed.) 
Host info: host: 'Mac-1729580084431.local', ip: 'fe80:0:0:0:cc0:cfc:c33b:e22b%en0'
Build info: version: '4.23.0', revision: '4df0a231af'
System info: os.name: 'Mac OS X', os.arch: 'aarch64', os.version: '14.7', java.version: '11.0.24'
Driver info: org.openqa.selenium.edge.EdgeDriver
Command: [null, newSession {capabilities=[Capabilities {browserName: MicrosoftEdge, ms:edgeOptions: {args: [--headless=new], binary: /Users/runner/.cache/seleni..., extensions: []}}]}]
2024-10-22 07:07:33.088 [pool-3-thread-1] ERROR c.o.j.s.Hooks - Failed to take screenshot for scenario: Verify Page Title and URL
java.lang.RuntimeException: Failed to initialize WebDriver
	at com.octoperf.jpetstore6.singletonDriver.Driver.getDriver(Driver.java:75)
	at com.octoperf.jpetstore6.stepDefs.Hooks.takeScreenshot(Hooks.java:66)
	at com.octoperf.jpetstore6.stepDefs.Hooks.tearDown(Hooks.java:49)
	at java.base/jdk.internal.reflect.NativeMethodAccessorImpl.invoke0(Native Method)
	at java.base/jdk.internal.reflect.NativeMethodAccessorImpl.invoke(NativeMethodAccessorImpl.java:62)
	at java.base/jdk.internal.reflect.DelegatingMethodAccessorImpl.invoke(DelegatingMethodAccessorImpl.java:43)
	at java.base/java.lang.reflect.Method.invoke(Method.java:566)
	at io.cucumber.java.Invoker.doInvoke(Invoker.java:66)
	at io.cucumber.java.Invoker.invoke(Invoker.java:24)
	at io.cucumber.java.AbstractGlueDefinition.invokeMethod(AbstractGlueDefinition.java:47)
	at io.cucumber.java.JavaHookDefinition.execute(JavaHookDefinition.java:64)
	at io.cucumber.core.runner.CoreHookDefinition.execute(CoreHookDefinition.java:46)
	at io.cucumber.core.runner.HookDefinitionMatch.runStep(HookDefinitionMatch.java:21)
	at io.cucumber.core.runner.ExecutionMode$1.execute(ExecutionMode.java:10)
	at io.cucumber.core.runner.TestStep.executeStep(TestStep.java:84)
	at io.cucumber.core.runner.TestStep.run(TestStep.java:56)
	at io.cucumber.core.runner.TestCase.run(TestCase.java:90)
	at io.cucumber.core.runner.Runner.runPickle(Runner.java:75)
	at io.cucumber.junit.PickleRunners$NoStepDescriptions.lambda$run$0(PickleRunners.java:151)
	at io.cucumber.core.runtime.CucumberExecutionContext.lambda$runTestCase$5(CucumberExecutionContext.java:137)
	at io.cucumber.core.runtime.RethrowingThrowableCollector.executeAndThrow(RethrowingThrowableCollector.java:23)
	at io.cucumber.core.runtime.CucumberExecutionContext.runTestCase(CucumberExecutionContext.java:137)
	at io.cucumber.junit.PickleRunners$NoStepDescriptions.run(PickleRunners.java:148)
	at io.cucumber.junit.FeatureRunner.runChild(FeatureRunner.java:144)
	at io.cucumber.junit.FeatureRunner.runChild(FeatureRunner.java:28)
	at org.junit.runners.ParentRunner$4.run(ParentRunner.java:331)
	at org.junit.runners.ParentRunner$1.schedule(ParentRunner.java:79)
	at org.junit.runners.ParentRunner.runChildren(ParentRunner.java:329)
	at org.junit.runners.ParentRunner.access$100(ParentRunner.java:66)
	at org.junit.runners.ParentRunner$2.evaluate(ParentRunner.java:293)
	at org.junit.runners.ParentRunner$3.evaluate(ParentRunner.java:306)
	at org.junit.runners.ParentRunner.run(ParentRunner.java:413)
	at io.cucumber.junit.FeatureRunner.run(FeatureRunner.java:137)
	at io.cucumber.junit.Cucumber.runChild(Cucumber.java:196)
	at io.cucumber.junit.Cucumber.runChild(Cucumber.java:89)
	at org.junit.runners.ParentRunner$4.run(ParentRunner.java:331)
	at org.apache.maven.surefire.junitcore.pc.Scheduler$1.run(Scheduler.java:345)
	at java.base/java.util.concurrent.Executors$RunnableAdapter.call(Executors.java:515)
	at java.base/java.util.concurrent.FutureTask.run(FutureTask.java:264)
	at java.base/java.util.concurrent.ThreadPoolExecutor.runWorker(ThreadPoolExecutor.java:1128)
	at java.base/java.util.concurrent.ThreadPoolExecutor$Worker.run(ThreadPoolExecutor.java:628)
	at java.base/java.lang.Thread.run(Thread.java:829)
Caused by: org.openqa.selenium.SessionNotCreatedException: Could not start a new session. Response code 500. Message: session not created: Microsoft Edge failed to start: exited normally.
  (session not created: DevToolsActivePort file doesn't exist)
  (The process started from msedge location /Users/runner/.cache/selenium/MicrosoftEdge/mac-arm64/130.0.2849.46/Microsoft Edge.app/Contents/MacOS/Microsoft Edge is no longer running, so msedgedriver is assuming that msedge has crashed.) 
Host info: host: 'Mac-1729580084431.local', ip: 'fe80:0:0:0:cc0:cfc:c33b:e22b%en0'
Build info: version: '4.23.0', revision: '4df0a231af'
System info: os.name: 'Mac OS X', os.arch: 'aarch64', os.version: '14.7', java.version: '11.0.24'
Driver info: org.openqa.selenium.edge.EdgeDriver
Command: [null, newSession {capabilities=[Capabilities {browserName: MicrosoftEdge, ms:edgeOptions: {args: [--headless=new], binary: /Users/runner/.cache/seleni..., extensions: []}}]}]
	at org.openqa.selenium.remote.ProtocolHandshake.createSession(ProtocolHandshake.java:114)
	at org.openqa.selenium.remote.ProtocolHandshake.createSession(ProtocolHandshake.java:75)
	at org.openqa.selenium.remote.ProtocolHandshake.createSession(ProtocolHandshake.java:61)
	at org.openqa.selenium.remote.HttpCommandExecutor.execute(HttpCommandExecutor.java:162)
	at org.openqa.selenium.remote.service.DriverCommandExecutor.invokeExecute(DriverCommandExecutor.java:216)
	at org.openqa.selenium.remote.service.DriverCommandExecutor.execute(DriverCommandExecutor.java:174)
	at org.openqa.selenium.remote.RemoteWebDriver.execute(RemoteWebDriver.java:527)
	at org.openqa.selenium.remote.RemoteWebDriver.startSession(RemoteWebDriver.java:234)
	at org.openqa.selenium.remote.RemoteWebDriver.<init>(RemoteWebDriver.java:163)
	at org.openqa.selenium.chromium.ChromiumDriver.<init>(ChromiumDriver.java:114)
	at org.openqa.selenium.edge.EdgeDriver.<init>(EdgeDriver.java:60)
	at org.openqa.selenium.edge.EdgeDriver.<init>(EdgeDriver.java:56)
	at org.openqa.selenium.edge.EdgeDriver.<init>(EdgeDriver.java:48)
	at com.octoperf.jpetstore6.singletonDriver.Driver.getDriver(Driver.java:63)
	... 41 common frames omitted
2024-10-22 07:07:33.095 [pool-3-thread-1] INFO  c.o.j.s.Hooks - Attached logs to Allure report.
2024-10-22 07:07:33.175 [pool-3-thread-4] ERROR c.o.j.s.Driver - Failed to initialize WebDriver: Could not start a new session. Response code 500. Message: session not created: Microsoft Edge failed to start: exited normally.
  (session not created: DevToolsActivePort file doesn't exist)
  (The process started from msedge location /Users/runner/.cache/selenium/MicrosoftEdge/mac-arm64/130.0.2849.46/Microsoft Edge.app/Contents/MacOS/Microsoft Edge is no longer running, so msedgedriver is assuming that msedge has crashed.) 
Host info: host: 'Mac-1729580084431.local', ip: 'fe80:0:0:0:cc0:cfc:c33b:e22b%en0'
Build info: version: '4.23.0', revision: '4df0a231af'
System info: os.name: 'Mac OS X', os.arch: 'aarch64', os.version: '14.7', java.version: '11.0.24'
Driver info: org.openqa.selenium.edge.EdgeDriver
Command: [null, newSession {capabilities=[Capabilities {browserName: MicrosoftEdge, ms:edgeOptions: {args: [--headless=new], binary: /Users/runner/.cache/seleni..., extensions: []}}]}]
2024-10-22 07:07:33.175 [pool-3-thread-4] ERROR c.o.j.s.Hooks - Failed to take screenshot for scenario: Verify Page Title and URL
java.lang.RuntimeException: Failed to initialize WebDriver
	at com.octoperf.jpetstore6.singletonDriver.Driver.getDriver(Driver.java:75)
	at com.octoperf.jpetstore6.stepDefs.Hooks.takeScreenshot(Hooks.java:66)
	at com.octoperf.jpetstore6.stepDefs.Hooks.tearDown(Hooks.java:49)
	at java.base/jdk.internal.reflect.NativeMethodAccessorImpl.invoke0(Native Method)
	at java.base/jdk.internal.reflect.NativeMethodAccessorImpl.invoke(NativeMethodAccessorImpl.java:62)
	at java.base/jdk.internal.reflect.DelegatingMethodAccessorImpl.invoke(DelegatingMethodAccessorImpl.java:43)
	at java.base/java.lang.reflect.Method.invoke(Method.java:566)
	at io.cucumber.java.Invoker.doInvoke(Invoker.java:66)
	at io.cucumber.java.Invoker.invoke(Invoker.java:24)
	at io.cucumber.java.AbstractGlueDefinition.invokeMethod(AbstractGlueDefinition.java:47)
	at io.cucumber.java.JavaHookDefinition.execute(JavaHookDefinition.java:64)
	at io.cucumber.core.runner.CoreHookDefinition.execute(CoreHookDefinition.java:46)
	at io.cucumber.core.runner.HookDefinitionMatch.runStep(HookDefinitionMatch.java:21)
	at io.cucumber.core.runner.ExecutionMode$1.execute(ExecutionMode.java:10)
	at io.cucumber.core.runner.TestStep.executeStep(TestStep.java:84)
	at io.cucumber.core.runner.TestStep.run(TestStep.java:56)
	at io.cucumber.core.runner.TestCase.run(TestCase.java:90)
	at io.cucumber.core.runner.Runner.runPickle(Runner.java:75)
	at io.cucumber.junit.PickleRunners$NoStepDescriptions.lambda$run$0(PickleRunners.java:151)
	at io.cucumber.core.runtime.CucumberExecutionContext.lambda$runTestCase$5(CucumberExecutionContext.java:137)
	at io.cucumber.core.runtime.RethrowingThrowableCollector.executeAndThrow(RethrowingThrowableCollector.java:23)
	at io.cucumber.core.runtime.CucumberExecutionContext.runTestCase(CucumberExecutionContext.java:137)
	at io.cucumber.junit.PickleRunners$NoStepDescriptions.run(PickleRunners.java:148)
	at io.cucumber.junit.FeatureRunner.runChild(FeatureRunner.java:144)
	at io.cucumber.junit.FeatureRunner.runChild(FeatureRunner.java:28)
	at org.junit.runners.ParentRunner$4.run(ParentRunner.java:331)
	at org.junit.runners.ParentRunner$1.schedule(ParentRunner.java:79)
	at org.junit.runners.ParentRunner.runChildren(ParentRunner.java:329)
	at org.junit.runners.ParentRunner.access$100(ParentRunner.java:66)
	at org.junit.runners.ParentRunner$2.evaluate(ParentRunner.java:293)
	at org.junit.runners.ParentRunner$3.evaluate(ParentRunner.java:306)
	at org.junit.runners.ParentRunner.run(ParentRunner.java:413)
	at io.cucumber.junit.FeatureRunner.run(FeatureRunner.java:137)
	at io.cucumber.junit.Cucumber.runChild(Cucumber.java:196)
	at io.cucumber.junit.Cucumber.runChild(Cucumber.java:89)
	at org.junit.runners.ParentRunner$4.run(ParentRunner.java:331)
	at org.apache.maven.surefire.junitcore.pc.Scheduler$1.run(Scheduler.java:345)
	at java.base/java.util.concurrent.Executors$RunnableAdapter.call(Executors.java:515)
	at java.base/java.util.concurrent.FutureTask.run(FutureTask.java:264)
	at java.base/java.util.concurrent.ThreadPoolExecutor.runWorker(ThreadPoolExecutor.java:1128)
	at java.base/java.util.concurrent.ThreadPoolExecutor$Worker.run(ThreadPoolExecutor.java:628)
	at java.base/java.lang.Thread.run(Thread.java:829)
Caused by: org.openqa.selenium.SessionNotCreatedException: Could not start a new session. Response code 500. Message: session not created: Microsoft Edge failed to start: exited normally.
  (session not created: DevToolsActivePort file doesn't exist)
  (The process started from msedge location /Users/runner/.cache/selenium/MicrosoftEdge/mac-arm64/130.0.2849.46/Microsoft Edge.app/Contents/MacOS/Microsoft Edge is no longer running, so msedgedriver is assuming that msedge has crashed.) 
Host info: host: 'Mac-1729580084431.local', ip: 'fe80:0:0:0:cc0:cfc:c33b:e22b%en0'
Build info: version: '4.23.0', revision: '4df0a231af'
System info: os.name: 'Mac OS X', os.arch: 'aarch64', os.version: '14.7', java.version: '11.0.24'
Driver info: org.openqa.selenium.edge.EdgeDriver
Command: [null, newSession {capabilities=[Capabilities {browserName: MicrosoftEdge, ms:edgeOptions: {args: [--headless=new], binary: /Users/runner/.cache/seleni..., extensions: []}}]}]
	at org.openqa.selenium.remote.ProtocolHandshake.createSession(ProtocolHandshake.java:114)
	at org.openqa.selenium.remote.ProtocolHandshake.createSession(ProtocolHandshake.java:75)
	at org.openqa.selenium.remote.ProtocolHandshake.createSession(ProtocolHandshake.java:61)
	at org.openqa.selenium.remote.HttpCommandExecutor.execute(HttpCommandExecutor.java:162)
	at org.openqa.selenium.remote.service.DriverCommandExecutor.invokeExecute(DriverCommandExecutor.java:216)
	at org.openqa.selenium.remote.service.DriverCommandExecutor.execute(DriverCommandExecutor.java:174)
	at org.openqa.selenium.remote.RemoteWebDriver.execute(RemoteWebDriver.java:527)
	at org.openqa.selenium.remote.RemoteWebDriver.startSession(RemoteWebDriver.java:234)
	at org.openqa.selenium.remote.RemoteWebDriver.<init>(RemoteWebDriver.java:163)
	at org.openqa.selenium.chromium.ChromiumDriver.<init>(ChromiumDriver.java:114)
	at org.openqa.selenium.edge.EdgeDriver.<init>(EdgeDriver.java:60)
	at org.openqa.selenium.edge.EdgeDriver.<init>(EdgeDriver.java:56)
	at org.openqa.selenium.edge.EdgeDriver.<init>(EdgeDriver.java:48)
	at com.octoperf.jpetstore6.singletonDriver.Driver.getDriver(Driver.java:63)
	... 41 common frames omitted
2024-10-22 07:07:33.176 [pool-3-thread-4] INFO  c.o.j.s.Hooks - Attached logs to Allure report.
2024-10-22 07:07:33.176 [pool-3-thread-3] ERROR c.o.j.s.Driver - Failed to initialize WebDriver: Could not start a new session. Response code 500. Message: session not created: Microsoft Edge failed to start: exited normally.
  (session not created: DevToolsActivePort file doesn't exist)
  (The process started from msedge location /Users/runner/.cache/selenium/MicrosoftEdge/mac-arm64/130.0.2849.46/Microsoft Edge.app/Contents/MacOS/Microsoft Edge is no longer running, so msedgedriver is assuming that msedge has crashed.) 
Host info: host: 'Mac-1729580084431.local', ip: 'fe80:0:0:0:cc0:cfc:c33b:e22b%en0'
Build info: version: '4.23.0', revision: '4df0a231af'
System info: os.name: 'Mac OS X', os.arch: 'aarch64', os.version: '14.7', java.version: '11.0.24'
Driver info: org.openqa.selenium.edge.EdgeDriver
Command: [null, newSession {capabilities=[Capabilities {browserName: MicrosoftEdge, ms:edgeOptions: {args: [--headless=new], binary: /Users/runner/.cache/seleni..., extensions: []}}]}]
2024-10-22 07:07:33.176 [pool-3-thread-3] ERROR c.o.j.s.Hooks - Failed to take screenshot for scenario: Verify Page Title and URL
java.lang.RuntimeException: Failed to initialize WebDriver
	at com.octoperf.jpetstore6.singletonDriver.Driver.getDriver(Driver.java:75)
	at com.octoperf.jpetstore6.stepDefs.Hooks.takeScreenshot(Hooks.java:66)
	at com.octoperf.jpetstore6.stepDefs.Hooks.tearDown(Hooks.java:49)
	at java.base/jdk.internal.reflect.NativeMethodAccessorImpl.invoke0(Native Method)
	at java.base/jdk.internal.reflect.NativeMethodAccessorImpl.invoke(NativeMethodAccessorImpl.java:62)
	at java.base/jdk.internal.reflect.DelegatingMethodAccessorImpl.invoke(DelegatingMethodAccessorImpl.java:43)
	at java.base/java.lang.reflect.Method.invoke(Method.java:566)
	at io.cucumber.java.Invoker.doInvoke(Invoker.java:66)
	at io.cucumber.java.Invoker.invoke(Invoker.java:24)
	at io.cucumber.java.AbstractGlueDefinition.invokeMethod(AbstractGlueDefinition.java:47)
	at io.cucumber.java.JavaHookDefinition.execute(JavaHookDefinition.java:64)
	at io.cucumber.core.runner.CoreHookDefinition.execute(CoreHookDefinition.java:46)
	at io.cucumber.core.runner.HookDefinitionMatch.runStep(HookDefinitionMatch.java:21)
	at io.cucumber.core.runner.ExecutionMode$1.execute(ExecutionMode.java:10)
	at io.cucumber.core.runner.TestStep.executeStep(TestStep.java:84)
	at io.cucumber.core.runner.TestStep.run(TestStep.java:56)
	at io.cucumber.core.runner.TestCase.run(TestCase.java:90)
	at io.cucumber.core.runner.Runner.runPickle(Runner.java:75)
	at io.cucumber.junit.PickleRunners$NoStepDescriptions.lambda$run$0(PickleRunners.java:151)
	at io.cucumber.core.runtime.CucumberExecutionContext.lambda$runTestCase$5(CucumberExecutionContext.java:137)
	at io.cucumber.core.runtime.RethrowingThrowableCollector.executeAndThrow(RethrowingThrowableCollector.java:23)
	at io.cucumber.core.runtime.CucumberExecutionContext.runTestCase(CucumberExecutionContext.java:137)
	at io.cucumber.junit.PickleRunners$NoStepDescriptions.run(PickleRunners.java:148)
	at io.cucumber.junit.FeatureRunner.runChild(FeatureRunner.java:144)
	at io.cucumber.junit.FeatureRunner.runChild(FeatureRunner.java:28)
	at org.junit.runners.ParentRunner$4.run(ParentRunner.java:331)
	at org.junit.runners.ParentRunner$1.schedule(ParentRunner.java:79)
	at org.junit.runners.ParentRunner.runChildren(ParentRunner.java:329)
	at org.junit.runners.ParentRunner.access$100(ParentRunner.java:66)
	at org.junit.runners.ParentRunner$2.evaluate(ParentRunner.java:293)
	at org.junit.runners.ParentRunner$3.evaluate(ParentRunner.java:306)
	at org.junit.runners.ParentRunner.run(ParentRunner.java:413)
	at io.cucumber.junit.FeatureRunner.run(FeatureRunner.java:137)
	at io.cucumber.junit.Cucumber.runChild(Cucumber.java:196)
	at io.cucumber.junit.Cucumber.runChild(Cucumber.java:89)
	at org.junit.runners.ParentRunner$4.run(ParentRunner.java:331)
	at org.apache.maven.surefire.junitcore.pc.Scheduler$1.run(Scheduler.java:345)
	at java.base/java.util.concurrent.Executors$RunnableAdapter.call(Executors.java:515)
	at java.base/java.util.concurrent.FutureTask.run(FutureTask.java:264)
	at java.base/java.util.concurrent.ThreadPoolExecutor.runWorker(ThreadPoolExecutor.java:1128)
	at java.base/java.util.concurrent.ThreadPoolExecutor$Worker.run(ThreadPoolExecutor.java:628)
	at java.base/java.lang.Thread.run(Thread.java:829)
Caused by: org.openqa.selenium.SessionNotCreatedException: Could not start a new session. Response code 500. Message: session not created: Microsoft Edge failed to start: exited normally.
  (session not created: DevToolsActivePort file doesn't exist)
  (The process started from msedge location /Users/runner/.cache/selenium/MicrosoftEdge/mac-arm64/130.0.2849.46/Microsoft Edge.app/Contents/MacOS/Microsoft Edge is no longer running, so msedgedriver is assuming that msedge has crashed.) 
Host info: host: 'Mac-1729580084431.local', ip: 'fe80:0:0:0:cc0:cfc:c33b:e22b%en0'
Build info: version: '4.23.0', revision: '4df0a231af'
System info: os.name: 'Mac OS X', os.arch: 'aarch64', os.version: '14.7', java.version: '11.0.24'
Driver info: org.openqa.selenium.edge.EdgeDriver
Command: [null, newSession {capabilities=[Capabilities {browserName: MicrosoftEdge, ms:edgeOptions: {args: [--headless=new], binary: /Users/runner/.cache/seleni..., extensions: []}}]}]
	at org.openqa.selenium.remote.ProtocolHandshake.createSession(ProtocolHandshake.java:114)
	at org.openqa.selenium.remote.ProtocolHandshake.createSession(ProtocolHandshake.java:75)
	at org.openqa.selenium.remote.ProtocolHandshake.createSession(ProtocolHandshake.java:61)
	at org.openqa.selenium.remote.HttpCommandExecutor.execute(HttpCommandExecutor.java:162)
	at org.openqa.selenium.remote.service.DriverCommandExecutor.invokeExecute(DriverCommandExecutor.java:216)
	at org.openqa.selenium.remote.service.DriverCommandExecutor.execute(DriverCommandExecutor.java:174)
	at org.openqa.selenium.remote.RemoteWebDriver.execute(RemoteWebDriver.java:527)
	at org.openqa.selenium.remote.RemoteWebDriver.startSession(RemoteWebDriver.java:234)
	at org.openqa.selenium.remote.RemoteWebDriver.<init>(RemoteWebDriver.java:163)
	at org.openqa.selenium.chromium.ChromiumDriver.<init>(ChromiumDriver.java:114)
	at org.openqa.selenium.edge.EdgeDriver.<init>(EdgeDriver.java:60)
	at org.openqa.selenium.edge.EdgeDriver.<init>(EdgeDriver.java:56)
	at org.openqa.selenium.edge.EdgeDriver.<init>(EdgeDriver.java:48)
	at com.octoperf.jpetstore6.singletonDriver.Driver.getDriver(Driver.java:63)
	... 41 common frames omitted
2024-10-22 07:07:33.176 [pool-3-thread-3] INFO  c.o.j.s.Hooks - Attached logs to Allure report.
2024-10-22 07:07:35.538 [pool-3-thread-2] INFO  c.o.j.s.Driver - Initialized WebDriver for headless-edge browser
2024-10-22 07:07:38.156 [pool-3-thread-1] INFO  c.o.j.s.Hooks - Starting scenario execution on Mac OS X
2024-10-22 07:07:38.168 [pool-3-thread-2] INFO  c.o.j.s.SD01_Common - Current page is: |Welcome|
2024-10-22 07:07:38.173 [pool-3-thread-4] INFO  c.o.j.s.Hooks - Starting scenario execution on Mac OS X
2024-10-22 07:07:38.177 [pool-3-thread-3] INFO  c.o.j.s.Hooks - Starting scenario execution on Mac OS X
2024-10-22 07:07:38.837 [pool-3-thread-2] INFO  c.o.j.s.SD01_Common - Clicked on the |Enter The Store Link|
2024-10-22 07:07:38.839 [pool-3-thread-2] INFO  c.o.j.s.SD01_Common - Current page is: |Catalog|
2024-10-22 07:07:38.839 [pool-3-thread-2] INFO  c.o.j.s.SD01_Common - Expected page title: |JPetStore Demo|
2024-10-22 07:07:38.839 [pool-3-thread-2] INFO  c.o.j.s.SD01_Common - Expected url: |https://petstore.octoperf.com/actions/Catalog.action|
2024-10-22 07:07:38.849 [pool-3-thread-2] INFO  c.o.j.p.P01_BasePage - Actual Title: |JPetStore Demo|
2024-10-22 07:07:38.850 [pool-3-thread-2] INFO  c.o.j.p.P01_BasePage - Actual Url: |https://petstore.octoperf.com/actions/Catalog.action|
2024-10-22 07:07:38.851 [pool-3-thread-2] INFO  c.o.j.s.SD01_Common - The page title and the URL are as expected.
2024-10-22 07:07:39.856 [pool-3-thread-1] INFO  c.o.j.s.Driver - Initialized WebDriver for headless-edge browser
2024-10-22 07:07:39.873 [pool-3-thread-3] INFO  c.o.j.s.Driver - Initialized WebDriver for headless-edge browser
2024-10-22 07:07:39.982 [pool-3-thread-4] INFO  c.o.j.s.Driver - Initialized WebDriver for headless-edge browser
2024-10-22 07:07:40.223 [pool-3-thread-2] INFO  c.o.j.s.Driver - Closed WebDriver instance
2024-10-22 07:07:40.236 [pool-3-thread-2] INFO  c.o.j.s.Hooks - Attached logs to Allure report.
2024-10-22 07:07:40.255 [pool-3-thread-2] INFO  c.o.j.s.Hooks - Starting scenario execution on Mac OS X
2024-10-22 07:07:41.691 [pool-3-thread-2] INFO  c.o.j.s.Driver - Initialized WebDriver for headless-edge browser
2024-10-22 07:07:41.754 [pool-3-thread-1] INFO  c.o.j.s.SD01_Common - Current page is: |Welcome|
2024-10-22 07:07:41.819 [pool-3-thread-3] INFO  c.o.j.s.SD01_Common - Current page is: |Welcome|
2024-10-22 07:07:41.823 [pool-3-thread-4] INFO  c.o.j.s.SD01_Common - Current page is: |Welcome|
2024-10-22 07:07:41.853 [pool-3-thread-1] INFO  c.o.j.s.SD01_Common - The |Welcome Header| visible on the page
2024-10-22 07:07:41.879 [pool-3-thread-1] INFO  c.o.j.s.SD01_Common - The |Enter The Store Link| visible on the page
2024-10-22 07:07:41.919 [pool-3-thread-1] INFO  c.o.j.s.SD01_Common - The |Copyright Subtitle| visible on the page
2024-10-22 07:07:42.403 [pool-3-thread-3] INFO  c.o.j.s.SD01_Common - Clicked on the |Enter The Store Link|
2024-10-22 07:07:42.404 [pool-3-thread-3] INFO  c.o.j.s.SD01_Common - Current page is: |Catalog|
2024-10-22 07:07:42.461 [pool-3-thread-4] INFO  c.o.j.s.SD01_Common - Clicked on the |Enter The Store Link|
2024-10-22 07:07:42.464 [pool-3-thread-4] INFO  c.o.j.s.SD01_Common - Current page is: |Catalog|
2024-10-22 07:07:42.708 [pool-3-thread-3] INFO  c.o.j.s.SD01_Common - Clicked on the |Help Link|
2024-10-22 07:07:42.750 [pool-3-thread-4] INFO  c.o.j.s.SD01_Common - Clicked on the |Sign-In Link|
2024-10-22 07:07:42.751 [pool-3-thread-4] INFO  c.o.j.s.SD01_Common - Current page is: |SignIn|
2024-10-22 07:07:42.800 [pool-3-thread-2] INFO  c.o.j.s.SD01_Common - Current page is: |Welcome|
2024-10-22 07:07:43.005 [pool-3-thread-3] INFO  c.o.j.s.SD01_Common - Current page is: |Help|
2024-10-22 07:07:43.037 [pool-3-thread-3] INFO  c.o.j.s.SD01_Common - The |Copyright Subtitle| visible on the page
2024-10-22 07:07:43.156 [pool-3-thread-4] INFO  c.o.j.s.SD01_Common - Clicked on the |Register Now Link|
2024-10-22 07:07:43.249 [pool-3-thread-1] INFO  c.o.j.s.Driver - Closed WebDriver instance
