2024-09-08 07:05:10.534 [pool-3-thread-2] INFO  c.o.j.s.Hooks - Starting scenario execution on Mac OS X
2024-09-08 07:05:10.537 [pool-3-thread-4] INFO  c.o.j.s.Hooks - Starting scenario execution on Mac OS X
2024-09-08 07:05:10.537 [pool-3-thread-1] INFO  c.o.j.s.Hooks - Starting scenario execution on Mac OS X
2024-09-08 07:05:10.555 [pool-3-thread-3] INFO  c.o.j.s.Hooks - Starting scenario execution on Mac OS X
2024-09-08 07:05:39.897 [pool-3-thread-1] ERROR c.o.j.s.Driver - Failed to initialize WebDriver: Unable to obtain: msedgedriver, error Command failed with code: 65, executed: [--browser, MicrosoftEdge, --language-binding, java, --output, json]
Permission denied (os error 13)
Build info: version: '4.23.0', revision: '4df0a231af'
System info: os.name: 'Mac OS X', os.arch: 'aarch64', os.version: '14.6.1', java.version: '11.0.24'
Driver info: driver.version: Driver
2024-09-08 07:05:40.291 [pool-3-thread-3] ERROR c.o.j.s.Driver - Failed to initialize WebDriver: Unable to obtain: msedgedriver, error Command failed with code: 65, executed: [--browser, MicrosoftEdge, --language-binding, java, --output, json]
Permission denied (os error 13)
Build info: version: '4.23.0', revision: '4df0a231af'
System info: os.name: 'Mac OS X', os.arch: 'aarch64', os.version: '14.6.1', java.version: '11.0.24'
Driver info: driver.version: Driver
2024-09-08 07:05:40.441 [pool-3-thread-4] ERROR c.o.j.s.Driver - Failed to initialize WebDriver: Unable to obtain: msedgedriver, error Command failed with code: 65, executed: [--browser, MicrosoftEdge, --language-binding, java, --output, json]
Permission denied (os error 13)
Build info: version: '4.23.0', revision: '4df0a231af'
System info: os.name: 'Mac OS X', os.arch: 'aarch64', os.version: '14.6.1', java.version: '11.0.24'
Driver info: driver.version: Driver
2024-09-08 07:05:43.965 [pool-3-thread-3] ERROR c.o.j.s.Driver - Failed to initialize WebDriver: Could not start a new session. Response code 500. Message: session not created: Microsoft Edge failed to start: exited normally.
  (session not created: DevToolsActivePort file doesn't exist)
  (The process started from msedge location /Users/runner/.cache/selenium/MicrosoftEdge/mac-arm64/128.0.2739.67/Microsoft Edge.app/Contents/MacOS/Microsoft Edge is no longer running, so msedgedriver is assuming that msedge has crashed.) 
Host info: host: 'Mac-1725776966642.local', ip: 'fe80:0:0:0:836:893d:ab17:28a6%en0'
Build info: version: '4.23.0', revision: '4df0a231af'
System info: os.name: 'Mac OS X', os.arch: 'aarch64', os.version: '14.6.1', java.version: '11.0.24'
Driver info: org.openqa.selenium.edge.EdgeDriver
Command: [null, newSession {capabilities=[Capabilities {browserName: MicrosoftEdge, ms:edgeOptions: {args: [--headless=new], binary: /Users/runner/.cache/seleni..., extensions: []}}]}]
2024-09-08 07:05:43.965 [pool-3-thread-4] ERROR c.o.j.s.Driver - Failed to initialize WebDriver: Could not start a new session. Response code 500. Message: session not created: Microsoft Edge failed to start: exited normally.
  (session not created: DevToolsActivePort file doesn't exist)
  (The process started from msedge location /Users/runner/.cache/selenium/MicrosoftEdge/mac-arm64/128.0.2739.67/Microsoft Edge.app/Contents/MacOS/Microsoft Edge is no longer running, so msedgedriver is assuming that msedge has crashed.) 
Host info: host: 'Mac-1725776966642.local', ip: 'fe80:0:0:0:836:893d:ab17:28a6%en0'
Build info: version: '4.23.0', revision: '4df0a231af'
System info: os.name: 'Mac OS X', os.arch: 'aarch64', os.version: '14.6.1', java.version: '11.0.24'
Driver info: org.openqa.selenium.edge.EdgeDriver
Command: [null, newSession {capabilities=[Capabilities {browserName: MicrosoftEdge, ms:edgeOptions: {args: [--headless=new], binary: /Users/runner/.cache/seleni..., extensions: []}}]}]
2024-09-08 07:05:43.966 [pool-3-thread-1] ERROR c.o.j.s.Driver - Failed to initialize WebDriver: Could not start a new session. Response code 500. Message: session not created: Microsoft Edge failed to start: exited normally.
  (session not created: DevToolsActivePort file doesn't exist)
  (The process started from msedge location /Users/runner/.cache/selenium/MicrosoftEdge/mac-arm64/128.0.2739.67/Microsoft Edge.app/Contents/MacOS/Microsoft Edge is no longer running, so msedgedriver is assuming that msedge has crashed.) 
Host info: host: 'Mac-1725776966642.local', ip: 'fe80:0:0:0:836:893d:ab17:28a6%en0'
Build info: version: '4.23.0', revision: '4df0a231af'
System info: os.name: 'Mac OS X', os.arch: 'aarch64', os.version: '14.6.1', java.version: '11.0.24'
Driver info: org.openqa.selenium.edge.EdgeDriver
Command: [null, newSession {capabilities=[Capabilities {browserName: MicrosoftEdge, ms:edgeOptions: {args: [--headless=new], binary: /Users/runner/.cache/seleni..., extensions: []}}]}]
2024-09-08 07:05:43.966 [pool-3-thread-1] ERROR c.o.j.s.Hooks - Failed to take screenshot for scenario: Verify Page Title and URL
java.lang.RuntimeException: Failed to initialize WebDriver
	at com.octoperf.jpetstore6.singletonDriver.Driver.getDriver(Driver.java:75)
	at com.octoperf.jpetstore6.stepDefs.Hooks.takeScreenshot(Hooks.java:66)
	at com.octoperf.jpetstore6.stepDefs.Hooks.tearDown(Hooks.java:49)
	at java.base/jdk.internal.reflect.NativeMethodAccessorImpl.invoke0(Native Method)
	at java.base/jdk.internal.reflect.NativeMethodAccessorImpl.invoke(NativeMethodAccessorImpl.java:62)
	at java.base/jdk.internal.reflect.DelegatingMethodAccessorImpl.invoke(DelegatingMethodAccessorImpl.java:43)
	at java.base/java.lang.reflect.Method.invoke(Method.java:566)
	at io.cucumber.java.Invoker.doInvoke(Invoker.java:66)
	at io.cucumber.java.Invoker.invoke(Invoker.java:24)
	at io.cucumber.java.AbstractGlueDefinition.invokeMethod(AbstractGlueDefinition.java:47)
	at io.cucumber.java.JavaHookDefinition.execute(JavaHookDefinition.java:64)
	at io.cucumber.core.runner.CoreHookDefinition.execute(CoreHookDefinition.java:46)
	at io.cucumber.core.runner.HookDefinitionMatch.runStep(HookDefinitionMatch.java:21)
	at io.cucumber.core.runner.ExecutionMode$1.execute(ExecutionMode.java:10)
	at io.cucumber.core.runner.TestStep.executeStep(TestStep.java:84)
	at io.cucumber.core.runner.TestStep.run(TestStep.java:56)
	at io.cucumber.core.runner.TestCase.run(TestCase.java:90)
	at io.cucumber.core.runner.Runner.runPickle(Runner.java:75)
	at io.cucumber.junit.PickleRunners$NoStepDescriptions.lambda$run$0(PickleRunners.java:151)
	at io.cucumber.core.runtime.CucumberExecutionContext.lambda$runTestCase$5(CucumberExecutionContext.java:137)
	at io.cucumber.core.runtime.RethrowingThrowableCollector.executeAndThrow(RethrowingThrowableCollector.java:23)
	at io.cucumber.core.runtime.CucumberExecutionContext.runTestCase(CucumberExecutionContext.java:137)
	at io.cucumber.junit.PickleRunners$NoStepDescriptions.run(PickleRunners.java:148)
	at io.cucumber.junit.FeatureRunner.runChild(FeatureRunner.java:144)
	at io.cucumber.junit.FeatureRunner.runChild(FeatureRunner.java:28)
	at org.junit.runners.ParentRunner$4.run(ParentRunner.java:331)
	at org.junit.runners.ParentRunner$1.schedule(ParentRunner.java:79)
	at org.junit.runners.ParentRunner.runChildren(ParentRunner.java:329)
	at org.junit.runners.ParentRunner.access$100(ParentRunner.java:66)
	at org.junit.runners.ParentRunner$2.evaluate(ParentRunner.java:293)
	at org.junit.runners.ParentRunner$3.evaluate(ParentRunner.java:306)
	at org.junit.runners.ParentRunner.run(ParentRunner.java:413)
	at io.cucumber.junit.FeatureRunner.run(FeatureRunner.java:137)
	at io.cucumber.junit.Cucumber.runChild(Cucumber.java:196)
	at io.cucumber.junit.Cucumber.runChild(Cucumber.java:89)
	at org.junit.runners.ParentRunner$4.run(ParentRunner.java:331)
	at org.apache.maven.surefire.junitcore.pc.Scheduler$1.run(Scheduler.java:345)
	at java.base/java.util.concurrent.Executors$RunnableAdapter.call(Executors.java:515)
	at java.base/java.util.concurrent.FutureTask.run(FutureTask.java:264)
	at java.base/java.util.concurrent.ThreadPoolExecutor.runWorker(ThreadPoolExecutor.java:1128)
	at java.base/java.util.concurrent.ThreadPoolExecutor$Worker.run(ThreadPoolExecutor.java:628)
	at java.base/java.lang.Thread.run(Thread.java:829)
Caused by: org.openqa.selenium.SessionNotCreatedException: Could not start a new session. Response code 500. Message: session not created: Microsoft Edge failed to start: exited normally.
  (session not created: DevToolsActivePort file doesn't exist)
  (The process started from msedge location /Users/runner/.cache/selenium/MicrosoftEdge/mac-arm64/128.0.2739.67/Microsoft Edge.app/Contents/MacOS/Microsoft Edge is no longer running, so msedgedriver is assuming that msedge has crashed.) 
Host info: host: 'Mac-1725776966642.local', ip: 'fe80:0:0:0:836:893d:ab17:28a6%en0'
Build info: version: '4.23.0', revision: '4df0a231af'
System info: os.name: 'Mac OS X', os.arch: 'aarch64', os.version: '14.6.1', java.version: '11.0.24'
Driver info: org.openqa.selenium.edge.EdgeDriver
Command: [null, newSession {capabilities=[Capabilities {browserName: MicrosoftEdge, ms:edgeOptions: {args: [--headless=new], binary: /Users/runner/.cache/seleni..., extensions: []}}]}]
	at org.openqa.selenium.remote.ProtocolHandshake.createSession(ProtocolHandshake.java:114)
	at org.openqa.selenium.remote.ProtocolHandshake.createSession(ProtocolHandshake.java:75)
	at org.openqa.selenium.remote.ProtocolHandshake.createSession(ProtocolHandshake.java:61)
	at org.openqa.selenium.remote.HttpCommandExecutor.execute(HttpCommandExecutor.java:162)
	at org.openqa.selenium.remote.service.DriverCommandExecutor.invokeExecute(DriverCommandExecutor.java:216)
	at org.openqa.selenium.remote.service.DriverCommandExecutor.execute(DriverCommandExecutor.java:174)
	at org.openqa.selenium.remote.RemoteWebDriver.execute(RemoteWebDriver.java:527)
	at org.openqa.selenium.remote.RemoteWebDriver.startSession(RemoteWebDriver.java:234)
	at org.openqa.selenium.remote.RemoteWebDriver.<init>(RemoteWebDriver.java:163)
	at org.openqa.selenium.chromium.ChromiumDriver.<init>(ChromiumDriver.java:114)
	at org.openqa.selenium.edge.EdgeDriver.<init>(EdgeDriver.java:60)
	at org.openqa.selenium.edge.EdgeDriver.<init>(EdgeDriver.java:56)
	at org.openqa.selenium.edge.EdgeDriver.<init>(EdgeDriver.java:48)
	at com.octoperf.jpetstore6.singletonDriver.Driver.getDriver(Driver.java:63)
	... 41 common frames omitted
2024-09-08 07:05:43.965 [pool-3-thread-4] ERROR c.o.j.s.Hooks - Failed to take screenshot for scenario: Verify Page Title and URL
java.lang.RuntimeException: Failed to initialize WebDriver
	at com.octoperf.jpetstore6.singletonDriver.Driver.getDriver(Driver.java:75)
	at com.octoperf.jpetstore6.stepDefs.Hooks.takeScreenshot(Hooks.java:66)
	at com.octoperf.jpetstore6.stepDefs.Hooks.tearDown(Hooks.java:49)
	at java.base/jdk.internal.reflect.NativeMethodAccessorImpl.invoke0(Native Method)
	at java.base/jdk.internal.reflect.NativeMethodAccessorImpl.invoke(NativeMethodAccessorImpl.java:62)
	at java.base/jdk.internal.reflect.DelegatingMethodAccessorImpl.invoke(DelegatingMethodAccessorImpl.java:43)
	at java.base/java.lang.reflect.Method.invoke(Method.java:566)
	at io.cucumber.java.Invoker.doInvoke(Invoker.java:66)
	at io.cucumber.java.Invoker.invoke(Invoker.java:24)
	at io.cucumber.java.AbstractGlueDefinition.invokeMethod(AbstractGlueDefinition.java:47)
	at io.cucumber.java.JavaHookDefinition.execute(JavaHookDefinition.java:64)
	at io.cucumber.core.runner.CoreHookDefinition.execute(CoreHookDefinition.java:46)
	at io.cucumber.core.runner.HookDefinitionMatch.runStep(HookDefinitionMatch.java:21)
	at io.cucumber.core.runner.ExecutionMode$1.execute(ExecutionMode.java:10)
	at io.cucumber.core.runner.TestStep.executeStep(TestStep.java:84)
	at io.cucumber.core.runner.TestStep.run(TestStep.java:56)
	at io.cucumber.core.runner.TestCase.run(TestCase.java:90)
	at io.cucumber.core.runner.Runner.runPickle(Runner.java:75)
	at io.cucumber.junit.PickleRunners$NoStepDescriptions.lambda$run$0(PickleRunners.java:151)
	at io.cucumber.core.runtime.CucumberExecutionContext.lambda$runTestCase$5(CucumberExecutionContext.java:137)
	at io.cucumber.core.runtime.RethrowingThrowableCollector.executeAndThrow(RethrowingThrowableCollector.java:23)
	at io.cucumber.core.runtime.CucumberExecutionContext.runTestCase(CucumberExecutionContext.java:137)
	at io.cucumber.junit.PickleRunners$NoStepDescriptions.run(PickleRunners.java:148)
	at io.cucumber.junit.FeatureRunner.runChild(FeatureRunner.java:144)
	at io.cucumber.junit.FeatureRunner.runChild(FeatureRunner.java:28)
	at org.junit.runners.ParentRunner$4.run(ParentRunner.java:331)
	at org.junit.runners.ParentRunner$1.schedule(ParentRunner.java:79)
	at org.junit.runners.ParentRunner.runChildren(ParentRunner.java:329)
	at org.junit.runners.ParentRunner.access$100(ParentRunner.java:66)
	at org.junit.runners.ParentRunner$2.evaluate(ParentRunner.java:293)
	at org.junit.runners.ParentRunner$3.evaluate(ParentRunner.java:306)
	at org.junit.runners.ParentRunner.run(ParentRunner.java:413)
	at io.cucumber.junit.FeatureRunner.run(FeatureRunner.java:137)
	at io.cucumber.junit.Cucumber.runChild(Cucumber.java:196)
	at io.cucumber.junit.Cucumber.runChild(Cucumber.java:89)
	at org.junit.runners.ParentRunner$4.run(ParentRunner.java:331)
	at org.apache.maven.surefire.junitcore.pc.Scheduler$1.run(Scheduler.java:345)
	at java.base/java.util.concurrent.Executors$RunnableAdapter.call(Executors.java:515)
	at java.base/java.util.concurrent.FutureTask.run(FutureTask.java:264)
	at java.base/java.util.concurrent.ThreadPoolExecutor.runWorker(ThreadPoolExecutor.java:1128)
	at java.base/java.util.concurrent.ThreadPoolExecutor$Worker.run(ThreadPoolExecutor.java:628)
	at java.base/java.lang.Thread.run(Thread.java:829)
Caused by: org.openqa.selenium.SessionNotCreatedException: Could not start a new session. Response code 500. Message: session not created: Microsoft Edge failed to start: exited normally.
  (session not created: DevToolsActivePort file doesn't exist)
  (The process started from msedge location /Users/runner/.cache/selenium/MicrosoftEdge/mac-arm64/128.0.2739.67/Microsoft Edge.app/Contents/MacOS/Microsoft Edge is no longer running, so msedgedriver is assuming that msedge has crashed.) 
Host info: host: 'Mac-1725776966642.local', ip: 'fe80:0:0:0:836:893d:ab17:28a6%en0'
Build info: version: '4.23.0', revision: '4df0a231af'
System info: os.name: 'Mac OS X', os.arch: 'aarch64', os.version: '14.6.1', java.version: '11.0.24'
Driver info: org.openqa.selenium.edge.EdgeDriver
Command: [null, newSession {capabilities=[Capabilities {browserName: MicrosoftEdge, ms:edgeOptions: {args: [--headless=new], binary: /Users/runner/.cache/seleni..., extensions: []}}]}]
	at org.openqa.selenium.remote.ProtocolHandshake.createSession(ProtocolHandshake.java:114)
	at org.openqa.selenium.remote.ProtocolHandshake.createSession(ProtocolHandshake.java:75)
	at org.openqa.selenium.remote.ProtocolHandshake.createSession(ProtocolHandshake.java:61)
	at org.openqa.selenium.remote.HttpCommandExecutor.execute(HttpCommandExecutor.java:162)
	at org.openqa.selenium.remote.service.DriverCommandExecutor.invokeExecute(DriverCommandExecutor.java:216)
	at org.openqa.selenium.remote.service.DriverCommandExecutor.execute(DriverCommandExecutor.java:174)
	at org.openqa.selenium.remote.RemoteWebDriver.execute(RemoteWebDriver.java:527)
	at org.openqa.selenium.remote.RemoteWebDriver.startSession(RemoteWebDriver.java:234)
	at org.openqa.selenium.remote.RemoteWebDriver.<init>(RemoteWebDriver.java:163)
	at org.openqa.selenium.chromium.ChromiumDriver.<init>(ChromiumDriver.java:114)
	at org.openqa.selenium.edge.EdgeDriver.<init>(EdgeDriver.java:60)
	at org.openqa.selenium.edge.EdgeDriver.<init>(EdgeDriver.java:56)
	at org.openqa.selenium.edge.EdgeDriver.<init>(EdgeDriver.java:48)
	at com.octoperf.jpetstore6.singletonDriver.Driver.getDriver(Driver.java:63)
	... 41 common frames omitted
2024-09-08 07:05:43.965 [pool-3-thread-3] ERROR c.o.j.s.Hooks - Failed to take screenshot for scenario: Verify Page Title and URL
java.lang.RuntimeException: Failed to initialize WebDriver
	at com.octoperf.jpetstore6.singletonDriver.Driver.getDriver(Driver.java:75)
	at com.octoperf.jpetstore6.stepDefs.Hooks.takeScreenshot(Hooks.java:66)
	at com.octoperf.jpetstore6.stepDefs.Hooks.tearDown(Hooks.java:49)
	at java.base/jdk.internal.reflect.NativeMethodAccessorImpl.invoke0(Native Method)
	at java.base/jdk.internal.reflect.NativeMethodAccessorImpl.invoke(NativeMethodAccessorImpl.java:62)
	at java.base/jdk.internal.reflect.DelegatingMethodAccessorImpl.invoke(DelegatingMethodAccessorImpl.java:43)
	at java.base/java.lang.reflect.Method.invoke(Method.java:566)
	at io.cucumber.java.Invoker.doInvoke(Invoker.java:66)
	at io.cucumber.java.Invoker.invoke(Invoker.java:24)
	at io.cucumber.java.AbstractGlueDefinition.invokeMethod(AbstractGlueDefinition.java:47)
	at io.cucumber.java.JavaHookDefinition.execute(JavaHookDefinition.java:64)
	at io.cucumber.core.runner.CoreHookDefinition.execute(CoreHookDefinition.java:46)
	at io.cucumber.core.runner.HookDefinitionMatch.runStep(HookDefinitionMatch.java:21)
	at io.cucumber.core.runner.ExecutionMode$1.execute(ExecutionMode.java:10)
	at io.cucumber.core.runner.TestStep.executeStep(TestStep.java:84)
	at io.cucumber.core.runner.TestStep.run(TestStep.java:56)
	at io.cucumber.core.runner.TestCase.run(TestCase.java:90)
	at io.cucumber.core.runner.Runner.runPickle(Runner.java:75)
	at io.cucumber.junit.PickleRunners$NoStepDescriptions.lambda$run$0(PickleRunners.java:151)
	at io.cucumber.core.runtime.CucumberExecutionContext.lambda$runTestCase$5(CucumberExecutionContext.java:137)
	at io.cucumber.core.runtime.RethrowingThrowableCollector.executeAndThrow(RethrowingThrowableCollector.java:23)
	at io.cucumber.core.runtime.CucumberExecutionContext.runTestCase(CucumberExecutionContext.java:137)
	at io.cucumber.junit.PickleRunners$NoStepDescriptions.run(PickleRunners.java:148)
	at io.cucumber.junit.FeatureRunner.runChild(FeatureRunner.java:144)
	at io.cucumber.junit.FeatureRunner.runChild(FeatureRunner.java:28)
	at org.junit.runners.ParentRunner$4.run(ParentRunner.java:331)
	at org.junit.runners.ParentRunner$1.schedule(ParentRunner.java:79)
	at org.junit.runners.ParentRunner.runChildren(ParentRunner.java:329)
	at org.junit.runners.ParentRunner.access$100(ParentRunner.java:66)
	at org.junit.runners.ParentRunner$2.evaluate(ParentRunner.java:293)
	at org.junit.runners.ParentRunner$3.evaluate(ParentRunner.java:306)
	at org.junit.runners.ParentRunner.run(ParentRunner.java:413)
	at io.cucumber.junit.FeatureRunner.run(FeatureRunner.java:137)
	at io.cucumber.junit.Cucumber.runChild(Cucumber.java:196)
	at io.cucumber.junit.Cucumber.runChild(Cucumber.java:89)
	at org.junit.runners.ParentRunner$4.run(ParentRunner.java:331)
	at org.apache.maven.surefire.junitcore.pc.Scheduler$1.run(Scheduler.java:345)
	at java.base/java.util.concurrent.Executors$RunnableAdapter.call(Executors.java:515)
	at java.base/java.util.concurrent.FutureTask.run(FutureTask.java:264)
	at java.base/java.util.concurrent.ThreadPoolExecutor.runWorker(ThreadPoolExecutor.java:1128)
	at java.base/java.util.concurrent.ThreadPoolExecutor$Worker.run(ThreadPoolExecutor.java:628)
	at java.base/java.lang.Thread.run(Thread.java:829)
Caused by: org.openqa.selenium.SessionNotCreatedException: Could not start a new session. Response code 500. Message: session not created: Microsoft Edge failed to start: exited normally.
  (session not created: DevToolsActivePort file doesn't exist)
  (The process started from msedge location /Users/runner/.cache/selenium/MicrosoftEdge/mac-arm64/128.0.2739.67/Microsoft Edge.app/Contents/MacOS/Microsoft Edge is no longer running, so msedgedriver is assuming that msedge has crashed.) 
Host info: host: 'Mac-1725776966642.local', ip: 'fe80:0:0:0:836:893d:ab17:28a6%en0'
Build info: version: '4.23.0', revision: '4df0a231af'
System info: os.name: 'Mac OS X', os.arch: 'aarch64', os.version: '14.6.1', java.version: '11.0.24'
Driver info: org.openqa.selenium.edge.EdgeDriver
Command: [null, newSession {capabilities=[Capabilities {browserName: MicrosoftEdge, ms:edgeOptions: {args: [--headless=new], binary: /Users/runner/.cache/seleni..., extensions: []}}]}]
	at org.openqa.selenium.remote.ProtocolHandshake.createSession(ProtocolHandshake.java:114)
	at org.openqa.selenium.remote.ProtocolHandshake.createSession(ProtocolHandshake.java:75)
	at org.openqa.selenium.remote.ProtocolHandshake.createSession(ProtocolHandshake.java:61)
	at org.openqa.selenium.remote.HttpCommandExecutor.execute(HttpCommandExecutor.java:162)
	at org.openqa.selenium.remote.service.DriverCommandExecutor.invokeExecute(DriverCommandExecutor.java:216)
	at org.openqa.selenium.remote.service.DriverCommandExecutor.execute(DriverCommandExecutor.java:174)
	at org.openqa.selenium.remote.RemoteWebDriver.execute(RemoteWebDriver.java:527)
	at org.openqa.selenium.remote.RemoteWebDriver.startSession(RemoteWebDriver.java:234)
	at org.openqa.selenium.remote.RemoteWebDriver.<init>(RemoteWebDriver.java:163)
	at org.openqa.selenium.chromium.ChromiumDriver.<init>(ChromiumDriver.java:114)
	at org.openqa.selenium.edge.EdgeDriver.<init>(EdgeDriver.java:60)
	at org.openqa.selenium.edge.EdgeDriver.<init>(EdgeDriver.java:56)
	at org.openqa.selenium.edge.EdgeDriver.<init>(EdgeDriver.java:48)
	at com.octoperf.jpetstore6.singletonDriver.Driver.getDriver(Driver.java:63)
	... 41 common frames omitted
2024-09-08 07:05:43.998 [pool-3-thread-1] INFO  c.o.j.s.Hooks - Attached logs to Allure report.
2024-09-08 07:05:44.011 [pool-3-thread-4] INFO  c.o.j.s.Hooks - Attached logs to Allure report.
2024-09-08 07:05:44.022 [pool-3-thread-3] INFO  c.o.j.s.Hooks - Attached logs to Allure report.
2024-09-08 07:05:47.914 [pool-3-thread-2] INFO  c.o.j.s.Driver - Initialized WebDriver for headless-edge browser
2024-09-08 07:05:49.293 [pool-3-thread-4] INFO  c.o.j.s.Hooks - Starting scenario execution on Mac OS X
2024-09-08 07:05:49.293 [pool-3-thread-1] INFO  c.o.j.s.Hooks - Starting scenario execution on Mac OS X
2024-09-08 07:05:49.295 [pool-3-thread-3] INFO  c.o.j.s.Hooks - Starting scenario execution on Mac OS X
2024-09-08 07:05:49.319 [pool-3-thread-2] INFO  c.o.j.s.SD01_Common - Current page is: |Welcome|
2024-09-08 07:05:50.036 [pool-3-thread-2] INFO  c.o.j.s.SD01_Common - Clicked on the |Enter The Store Link|
2024-09-08 07:05:50.039 [pool-3-thread-2] INFO  c.o.j.s.SD01_Common - Current page is: |Catalog|
2024-09-08 07:05:50.039 [pool-3-thread-2] INFO  c.o.j.s.SD01_Common - Expected page title: |JPetStore Demo|
2024-09-08 07:05:50.040 [pool-3-thread-2] INFO  c.o.j.s.SD01_Common - Expected url: |https://petstore.octoperf.com/actions/Catalog.action|
2024-09-08 07:05:50.050 [pool-3-thread-2] INFO  c.o.j.p.P01_BasePage - Actual Title: |JPetStore Demo|
2024-09-08 07:05:50.050 [pool-3-thread-2] INFO  c.o.j.p.P01_BasePage - Actual Url: |https://petstore.octoperf.com/actions/Catalog.action|
2024-09-08 07:05:50.051 [pool-3-thread-2] INFO  c.o.j.s.SD01_Common - The page title and the URL are as expected.
2024-09-08 07:05:50.934 [pool-3-thread-3] INFO  c.o.j.s.Driver - Initialized WebDriver for headless-edge browser
2024-09-08 07:05:51.386 [pool-3-thread-2] INFO  c.o.j.s.Driver - Closed WebDriver instance
2024-09-08 07:05:51.386 [pool-3-thread-2] INFO  c.o.j.s.Hooks - Attached logs to Allure report.
2024-09-08 07:05:51.458 [pool-3-thread-2] INFO  c.o.j.s.Hooks - Starting scenario execution on Mac OS X
2024-09-08 07:05:51.529 [pool-3-thread-4] INFO  c.o.j.s.Driver - Initialized WebDriver for headless-edge browser
2024-09-08 07:05:51.575 [pool-3-thread-1] INFO  c.o.j.s.Driver - Initialized WebDriver for headless-edge browser
2024-09-08 07:05:53.056 [pool-3-thread-4] INFO  c.o.j.s.SD01_Common - Current page is: |Welcome|
2024-09-08 07:05:53.081 [pool-3-thread-3] INFO  c.o.j.s.SD01_Common - Current page is: |Welcome|
2024-09-08 07:05:53.733 [pool-3-thread-1] INFO  c.o.j.s.SD01_Common - Current page is: |Welcome|
2024-09-08 07:05:53.801 [pool-3-thread-1] INFO  c.o.j.s.SD01_Common - The |Welcome Header| visible on the page
2024-09-08 07:05:53.824 [pool-3-thread-1] INFO  c.o.j.s.SD01_Common - The |Enter The Store Link| visible on the page
2024-09-08 07:05:53.848 [pool-3-thread-1] INFO  c.o.j.s.SD01_Common - The |Copyright Subtitle| visible on the page
2024-09-08 07:05:53.872 [pool-3-thread-3] INFO  c.o.j.s.SD01_Common - Clicked on the |Enter The Store Link|
2024-09-08 07:05:53.874 [pool-3-thread-3] INFO  c.o.j.s.SD01_Common - Current page is: |Catalog|
2024-09-08 07:05:53.910 [pool-3-thread-4] INFO  c.o.j.s.SD01_Common - Clicked on the |Enter The Store Link|
2024-09-08 07:05:53.911 [pool-3-thread-4] INFO  c.o.j.s.SD01_Common - Current page is: |Catalog|
2024-09-08 07:05:54.111 [pool-3-thread-3] INFO  c.o.j.s.SD01_Common - Clicked on the |Help Link|
2024-09-08 07:05:54.127 [pool-3-thread-2] INFO  c.o.j.s.Driver - Initialized WebDriver for headless-edge browser
2024-09-08 07:05:54.214 [pool-3-thread-4] INFO  c.o.j.s.SD01_Common - Clicked on the |Sign-In Link|
2024-09-08 07:05:54.215 [pool-3-thread-4] INFO  c.o.j.s.SD01_Common - Current page is: |SignIn|
2024-09-08 07:05:54.229 [pool-3-thread-3] INFO  c.o.j.s.SD01_Common - Current page is: |Help|
2024-09-08 07:05:54.271 [pool-3-thread-3] INFO  c.o.j.s.SD01_Common - The |Copyright Subtitle| visible on the page
2024-09-08 07:05:54.466 [pool-3-thread-4] INFO  c.o.j.s.SD01_Common - Clicked on the |Register Now Link|
2024-09-08 07:05:54.495 [pool-3-thread-4] INFO  c.o.j.s.SD01_Common - Current page is: |Registration|
2024-09-08 07:05:54.497 [pool-3-thread-3] INFO  c.o.j.s.SD01_Common - The |Header Links| visible on the page
2024-09-08 07:05:54.521 [pool-3-thread-4] INFO  c.o.j.s.SD01_Common - The |User Id Input Box| visible on the page
2024-09-08 07:05:54.541 [pool-3-thread-4] INFO  c.o.j.s.SD01_Common - The |New Password Input Box| visible on the page
2024-09-08 07:05:54.561 [pool-3-thread-4] INFO  c.o.j.s.SD01_Common - The |Repeat Password Input Box| visible on the page
2024-09-08 07:05:54.584 [pool-3-thread-4] INFO  c.o.j.s.SD01_Common - The |Firstname Input Box| visible on the page
2024-09-08 07:05:54.601 [pool-3-thread-3] INFO  c.o.j.s.SD01_Common - The |All Headers| visible on the page
2024-09-08 07:05:54.608 [pool-3-thread-4] INFO  c.o.j.s.SD01_Common - The |Lastname Input Box| visible on the page
2024-09-08 07:05:54.633 [pool-3-thread-4] INFO  c.o.j.s.SD01_Common - The |Email Input Box| visible on the page
2024-09-08 07:05:54.654 [pool-3-thread-4] INFO  c.o.j.s.SD01_Common - The |Phone Input Box| visible on the page
2024-09-08 07:05:54.693 [pool-3-thread-4] INFO  c.o.j.s.SD01_Common - The |Address1 Input Box| visible on the page
2024-09-08 07:05:54.713 [pool-3-thread-4] INFO  c.o.j.s.SD01_Common - The |Address2 Input Box| visible on the page
2024-09-08 07:05:54.734 [pool-3-thread-4] INFO  c.o.j.s.SD01_Common - The |City Input Box| visible on the page
2024-09-08 07:05:54.756 [pool-3-thread-4] INFO  c.o.j.s.SD01_Common - The |State Input Box| visible on the page
2024-09-08 07:05:54.779 [pool-3-thread-4] INFO  c.o.j.s.SD01_Common - The |Zip Input Box| visible on the page
2024-09-08 07:05:54.794 [pool-3-thread-3] INFO  c.o.j.s.SD01_Common - The |All Paragraphs| visible on the page
2024-09-08 07:05:54.831 [pool-3-thread-4] INFO  c.o.j.s.SD01_Common - The |Country Input Box| visible on the page
2024-09-08 07:05:54.856 [pool-3-thread-4] INFO  c.o.j.s.SD01_Common - The |Language Preference Dropdown| visible on the page
2024-09-08 07:05:54.879 [pool-3-thread-4] INFO  c.o.j.s.SD01_Common - The |Favourite Category Dropdown| visible on the page
2024-09-08 07:05:54.901 [pool-3-thread-4] INFO  c.o.j.s.SD01_Common - The |Enable My List Checkbox| visible on the page
2024-09-08 07:05:54.920 [pool-3-thread-4] INFO  c.o.j.s.SD01_Common - The |Enable My Banner Checkbox| visible on the page
2024-09-08 07:05:54.938 [pool-3-thread-4] INFO  c.o.j.s.SD01_Common - The |Save Account Information Button| visible on the page
2024-09-08 07:05:54.955 [pool-3-thread-4] INFO  c.o.j.s.SD01_Common - The |User Information Header| visible on the page
2024-09-08 07:05:54.972 [pool-3-thread-4] INFO  c.o.j.s.SD01_Common - The |Account Information Header| visible on the page
2024-09-08 07:05:54.989 [pool-3-thread-4] INFO  c.o.j.s.SD01_Common - The |Profile Information Header| visible on the page
2024-09-08 07:05:55.131 [pool-3-thread-1] INFO  c.o.j.s.Driver - Closed WebDriver instance
2024-09-08 07:05:55.132 [pool-3-thread-1] INFO  c.o.j.s.Hooks - Attached logs to Allure report.
2024-09-08 07:05:56.027 [pool-3-thread-3] INFO  c.o.j.s.Driver - Closed WebDriver instance
2024-09-08 07:05:56.028 [pool-3-thread-3] INFO  c.o.j.s.Hooks - Attached logs to Allure report.
2024-09-08 07:05:56.195 [pool-3-thread-4] INFO  c.o.j.s.Driver - Closed WebDriver instance
2024-09-08 07:05:56.196 [pool-3-thread-4] INFO  c.o.j.s.Hooks - Attached logs to Allure report.
2024-09-08 07:06:00.149 [pool-3-thread-1] INFO  c.o.j.s.Hooks - Starting scenario execution on Mac OS X
2024-09-08 07:06:00.163 [pool-3-thread-2] INFO  c.o.j.s.SD01_Common - Current page is: |Welcome|
2024-09-08 07:06:00.183 [pool-3-thread-4] INFO  c.o.j.s.Hooks - Starting scenario execution on Mac OS X
2024-09-08 07:06:00.205 [pool-3-thread-3] INFO  c.o.j.s.Hooks - Starting scenario execution on Mac OS X
2024-09-08 07:06:00.848 [pool-3-thread-2] INFO  c.o.j.s.SD01_Common - Clicked on the |Enter The Store Link|
2024-09-08 07:06:00.851 [pool-3-thread-2] INFO  c.o.j.s.SD01_Common - Current page is: |Catalog|
2024-09-08 07:06:00.958 [pool-3-thread-2] INFO  c.o.j.s.SD01_Common - The |Logo Image| visible on the page
2024-09-08 07:06:01.006 [pool-3-thread-2] INFO  c.o.j.s.SD01_Common - The |Cart Image| visible on the page
2024-09-08 07:06:01.028 [pool-3-thread-2] INFO  c.o.j.s.SD01_Common - The |Sign-In Link| visible on the page
2024-09-08 07:06:01.116 [pool-3-thread-2] INFO  c.o.j.s.SD01_Common - The |Help Link| visible on the page
2024-09-08 07:06:01.220 [pool-3-thread-2] INFO  c.o.j.s.SD01_Common - The |Search Input Box| visible on the page
2024-09-08 07:06:01.245 [pool-3-thread-2] INFO  c.o.j.s.SD01_Common - The |Search Button| visible on the page
2024-09-08 07:06:01.272 [pool-3-thread-2] INFO  c.o.j.s.SD01_Common - The |OctoPerf Link In The CTA Section| visible on the page
2024-09-08 07:06:01.298 [pool-3-thread-2] INFO  c.o.j.s.SD01_Common - The |OctoPerf Link In The PoweredBy Section| visible on the page
2024-09-08 07:06:01.444 [pool-3-thread-2] INFO  c.o.j.s.SD01_Common - The |MyBatis Link In The PoweredBy Section| visible on the page
2024-09-08 07:06:01.472 [pool-3-thread-2] INFO  c.o.j.s.SD01_Common - The |Main Image| visible on the page
2024-09-08 07:06:01.507 [pool-3-thread-2] INFO  c.o.j.s.SD01_Common - The |Separator Images In The Menu Content Section| visible on the page
2024-09-08 07:06:01.573 [pool-3-thread-2] INFO  c.o.j.s.SD01_Common - The |Category Images In The Quick Links Section| visible on the page
2024-09-08 07:06:01.623 [pool-3-thread-2] INFO  c.o.j.s.SD01_Common - The |Separator Images In The Quick Links Section| visible on the page
2024-09-08 07:06:01.684 [pool-3-thread-2] INFO  c.o.j.s.SD01_Common - The |Sidebar Images| visible on the page
2024-09-08 07:06:02.122 [pool-3-thread-3] INFO  c.o.j.s.Driver - Initialized WebDriver for headless-edge browser
2024-09-08 07:06:02.157 [pool-3-thread-4] INFO  c.o.j.s.Driver - Initialized WebDriver for headless-edge browser
2024-09-08 07:06:02.257 [pool-3-thread-1] INFO  c.o.j.s.Driver - Initialized WebDriver for headless-edge browser
2024-09-08 07:06:02.830 [pool-3-thread-3] INFO  c.o.j.s.SD01_Common - Current page is: |Welcome|
2024-09-08 07:06:02.921 [pool-3-thread-4] INFO  c.o.j.s.SD01_Common - Current page is: |Welcome|
2024-09-08 07:06:02.942 [pool-3-thread-2] INFO  c.o.j.s.Driver - Closed WebDriver instance
2024-09-08 07:06:02.943 [pool-3-thread-2] INFO  c.o.j.s.Hooks - Attached logs to Allure report.
2024-09-08 07:06:02.960 [pool-3-thread-2] INFO  c.o.j.s.Hooks - Starting scenario execution on Mac OS X
2024-09-08 07:06:03.051 [pool-3-thread-1] INFO  c.o.j.s.SD01_Common - Current page is: |Welcome|
2024-09-08 07:06:03.089 [pool-3-thread-1] INFO  c.o.j.s.SD01_Common - Expected text: |Welcome to JPetStore 6|
2024-09-08 07:06:03.089 [pool-3-thread-1] INFO  c.o.j.s.SD01_Common - Actual text: |Welcome to JPetStore 6|
2024-09-08 07:06:03.089 [pool-3-thread-1] INFO  c.o.j.s.SD01_Common - The text of the |Welcome Header| matched the expected value
2024-09-08 07:06:03.111 [pool-3-thread-1] INFO  c.o.j.s.SD01_Common - Expected text: |Enter the Store|
2024-09-08 07:06:03.111 [pool-3-thread-1] INFO  c.o.j.s.SD01_Common - Actual text: |Enter the Store|
2024-09-08 07:06:03.111 [pool-3-thread-1] INFO  c.o.j.s.SD01_Common - The text of the |Enter The Store Link| matched the expected value
2024-09-08 07:06:03.219 [pool-3-thread-1] INFO  c.o.j.s.SD01_Common - Expected text: |Copyright www.mybatis.org|
2024-09-08 07:06:03.219 [pool-3-thread-1] INFO  c.o.j.s.SD01_Common - Actual text: |Copyright www.mybatis.org|
2024-09-08 07:06:03.219 [pool-3-thread-1] INFO  c.o.j.s.SD01_Common - The text of the |Copyright Subtitle| matched the expected value
2024-09-08 07:06:03.529 [pool-3-thread-3] INFO  c.o.j.s.SD01_Common - Clicked on the |Enter The Store Link|
2024-09-08 07:06:03.530 [pool-3-thread-3] INFO  c.o.j.s.SD01_Common - Current page is: |Catalog|
2024-09-08 07:06:03.557 [pool-3-thread-4] INFO  c.o.j.s.SD01_Common - Clicked on the |Enter The Store Link|
2024-09-08 07:06:03.559 [pool-3-thread-4] INFO  c.o.j.s.SD01_Common - Current page is: |Catalog|
2024-09-08 07:06:03.823 [pool-3-thread-3] INFO  c.o.j.s.SD01_Common - Clicked on the |Help Link|
2024-09-08 07:06:03.833 [pool-3-thread-4] INFO  c.o.j.s.SD01_Common - Clicked on the |Sign-In Link|
2024-09-08 07:06:03.834 [pool-3-thread-4] INFO  c.o.j.s.SD01_Common - Current page is: |SignIn|
2024-09-08 07:06:03.945 [pool-3-thread-3] INFO  c.o.j.s.SD01_Common - Current page is: |Help|
2024-09-08 07:06:04.089 [pool-3-thread-3] INFO  c.o.j.s.SD01_Common - Expected texts: |[Signing Up, Signing In, Working with the Product Catalog, Browsing the Catalog, Searching the Catalog, Working with the Shopping Cart, Adding and Removing Items, Updating the Quantity of an Item, Ordering Items, Reviewing an Order, Known Issues]|
2024-09-08 07:06:04.090 [pool-3-thread-3] INFO  c.o.j.s.SD01_Common - Actual texts: |[Signing Up, Signing In, Working with the Product Catalog, Browsing the Catalog, Searching the Catalog, Working with the Shopping Cart, Adding and Removing Items, Updating the Quantity of an Item, Ordering Items, Reviewing an Order, Known Issues]|
2024-09-08 07:06:04.090 [pool-3-thread-3] INFO  c.o.j.s.SD01_Common - The texts of the |Header Links| matched the expected values
2024-09-08 07:06:04.133 [pool-3-thread-4] INFO  c.o.j.s.SD01_Common - Clicked on the |Register Now Link|
2024-09-08 07:06:04.170 [pool-3-thread-4] INFO  c.o.j.s.SD01_Common - Current page is: |Registration|
2024-09-08 07:06:04.198 [pool-3-thread-4] INFO  c.o.j.s.SD01_Common - Expected text: |User Information|
2024-09-08 07:06:04.199 [pool-3-thread-4] INFO  c.o.j.s.SD01_Common - Actual text: |User Information|
2024-09-08 07:06:04.199 [pool-3-thread-4] INFO  c.o.j.s.SD01_Common - The text of the |User Information Header| matched the expected value
2024-09-08 07:06:04.241 [pool-3-thread-4] INFO  c.o.j.s.SD01_Common - Expected text: |Account Information|
2024-09-08 07:06:04.241 [pool-3-thread-4] INFO  c.o.j.s.SD01_Common - Actual text: |Account Information|
2024-09-08 07:06:04.241 [pool-3-thread-4] INFO  c.o.j.s.SD01_Common - The text of the |Account Information Header| matched the expected value
2024-09-08 07:06:04.265 [pool-3-thread-4] INFO  c.o.j.s.SD01_Common - Expected text: |Profile Information|
2024-09-08 07:06:04.265 [pool-3-thread-4] INFO  c.o.j.s.SD01_Common - Actual text: |Profile Information|
2024-09-08 07:06:04.266 [pool-3-thread-4] INFO  c.o.j.s.SD01_Common - The text of the |Profile Information Header| matched the expected value
2024-09-08 07:06:04.278 [pool-3-thread-3] INFO  c.o.j.s.SD01_Common - Expected texts: |[JPetStore Demo, Signing Up, Signing In, Working with the Product Catalog, Browsing the Catalog, Searching the Catalog, Working with the Shopping Cart, Adding and Removing Items, Updating the Quantity of an Item, Ordering Items, Reviewing An Order]|
2024-09-08 07:06:04.279 [pool-3-thread-3] INFO  c.o.j.s.SD01_Common - Actual texts: |[JPetStore Demo, Signing Up, Signing In, Working with the Product Catalog, Browsing the Catalog, Searching the Catalog, Working with the Shopping Cart, Adding and Removing Items, Updating the Quantity of an Item, Ordering Items, Reviewing An Order]|
2024-09-08 07:06:04.279 [pool-3-thread-3] INFO  c.o.j.s.SD01_Common - The texts of the |All Headers| matched the expected values
2024-09-08 07:06:04.289 [pool-3-thread-4] INFO  c.o.j.s.SD01_Common - Expected attribute value: |Save Account Information|
2024-09-08 07:06:04.289 [pool-3-thread-4] INFO  c.o.j.s.SD01_Common - Actual attribute value: |Save Account Information|
2024-09-08 07:06:04.289 [pool-3-thread-4] INFO  c.o.j.s.SD01_Common - The |value| value of the |Save Account Information Button| matched the expected value
2024-09-08 07:06:04.305 [pool-3-thread-3] INFO  c.o.j.s.SD01_Common - Expected text: |Copyright www.mybatis.org|
2024-09-08 07:06:04.305 [pool-3-thread-3] INFO  c.o.j.s.SD01_Common - Actual text: |Copyright www.mybatis.org|
2024-09-08 07:06:04.305 [pool-3-thread-3] INFO  c.o.j.s.SD01_Common - The text of the |Copyright Subtitle| matched the expected value
2024-09-08 07:06:04.352 [pool-3-thread-3] INFO  c.o.j.s.SD01_Common - Expected text: |The JPetStore Demo is an online pet store. Like most e-stores, you can browse and search the product catalog, choose items to add to a shopping cart, amend the shopping cart, and order the items in the shopping cart. You can perform many of these actions without registering with or logging into the application. However, before you can order items you must log in (sign in) to the application. In order to sign in, you must have an account with the application, which is created when you register (sign up) with the application.|
2024-09-08 07:06:04.352 [pool-3-thread-3] INFO  c.o.j.s.SD01_Common - Actual text: |The JPetStore Demo is an online pet store. Like most e-stores, you can browse and search the product catalog, choose items to add to a shopping cart, amend the shopping cart, and order the items in the shopping cart. You can perform many of these actions without registering with or logging into the application. However, before you can order items you must log in (sign in) to the application. In order to sign in, you must have an account with the application, which is created when you register (sign up) with the application.|
2024-09-08 07:06:04.352 [pool-3-thread-3] INFO  c.o.j.s.SD01_Common - The text of the |JPetStore Demo Paragraph| matched the expected value
2024-09-08 07:06:04.405 [pool-3-thread-3] INFO  c.o.j.s.SD01_Common - Expected text: |To sign up, click the Sign-in link at the right end of the banner. Next, click the New User link in the resulting page. Among other information, the signup page requires you to provide a user identifier and password. This information is used to identify your account and must be provided when signing in.|
2024-09-08 07:06:04.405 [pool-3-thread-3] INFO  c.o.j.s.SD01_Common - Actual text: |To sign up, click the Sign-in link at the right end of the banner. Next, click the New User link in the resulting page. Among other information, the signup page requires you to provide a user identifier and password. This information is used to identify your account and must be provided when signing in.|
2024-09-08 07:06:04.406 [pool-3-thread-3] INFO  c.o.j.s.SD01_Common - The text of the |Signing Up Paragraph| matched the expected value
2024-09-08 07:06:04.439 [pool-3-thread-4] INFO  c.o.j.s.SD03_RegistrationPage - Expected first selected option text: |english|
2024-09-08 07:06:04.439 [pool-3-thread-4] INFO  c.o.j.s.SD03_RegistrationPage - Actual first selected option text: |english|
2024-09-08 07:06:04.439 [pool-3-thread-4] INFO  c.o.j.s.SD03_RegistrationPage - The first selected option text of the |Language Preference Dropdown| matched the expected value
2024-09-08 07:06:04.441 [pool-3-thread-3] INFO  c.o.j.s.SD01_Common - Expected text: |This section describes how to browse and search the product catalog.|
2024-09-08 07:06:04.441 [pool-3-thread-3] INFO  c.o.j.s.SD01_Common - Actual text: |This section describes how to browse and search the product catalog.|
2024-09-08 07:06:04.441 [pool-3-thread-3] INFO  c.o.j.s.SD01_Common - The text of the |Working With The Product Catalog Paragraph| matched the expected value
2024-09-08 07:06:04.466 [pool-3-thread-3] INFO  c.o.j.s.SD01_Common - Expected text: |You search for products by typing the product name in search field in the middle of the banner.|
2024-09-08 07:06:04.466 [pool-3-thread-3] INFO  c.o.j.s.SD01_Common - Actual text: |You search for products by typing the product name in search field in the middle of the banner.|
2024-09-08 07:06:04.466 [pool-3-thread-3] INFO  c.o.j.s.SD01_Common - The text of the |Searching The Catalog Paragraph| matched the expected value
2024-09-08 07:06:04.494 [pool-3-thread-4] INFO  c.o.j.s.SD03_RegistrationPage - Expected first selected option text: |FISH|
2024-09-08 07:06:04.495 [pool-3-thread-4] INFO  c.o.j.s.SD03_RegistrationPage - Actual first selected option text: |FISH|
2024-09-08 07:06:04.495 [pool-3-thread-4] INFO  c.o.j.s.SD03_RegistrationPage - The first selected option text of the |Favourite Category Dropdown| matched the expected value
2024-09-08 07:06:04.497 [pool-3-thread-3] INFO  c.o.j.s.SD01_Common - Expected texts: |[You sign in to the application by clicking the Sign-in link at the right end of the banner, filling in the user identifier and password, and clicking the Submit button., You will also be redirected to the signin page when you try to place an order and you have not signed in. Once you have signed in, you can return to your shopping session by clicking the shopping cart icon at the right end of the banner.]|
2024-09-08 07:06:04.497 [pool-3-thread-3] INFO  c.o.j.s.SD01_Common - Actual texts: |[You sign in to the application by clicking the Sign-in link at the right end of the banner, filling in the user identifier and password, and clicking the Submit button., You will also be redirected to the signin page when you try to place an order and you have not signed in. Once you have signed in, you can return to your shopping session by clicking the shopping cart icon at the right end of the banner.]|
2024-09-08 07:06:04.498 [pool-3-thread-3] INFO  c.o.j.s.SD01_Common - The texts of the |Signing In paragraphs| matched the expected values
2024-09-08 07:06:04.507 [pool-3-thread-1] INFO  c.o.j.s.Driver - Closed WebDriver instance
