2024-08-17 07:05:39.400 [pool-3-thread-3] INFO  c.o.j.s.Hooks - Starting scenario execution on Mac OS X
2024-08-17 07:05:39.402 [pool-3-thread-4] INFO  c.o.j.s.Hooks - Starting scenario execution on Mac OS X
2024-08-17 07:05:39.402 [pool-3-thread-1] INFO  c.o.j.s.Hooks - Starting scenario execution on Mac OS X
2024-08-17 07:05:39.402 [pool-3-thread-2] INFO  c.o.j.s.Hooks - Starting scenario execution on Mac OS X
2024-08-17 07:06:08.656 [pool-3-thread-2] ERROR c.o.j.s.Driver - Failed to initialize WebDriver: Unable to obtain: msedgedriver, error Command failed with code: 65, executed: [--browser, MicrosoftEdge, --language-binding, java, --output, json]
Permission denied (os error 13)
Build info: version: '4.23.0', revision: '4df0a231af'
System info: os.name: 'Mac OS X', os.arch: 'aarch64', os.version: '14.6.1', java.version: '11.0.24'
Driver info: driver.version: Driver
2024-08-17 07:06:08.699 [pool-3-thread-1] ERROR c.o.j.s.Driver - Failed to initialize WebDriver: Unable to obtain: msedgedriver, error Command failed with code: 65, executed: [--browser, MicrosoftEdge, --language-binding, java, --output, json]
Permission denied (os error 13)
Build info: version: '4.23.0', revision: '4df0a231af'
System info: os.name: 'Mac OS X', os.arch: 'aarch64', os.version: '14.6.1', java.version: '11.0.24'
Driver info: driver.version: Driver
2024-08-17 07:06:08.715 [pool-3-thread-3] ERROR c.o.j.s.Driver - Failed to initialize WebDriver: Unable to obtain: msedgedriver, error Command failed with code: 65, executed: [--browser, MicrosoftEdge, --language-binding, java, --output, json]
Permission denied (os error 13)
Build info: version: '4.23.0', revision: '4df0a231af'
System info: os.name: 'Mac OS X', os.arch: 'aarch64', os.version: '14.6.1', java.version: '11.0.24'
Driver info: driver.version: Driver
2024-08-17 07:06:11.512 [pool-3-thread-2] ERROR c.o.j.s.Driver - Failed to initialize WebDriver: Could not start a new session. Response code 500. Message: session not created: Microsoft Edge failed to start: exited normally.
  (session not created: DevToolsActivePort file doesn't exist)
  (The process started from msedge location /Users/runner/.cache/selenium/MicrosoftEdge/mac-arm64/127.0.2651.105/Microsoft Edge.app/Contents/MacOS/Microsoft Edge is no longer running, so msedgedriver is assuming that msedge has crashed.) 
Host info: host: 'Mac-1723876021627.local', ip: 'fe80:0:0:0:1823:c21e:4cfa:ddc1%en0'
Build info: version: '4.23.0', revision: '4df0a231af'
System info: os.name: 'Mac OS X', os.arch: 'aarch64', os.version: '14.6.1', java.version: '11.0.24'
Driver info: org.openqa.selenium.edge.EdgeDriver
Command: [null, newSession {capabilities=[Capabilities {browserName: MicrosoftEdge, ms:edgeOptions: {args: [--headless=new], binary: /Users/runner/.cache/seleni..., extensions: []}}]}]
2024-08-17 07:06:11.513 [pool-3-thread-2] ERROR c.o.j.s.Hooks - Failed to take screenshot for scenario: Verify Page Title and URL
java.lang.RuntimeException: Failed to initialize WebDriver
	at com.octoperf.jpetstore6.singletonDriver.Driver.getDriver(Driver.java:75)
	at com.octoperf.jpetstore6.stepDefs.Hooks.takeScreenshot(Hooks.java:66)
	at com.octoperf.jpetstore6.stepDefs.Hooks.tearDown(Hooks.java:49)
	at java.base/jdk.internal.reflect.NativeMethodAccessorImpl.invoke0(Native Method)
	at java.base/jdk.internal.reflect.NativeMethodAccessorImpl.invoke(NativeMethodAccessorImpl.java:62)
	at java.base/jdk.internal.reflect.DelegatingMethodAccessorImpl.invoke(DelegatingMethodAccessorImpl.java:43)
	at java.base/java.lang.reflect.Method.invoke(Method.java:566)
	at io.cucumber.java.Invoker.doInvoke(Invoker.java:66)
	at io.cucumber.java.Invoker.invoke(Invoker.java:24)
	at io.cucumber.java.AbstractGlueDefinition.invokeMethod(AbstractGlueDefinition.java:47)
	at io.cucumber.java.JavaHookDefinition.execute(JavaHookDefinition.java:64)
	at io.cucumber.core.runner.CoreHookDefinition.execute(CoreHookDefinition.java:46)
	at io.cucumber.core.runner.HookDefinitionMatch.runStep(HookDefinitionMatch.java:21)
	at io.cucumber.core.runner.ExecutionMode$1.execute(ExecutionMode.java:10)
	at io.cucumber.core.runner.TestStep.executeStep(TestStep.java:84)
	at io.cucumber.core.runner.TestStep.run(TestStep.java:56)
	at io.cucumber.core.runner.TestCase.run(TestCase.java:90)
	at io.cucumber.core.runner.Runner.runPickle(Runner.java:75)
	at io.cucumber.junit.PickleRunners$NoStepDescriptions.lambda$run$0(PickleRunners.java:151)
	at io.cucumber.core.runtime.CucumberExecutionContext.lambda$runTestCase$5(CucumberExecutionContext.java:137)
	at io.cucumber.core.runtime.RethrowingThrowableCollector.executeAndThrow(RethrowingThrowableCollector.java:23)
	at io.cucumber.core.runtime.CucumberExecutionContext.runTestCase(CucumberExecutionContext.java:137)
	at io.cucumber.junit.PickleRunners$NoStepDescriptions.run(PickleRunners.java:148)
	at io.cucumber.junit.FeatureRunner.runChild(FeatureRunner.java:144)
	at io.cucumber.junit.FeatureRunner.runChild(FeatureRunner.java:28)
	at org.junit.runners.ParentRunner$4.run(ParentRunner.java:331)
	at org.junit.runners.ParentRunner$1.schedule(ParentRunner.java:79)
	at org.junit.runners.ParentRunner.runChildren(ParentRunner.java:329)
	at org.junit.runners.ParentRunner.access$100(ParentRunner.java:66)
	at org.junit.runners.ParentRunner$2.evaluate(ParentRunner.java:293)
	at org.junit.runners.ParentRunner$3.evaluate(ParentRunner.java:306)
	at org.junit.runners.ParentRunner.run(ParentRunner.java:413)
	at io.cucumber.junit.FeatureRunner.run(FeatureRunner.java:137)
	at io.cucumber.junit.Cucumber.runChild(Cucumber.java:196)
	at io.cucumber.junit.Cucumber.runChild(Cucumber.java:89)
	at org.junit.runners.ParentRunner$4.run(ParentRunner.java:331)
	at org.apache.maven.surefire.junitcore.pc.Scheduler$1.run(Scheduler.java:345)
	at java.base/java.util.concurrent.Executors$RunnableAdapter.call(Executors.java:515)
	at java.base/java.util.concurrent.FutureTask.run(FutureTask.java:264)
	at java.base/java.util.concurrent.ThreadPoolExecutor.runWorker(ThreadPoolExecutor.java:1128)
	at java.base/java.util.concurrent.ThreadPoolExecutor$Worker.run(ThreadPoolExecutor.java:628)
	at java.base/java.lang.Thread.run(Thread.java:829)
Caused by: org.openqa.selenium.SessionNotCreatedException: Could not start a new session. Response code 500. Message: session not created: Microsoft Edge failed to start: exited normally.
  (session not created: DevToolsActivePort file doesn't exist)
  (The process started from msedge location /Users/runner/.cache/selenium/MicrosoftEdge/mac-arm64/127.0.2651.105/Microsoft Edge.app/Contents/MacOS/Microsoft Edge is no longer running, so msedgedriver is assuming that msedge has crashed.) 
Host info: host: 'Mac-1723876021627.local', ip: 'fe80:0:0:0:1823:c21e:4cfa:ddc1%en0'
Build info: version: '4.23.0', revision: '4df0a231af'
System info: os.name: 'Mac OS X', os.arch: 'aarch64', os.version: '14.6.1', java.version: '11.0.24'
Driver info: org.openqa.selenium.edge.EdgeDriver
Command: [null, newSession {capabilities=[Capabilities {browserName: MicrosoftEdge, ms:edgeOptions: {args: [--headless=new], binary: /Users/runner/.cache/seleni..., extensions: []}}]}]
	at org.openqa.selenium.remote.ProtocolHandshake.createSession(ProtocolHandshake.java:114)
	at org.openqa.selenium.remote.ProtocolHandshake.createSession(ProtocolHandshake.java:75)
	at org.openqa.selenium.remote.ProtocolHandshake.createSession(ProtocolHandshake.java:61)
	at org.openqa.selenium.remote.HttpCommandExecutor.execute(HttpCommandExecutor.java:162)
	at org.openqa.selenium.remote.service.DriverCommandExecutor.invokeExecute(DriverCommandExecutor.java:216)
	at org.openqa.selenium.remote.service.DriverCommandExecutor.execute(DriverCommandExecutor.java:174)
	at org.openqa.selenium.remote.RemoteWebDriver.execute(RemoteWebDriver.java:527)
	at org.openqa.selenium.remote.RemoteWebDriver.startSession(RemoteWebDriver.java:234)
	at org.openqa.selenium.remote.RemoteWebDriver.<init>(RemoteWebDriver.java:163)
	at org.openqa.selenium.chromium.ChromiumDriver.<init>(ChromiumDriver.java:114)
	at org.openqa.selenium.edge.EdgeDriver.<init>(EdgeDriver.java:60)
	at org.openqa.selenium.edge.EdgeDriver.<init>(EdgeDriver.java:56)
	at org.openqa.selenium.edge.EdgeDriver.<init>(EdgeDriver.java:48)
	at com.octoperf.jpetstore6.singletonDriver.Driver.getDriver(Driver.java:63)
	... 41 common frames omitted
2024-08-17 07:06:11.540 [pool-3-thread-3] ERROR c.o.j.s.Driver - Failed to initialize WebDriver: Could not start a new session. Response code 500. Message: session not created: Microsoft Edge failed to start: exited normally.
  (session not created: DevToolsActivePort file doesn't exist)
  (The process started from msedge location /Users/runner/.cache/selenium/MicrosoftEdge/mac-arm64/127.0.2651.105/Microsoft Edge.app/Contents/MacOS/Microsoft Edge is no longer running, so msedgedriver is assuming that msedge has crashed.) 
Host info: host: 'Mac-1723876021627.local', ip: 'fe80:0:0:0:1823:c21e:4cfa:ddc1%en0'
Build info: version: '4.23.0', revision: '4df0a231af'
System info: os.name: 'Mac OS X', os.arch: 'aarch64', os.version: '14.6.1', java.version: '11.0.24'
Driver info: org.openqa.selenium.edge.EdgeDriver
Command: [null, newSession {capabilities=[Capabilities {browserName: MicrosoftEdge, ms:edgeOptions: {args: [--headless=new], binary: /Users/runner/.cache/seleni..., extensions: []}}]}]
2024-08-17 07:06:11.540 [pool-3-thread-3] ERROR c.o.j.s.Hooks - Failed to take screenshot for scenario: Verify Page Title and URL
java.lang.RuntimeException: Failed to initialize WebDriver
	at com.octoperf.jpetstore6.singletonDriver.Driver.getDriver(Driver.java:75)
	at com.octoperf.jpetstore6.stepDefs.Hooks.takeScreenshot(Hooks.java:66)
	at com.octoperf.jpetstore6.stepDefs.Hooks.tearDown(Hooks.java:49)
	at java.base/jdk.internal.reflect.NativeMethodAccessorImpl.invoke0(Native Method)
	at java.base/jdk.internal.reflect.NativeMethodAccessorImpl.invoke(NativeMethodAccessorImpl.java:62)
	at java.base/jdk.internal.reflect.DelegatingMethodAccessorImpl.invoke(DelegatingMethodAccessorImpl.java:43)
	at java.base/java.lang.reflect.Method.invoke(Method.java:566)
	at io.cucumber.java.Invoker.doInvoke(Invoker.java:66)
	at io.cucumber.java.Invoker.invoke(Invoker.java:24)
	at io.cucumber.java.AbstractGlueDefinition.invokeMethod(AbstractGlueDefinition.java:47)
	at io.cucumber.java.JavaHookDefinition.execute(JavaHookDefinition.java:64)
	at io.cucumber.core.runner.CoreHookDefinition.execute(CoreHookDefinition.java:46)
	at io.cucumber.core.runner.HookDefinitionMatch.runStep(HookDefinitionMatch.java:21)
	at io.cucumber.core.runner.ExecutionMode$1.execute(ExecutionMode.java:10)
	at io.cucumber.core.runner.TestStep.executeStep(TestStep.java:84)
	at io.cucumber.core.runner.TestStep.run(TestStep.java:56)
	at io.cucumber.core.runner.TestCase.run(TestCase.java:90)
	at io.cucumber.core.runner.Runner.runPickle(Runner.java:75)
	at io.cucumber.junit.PickleRunners$NoStepDescriptions.lambda$run$0(PickleRunners.java:151)
	at io.cucumber.core.runtime.CucumberExecutionContext.lambda$runTestCase$5(CucumberExecutionContext.java:137)
	at io.cucumber.core.runtime.RethrowingThrowableCollector.executeAndThrow(RethrowingThrowableCollector.java:23)
	at io.cucumber.core.runtime.CucumberExecutionContext.runTestCase(CucumberExecutionContext.java:137)
	at io.cucumber.junit.PickleRunners$NoStepDescriptions.run(PickleRunners.java:148)
	at io.cucumber.junit.FeatureRunner.runChild(FeatureRunner.java:144)
	at io.cucumber.junit.FeatureRunner.runChild(FeatureRunner.java:28)
	at org.junit.runners.ParentRunner$4.run(ParentRunner.java:331)
	at org.junit.runners.ParentRunner$1.schedule(ParentRunner.java:79)
	at org.junit.runners.ParentRunner.runChildren(ParentRunner.java:329)
	at org.junit.runners.ParentRunner.access$100(ParentRunner.java:66)
	at org.junit.runners.ParentRunner$2.evaluate(ParentRunner.java:293)
	at org.junit.runners.ParentRunner$3.evaluate(ParentRunner.java:306)
	at org.junit.runners.ParentRunner.run(ParentRunner.java:413)
	at io.cucumber.junit.FeatureRunner.run(FeatureRunner.java:137)
	at io.cucumber.junit.Cucumber.runChild(Cucumber.java:196)
	at io.cucumber.junit.Cucumber.runChild(Cucumber.java:89)
	at org.junit.runners.ParentRunner$4.run(ParentRunner.java:331)
	at org.apache.maven.surefire.junitcore.pc.Scheduler$1.run(Scheduler.java:345)
	at java.base/java.util.concurrent.Executors$RunnableAdapter.call(Executors.java:515)
	at java.base/java.util.concurrent.FutureTask.run(FutureTask.java:264)
	at java.base/java.util.concurrent.ThreadPoolExecutor.runWorker(ThreadPoolExecutor.java:1128)
	at java.base/java.util.concurrent.ThreadPoolExecutor$Worker.run(ThreadPoolExecutor.java:628)
	at java.base/java.lang.Thread.run(Thread.java:829)
Caused by: org.openqa.selenium.SessionNotCreatedException: Could not start a new session. Response code 500. Message: session not created: Microsoft Edge failed to start: exited normally.
  (session not created: DevToolsActivePort file doesn't exist)
  (The process started from msedge location /Users/runner/.cache/selenium/MicrosoftEdge/mac-arm64/127.0.2651.105/Microsoft Edge.app/Contents/MacOS/Microsoft Edge is no longer running, so msedgedriver is assuming that msedge has crashed.) 
Host info: host: 'Mac-1723876021627.local', ip: 'fe80:0:0:0:1823:c21e:4cfa:ddc1%en0'
Build info: version: '4.23.0', revision: '4df0a231af'
System info: os.name: 'Mac OS X', os.arch: 'aarch64', os.version: '14.6.1', java.version: '11.0.24'
Driver info: org.openqa.selenium.edge.EdgeDriver
Command: [null, newSession {capabilities=[Capabilities {browserName: MicrosoftEdge, ms:edgeOptions: {args: [--headless=new], binary: /Users/runner/.cache/seleni..., extensions: []}}]}]
	at org.openqa.selenium.remote.ProtocolHandshake.createSession(ProtocolHandshake.java:114)
	at org.openqa.selenium.remote.ProtocolHandshake.createSession(ProtocolHandshake.java:75)
	at org.openqa.selenium.remote.ProtocolHandshake.createSession(ProtocolHandshake.java:61)
	at org.openqa.selenium.remote.HttpCommandExecutor.execute(HttpCommandExecutor.java:162)
	at org.openqa.selenium.remote.service.DriverCommandExecutor.invokeExecute(DriverCommandExecutor.java:216)
	at org.openqa.selenium.remote.service.DriverCommandExecutor.execute(DriverCommandExecutor.java:174)
	at org.openqa.selenium.remote.RemoteWebDriver.execute(RemoteWebDriver.java:527)
	at org.openqa.selenium.remote.RemoteWebDriver.startSession(RemoteWebDriver.java:234)
	at org.openqa.selenium.remote.RemoteWebDriver.<init>(RemoteWebDriver.java:163)
	at org.openqa.selenium.chromium.ChromiumDriver.<init>(ChromiumDriver.java:114)
	at org.openqa.selenium.edge.EdgeDriver.<init>(EdgeDriver.java:60)
	at org.openqa.selenium.edge.EdgeDriver.<init>(EdgeDriver.java:56)
	at org.openqa.selenium.edge.EdgeDriver.<init>(EdgeDriver.java:48)
	at com.octoperf.jpetstore6.singletonDriver.Driver.getDriver(Driver.java:63)
	... 41 common frames omitted
2024-08-17 07:06:11.543 [pool-3-thread-2] INFO  c.o.j.s.Hooks - Attached logs to Allure report.
2024-08-17 07:06:11.562 [pool-3-thread-3] INFO  c.o.j.s.Hooks - Attached logs to Allure report.
2024-08-17 07:06:11.575 [pool-3-thread-1] ERROR c.o.j.s.Driver - Failed to initialize WebDriver: Could not start a new session. Response code 500. Message: session not created: Microsoft Edge failed to start: exited normally.
  (session not created: DevToolsActivePort file doesn't exist)
  (The process started from msedge location /Users/runner/.cache/selenium/MicrosoftEdge/mac-arm64/127.0.2651.105/Microsoft Edge.app/Contents/MacOS/Microsoft Edge is no longer running, so msedgedriver is assuming that msedge has crashed.) 
Host info: host: 'Mac-1723876021627.local', ip: 'fe80:0:0:0:1823:c21e:4cfa:ddc1%en0'
Build info: version: '4.23.0', revision: '4df0a231af'
System info: os.name: 'Mac OS X', os.arch: 'aarch64', os.version: '14.6.1', java.version: '11.0.24'
Driver info: org.openqa.selenium.edge.EdgeDriver
Command: [null, newSession {capabilities=[Capabilities {browserName: MicrosoftEdge, ms:edgeOptions: {args: [--headless=new], binary: /Users/runner/.cache/seleni..., extensions: []}}]}]
2024-08-17 07:06:11.575 [pool-3-thread-1] ERROR c.o.j.s.Hooks - Failed to take screenshot for scenario: Verify Page Title and URL
java.lang.RuntimeException: Failed to initialize WebDriver
	at com.octoperf.jpetstore6.singletonDriver.Driver.getDriver(Driver.java:75)
	at com.octoperf.jpetstore6.stepDefs.Hooks.takeScreenshot(Hooks.java:66)
	at com.octoperf.jpetstore6.stepDefs.Hooks.tearDown(Hooks.java:49)
	at java.base/jdk.internal.reflect.NativeMethodAccessorImpl.invoke0(Native Method)
	at java.base/jdk.internal.reflect.NativeMethodAccessorImpl.invoke(NativeMethodAccessorImpl.java:62)
	at java.base/jdk.internal.reflect.DelegatingMethodAccessorImpl.invoke(DelegatingMethodAccessorImpl.java:43)
	at java.base/java.lang.reflect.Method.invoke(Method.java:566)
	at io.cucumber.java.Invoker.doInvoke(Invoker.java:66)
	at io.cucumber.java.Invoker.invoke(Invoker.java:24)
	at io.cucumber.java.AbstractGlueDefinition.invokeMethod(AbstractGlueDefinition.java:47)
	at io.cucumber.java.JavaHookDefinition.execute(JavaHookDefinition.java:64)
	at io.cucumber.core.runner.CoreHookDefinition.execute(CoreHookDefinition.java:46)
	at io.cucumber.core.runner.HookDefinitionMatch.runStep(HookDefinitionMatch.java:21)
	at io.cucumber.core.runner.ExecutionMode$1.execute(ExecutionMode.java:10)
	at io.cucumber.core.runner.TestStep.executeStep(TestStep.java:84)
	at io.cucumber.core.runner.TestStep.run(TestStep.java:56)
	at io.cucumber.core.runner.TestCase.run(TestCase.java:90)
	at io.cucumber.core.runner.Runner.runPickle(Runner.java:75)
	at io.cucumber.junit.PickleRunners$NoStepDescriptions.lambda$run$0(PickleRunners.java:151)
	at io.cucumber.core.runtime.CucumberExecutionContext.lambda$runTestCase$5(CucumberExecutionContext.java:137)
	at io.cucumber.core.runtime.RethrowingThrowableCollector.executeAndThrow(RethrowingThrowableCollector.java:23)
	at io.cucumber.core.runtime.CucumberExecutionContext.runTestCase(CucumberExecutionContext.java:137)
	at io.cucumber.junit.PickleRunners$NoStepDescriptions.run(PickleRunners.java:148)
	at io.cucumber.junit.FeatureRunner.runChild(FeatureRunner.java:144)
	at io.cucumber.junit.FeatureRunner.runChild(FeatureRunner.java:28)
	at org.junit.runners.ParentRunner$4.run(ParentRunner.java:331)
	at org.junit.runners.ParentRunner$1.schedule(ParentRunner.java:79)
	at org.junit.runners.ParentRunner.runChildren(ParentRunner.java:329)
	at org.junit.runners.ParentRunner.access$100(ParentRunner.java:66)
	at org.junit.runners.ParentRunner$2.evaluate(ParentRunner.java:293)
	at org.junit.runners.ParentRunner$3.evaluate(ParentRunner.java:306)
	at org.junit.runners.ParentRunner.run(ParentRunner.java:413)
	at io.cucumber.junit.FeatureRunner.run(FeatureRunner.java:137)
	at io.cucumber.junit.Cucumber.runChild(Cucumber.java:196)
	at io.cucumber.junit.Cucumber.runChild(Cucumber.java:89)
	at org.junit.runners.ParentRunner$4.run(ParentRunner.java:331)
	at org.apache.maven.surefire.junitcore.pc.Scheduler$1.run(Scheduler.java:345)
	at java.base/java.util.concurrent.Executors$RunnableAdapter.call(Executors.java:515)
	at java.base/java.util.concurrent.FutureTask.run(FutureTask.java:264)
	at java.base/java.util.concurrent.ThreadPoolExecutor.runWorker(ThreadPoolExecutor.java:1128)
	at java.base/java.util.concurrent.ThreadPoolExecutor$Worker.run(ThreadPoolExecutor.java:628)
	at java.base/java.lang.Thread.run(Thread.java:829)
Caused by: org.openqa.selenium.SessionNotCreatedException: Could not start a new session. Response code 500. Message: session not created: Microsoft Edge failed to start: exited normally.
  (session not created: DevToolsActivePort file doesn't exist)
  (The process started from msedge location /Users/runner/.cache/selenium/MicrosoftEdge/mac-arm64/127.0.2651.105/Microsoft Edge.app/Contents/MacOS/Microsoft Edge is no longer running, so msedgedriver is assuming that msedge has crashed.) 
Host info: host: 'Mac-1723876021627.local', ip: 'fe80:0:0:0:1823:c21e:4cfa:ddc1%en0'
Build info: version: '4.23.0', revision: '4df0a231af'
System info: os.name: 'Mac OS X', os.arch: 'aarch64', os.version: '14.6.1', java.version: '11.0.24'
Driver info: org.openqa.selenium.edge.EdgeDriver
Command: [null, newSession {capabilities=[Capabilities {browserName: MicrosoftEdge, ms:edgeOptions: {args: [--headless=new], binary: /Users/runner/.cache/seleni..., extensions: []}}]}]
	at org.openqa.selenium.remote.ProtocolHandshake.createSession(ProtocolHandshake.java:114)
	at org.openqa.selenium.remote.ProtocolHandshake.createSession(ProtocolHandshake.java:75)
	at org.openqa.selenium.remote.ProtocolHandshake.createSession(ProtocolHandshake.java:61)
	at org.openqa.selenium.remote.HttpCommandExecutor.execute(HttpCommandExecutor.java:162)
	at org.openqa.selenium.remote.service.DriverCommandExecutor.invokeExecute(DriverCommandExecutor.java:216)
	at org.openqa.selenium.remote.service.DriverCommandExecutor.execute(DriverCommandExecutor.java:174)
	at org.openqa.selenium.remote.RemoteWebDriver.execute(RemoteWebDriver.java:527)
	at org.openqa.selenium.remote.RemoteWebDriver.startSession(RemoteWebDriver.java:234)
	at org.openqa.selenium.remote.RemoteWebDriver.<init>(RemoteWebDriver.java:163)
	at org.openqa.selenium.chromium.ChromiumDriver.<init>(ChromiumDriver.java:114)
	at org.openqa.selenium.edge.EdgeDriver.<init>(EdgeDriver.java:60)
	at org.openqa.selenium.edge.EdgeDriver.<init>(EdgeDriver.java:56)
	at org.openqa.selenium.edge.EdgeDriver.<init>(EdgeDriver.java:48)
	at com.octoperf.jpetstore6.singletonDriver.Driver.getDriver(Driver.java:63)
	... 41 common frames omitted
2024-08-17 07:06:11.576 [pool-3-thread-1] INFO  c.o.j.s.Hooks - Attached logs to Allure report.
2024-08-17 07:06:15.870 [pool-3-thread-4] INFO  c.o.j.s.Driver - Initialized WebDriver for headless-edge browser
2024-08-17 07:06:16.659 [pool-3-thread-1] INFO  c.o.j.s.Hooks - Starting scenario execution on Mac OS X
2024-08-17 07:06:16.661 [pool-3-thread-2] INFO  c.o.j.s.Hooks - Starting scenario execution on Mac OS X
2024-08-17 07:06:16.663 [pool-3-thread-3] INFO  c.o.j.s.Hooks - Starting scenario execution on Mac OS X
2024-08-17 07:06:17.191 [pool-3-thread-4] INFO  c.o.j.s.SD01_Common - Current page is: |Welcome|
2024-08-17 07:06:18.059 [pool-3-thread-4] INFO  c.o.j.s.SD01_Common - Clicked on the |Enter The Store Link|
2024-08-17 07:06:18.061 [pool-3-thread-4] INFO  c.o.j.s.SD01_Common - Current page is: |Catalog|
2024-08-17 07:06:18.283 [pool-3-thread-4] INFO  c.o.j.s.SD01_Common - Clicked on the |Sign-In Link|
2024-08-17 07:06:18.284 [pool-3-thread-4] INFO  c.o.j.s.SD01_Common - Current page is: |SignIn|
2024-08-17 07:06:18.523 [pool-3-thread-4] INFO  c.o.j.s.SD01_Common - Clicked on the |Register Now Link|
2024-08-17 07:06:18.552 [pool-3-thread-4] INFO  c.o.j.s.SD01_Common - Current page is: |Registration|
2024-08-17 07:06:18.553 [pool-3-thread-4] INFO  c.o.j.s.SD01_Common - Expected page title: |JPetStore Demo|
2024-08-17 07:06:18.553 [pool-3-thread-4] INFO  c.o.j.s.SD01_Common - Expected url: |https://petstore.octoperf.com/actions/Account.action?newAccountForm=|
2024-08-17 07:06:18.561 [pool-3-thread-4] INFO  c.o.j.p.P01_BasePage - Actual Title: |JPetStore Demo|
2024-08-17 07:06:18.561 [pool-3-thread-4] INFO  c.o.j.p.P01_BasePage - Actual Url: |https://petstore.octoperf.com/actions/Account.action?newAccountForm=|
2024-08-17 07:06:18.563 [pool-3-thread-4] INFO  c.o.j.s.SD01_Common - The page title and the URL are as expected.
2024-08-17 07:06:18.702 [pool-3-thread-3] INFO  c.o.j.s.Driver - Initialized WebDriver for headless-edge browser
2024-08-17 07:06:19.119 [pool-3-thread-1] INFO  c.o.j.s.Driver - Initialized WebDriver for headless-edge browser
2024-08-17 07:06:19.177 [pool-3-thread-2] INFO  c.o.j.s.Driver - Initialized WebDriver for headless-edge browser
2024-08-17 07:06:19.841 [pool-3-thread-4] INFO  c.o.j.s.Driver - Closed WebDriver instance
2024-08-17 07:06:19.870 [pool-3-thread-4] INFO  c.o.j.s.Hooks - Attached logs to Allure report.
2024-08-17 07:06:19.897 [pool-3-thread-4] INFO  c.o.j.s.Hooks - Starting scenario execution on Mac OS X
2024-08-17 07:06:20.045 [pool-3-thread-3] INFO  c.o.j.s.SD01_Common - Current page is: |Welcome|
2024-08-17 07:06:20.133 [pool-3-thread-1] INFO  c.o.j.s.SD01_Common - Current page is: |Welcome|
2024-08-17 07:06:20.239 [pool-3-thread-2] INFO  c.o.j.s.SD01_Common - Current page is: |Welcome|
2024-08-17 07:06:20.335 [pool-3-thread-1] INFO  c.o.j.s.SD01_Common - The |Welcome Header| visible on the page
2024-08-17 07:06:20.388 [pool-3-thread-1] INFO  c.o.j.s.SD01_Common - The |Enter The Store Link| visible on the page
2024-08-17 07:06:20.419 [pool-3-thread-1] INFO  c.o.j.s.SD01_Common - The |Copyright Subtitle| visible on the page
2024-08-17 07:06:20.928 [pool-3-thread-3] INFO  c.o.j.s.SD01_Common - Clicked on the |Enter The Store Link|
2024-08-17 07:06:20.930 [pool-3-thread-3] INFO  c.o.j.s.SD01_Common - Current page is: |Catalog|
2024-08-17 07:06:20.934 [pool-3-thread-2] INFO  c.o.j.s.SD01_Common - Clicked on the |Enter The Store Link|
2024-08-17 07:06:20.936 [pool-3-thread-2] INFO  c.o.j.s.SD01_Common - Current page is: |Catalog|
2024-08-17 07:06:21.044 [pool-3-thread-2] INFO  c.o.j.s.SD01_Common - The |Logo Image| visible on the page
2024-08-17 07:06:21.077 [pool-3-thread-2] INFO  c.o.j.s.SD01_Common - The |Cart Image| visible on the page
2024-08-17 07:06:21.143 [pool-3-thread-2] INFO  c.o.j.s.SD01_Common - The |Sign-In Link| visible on the page
2024-08-17 07:06:21.221 [pool-3-thread-2] INFO  c.o.j.s.SD01_Common - The |Help Link| visible on the page
2024-08-17 07:06:21.251 [pool-3-thread-3] INFO  c.o.j.s.SD01_Common - Clicked on the |Help Link|
2024-08-17 07:06:21.309 [pool-3-thread-2] INFO  c.o.j.s.SD01_Common - The |Search Input Box| visible on the page
2024-08-17 07:06:21.401 [pool-3-thread-2] INFO  c.o.j.s.SD01_Common - The |Search Button| visible on the page
2024-08-17 07:06:21.492 [pool-3-thread-2] INFO  c.o.j.s.SD01_Common - The |OctoPerf Link In The CTA Section| visible on the page
2024-08-17 07:06:21.498 [pool-3-thread-3] INFO  c.o.j.s.SD01_Common - Current page is: |Help|
2024-08-17 07:06:21.540 [pool-3-thread-2] INFO  c.o.j.s.SD01_Common - The |OctoPerf Link In The PoweredBy Section| visible on the page
2024-08-17 07:06:21.551 [pool-3-thread-3] INFO  c.o.j.s.SD01_Common - The |Copyright Subtitle| visible on the page
2024-08-17 07:06:21.576 [pool-3-thread-2] INFO  c.o.j.s.SD01_Common - The |MyBatis Link In The PoweredBy Section| visible on the page
2024-08-17 07:06:21.602 [pool-3-thread-2] INFO  c.o.j.s.SD01_Common - The |Main Image| visible on the page
2024-08-17 07:06:21.716 [pool-3-thread-3] INFO  c.o.j.s.SD01_Common - The |Header Links| visible on the page
2024-08-17 07:06:21.719 [pool-3-thread-2] INFO  c.o.j.s.SD01_Common - The |Separator Images In The Menu Content Section| visible on the page
2024-08-17 07:06:21.815 [pool-3-thread-2] INFO  c.o.j.s.SD01_Common - The |Category Images In The Quick Links Section| visible on the page
2024-08-17 07:06:21.844 [pool-3-thread-1] INFO  c.o.j.s.Driver - Closed WebDriver instance
2024-08-17 07:06:21.845 [pool-3-thread-1] INFO  c.o.j.s.Hooks - Attached logs to Allure report.
2024-08-17 07:06:21.904 [pool-3-thread-3] INFO  c.o.j.s.SD01_Common - The |All Headers| visible on the page
2024-08-17 07:06:21.915 [pool-3-thread-2] INFO  c.o.j.s.SD01_Common - The |Separator Images In The Quick Links Section| visible on the page
2024-08-17 07:06:21.961 [pool-3-thread-2] INFO  c.o.j.s.SD01_Common - The |Sidebar Images| visible on the page
2024-08-17 07:06:22.009 [pool-3-thread-4] INFO  c.o.j.s.Driver - Initialized WebDriver for headless-edge browser
2024-08-17 07:06:22.209 [pool-3-thread-3] INFO  c.o.j.s.SD01_Common - The |All Paragraphs| visible on the page
2024-08-17 07:06:26.870 [pool-3-thread-1] INFO  c.o.j.s.Hooks - Starting scenario execution on Mac OS X
2024-08-17 07:06:26.874 [pool-3-thread-4] INFO  c.o.j.s.SD01_Common - Current page is: |Welcome|
2024-08-17 07:06:27.622 [pool-3-thread-4] INFO  c.o.j.s.SD01_Common - Clicked on the |Enter The Store Link|
2024-08-17 07:06:27.623 [pool-3-thread-4] INFO  c.o.j.s.SD01_Common - Current page is: |Catalog|
2024-08-17 07:06:27.932 [pool-3-thread-4] INFO  c.o.j.s.SD01_Common - Clicked on the |Sign-In Link|
2024-08-17 07:06:27.936 [pool-3-thread-4] INFO  c.o.j.s.SD01_Common - Current page is: |SignIn|
2024-08-17 07:06:28.252 [pool-3-thread-4] INFO  c.o.j.s.SD01_Common - Clicked on the |Register Now Link|
2024-08-17 07:06:28.345 [pool-3-thread-4] INFO  c.o.j.s.SD01_Common - Current page is: |Registration|
2024-08-17 07:06:28.429 [pool-3-thread-1] INFO  c.o.j.s.Driver - Initialized WebDriver for headless-edge browser
2024-08-17 07:06:28.434 [pool-3-thread-4] INFO  c.o.j.s.SD01_Common - The |User Id Input Box| visible on the page
2024-08-17 07:06:28.493 [pool-3-thread-4] INFO  c.o.j.s.SD01_Common - The |New Password Input Box| visible on the page
2024-08-17 07:06:28.529 [pool-3-thread-4] INFO  c.o.j.s.SD01_Common - The |Repeat Password Input Box| visible on the page
2024-08-17 07:06:28.566 [pool-3-thread-4] INFO  c.o.j.s.SD01_Common - The |Firstname Input Box| visible on the page
2024-08-17 07:06:28.606 [pool-3-thread-4] INFO  c.o.j.s.SD01_Common - The |Lastname Input Box| visible on the page
2024-08-17 07:06:28.649 [pool-3-thread-4] INFO  c.o.j.s.SD01_Common - The |Email Input Box| visible on the page
2024-08-17 07:06:28.698 [pool-3-thread-4] INFO  c.o.j.s.SD01_Common - The |Phone Input Box| visible on the page
2024-08-17 07:06:28.732 [pool-3-thread-4] INFO  c.o.j.s.SD01_Common - The |Address1 Input Box| visible on the page
2024-08-17 07:06:28.762 [pool-3-thread-4] INFO  c.o.j.s.SD01_Common - The |Address2 Input Box| visible on the page
2024-08-17 07:06:28.794 [pool-3-thread-4] INFO  c.o.j.s.SD01_Common - The |City Input Box| visible on the page
2024-08-17 07:06:28.824 [pool-3-thread-4] INFO  c.o.j.s.SD01_Common - The |State Input Box| visible on the page
2024-08-17 07:06:28.850 [pool-3-thread-4] INFO  c.o.j.s.SD01_Common - The |Zip Input Box| visible on the page
2024-08-17 07:06:28.877 [pool-3-thread-4] INFO  c.o.j.s.SD01_Common - The |Country Input Box| visible on the page
2024-08-17 07:06:28.917 [pool-3-thread-4] INFO  c.o.j.s.SD01_Common - The |Language Preference Dropdown| visible on the page
2024-08-17 07:06:28.989 [pool-3-thread-4] INFO  c.o.j.s.SD01_Common - The |Favourite Category Dropdown| visible on the page
2024-08-17 07:06:29.017 [pool-3-thread-4] INFO  c.o.j.s.SD01_Common - The |Enable My List Checkbox| visible on the page
2024-08-17 07:06:29.042 [pool-3-thread-4] INFO  c.o.j.s.SD01_Common - The |Enable My Banner Checkbox| visible on the page
2024-08-17 07:06:29.082 [pool-3-thread-1] INFO  c.o.j.s.SD01_Common - Current page is: |Welcome|
2024-08-17 07:06:29.083 [pool-3-thread-4] INFO  c.o.j.s.SD01_Common - The |Save Account Information Button| visible on the page
2024-08-17 07:06:29.134 [pool-3-thread-4] INFO  c.o.j.s.SD01_Common - The |User Information Header| visible on the page
2024-08-17 07:06:29.139 [pool-3-thread-1] INFO  c.o.j.s.SD01_Common - Expected text: |Welcome to JPetStore 6|
2024-08-17 07:06:29.140 [pool-3-thread-1] INFO  c.o.j.s.SD01_Common - Actual text: |Welcome to JPetStore 6|
2024-08-17 07:06:29.140 [pool-3-thread-1] INFO  c.o.j.s.SD01_Common - The text of the |Welcome Header| matched the expected value
2024-08-17 07:06:29.176 [pool-3-thread-4] INFO  c.o.j.s.SD01_Common - The |Account Information Header| visible on the page
2024-08-17 07:06:29.176 [pool-3-thread-1] INFO  c.o.j.s.SD01_Common - Expected text: |Enter the Store|
2024-08-17 07:06:29.176 [pool-3-thread-1] INFO  c.o.j.s.SD01_Common - Actual text: |Enter the Store|
2024-08-17 07:06:29.176 [pool-3-thread-1] INFO  c.o.j.s.SD01_Common - The text of the |Enter The Store Link| matched the expected value
2024-08-17 07:06:29.223 [pool-3-thread-1] INFO  c.o.j.s.SD01_Common - Expected text: |Copyright www.mybatis.org|
2024-08-17 07:06:29.223 [pool-3-thread-4] INFO  c.o.j.s.SD01_Common - The |Profile Information Header| visible on the page
2024-08-17 07:06:29.223 [pool-3-thread-1] INFO  c.o.j.s.SD01_Common - Actual text: |Copyright www.mybatis.org|
2024-08-17 07:06:29.223 [pool-3-thread-1] INFO  c.o.j.s.SD01_Common - The text of the |Copyright Subtitle| matched the expected value
2024-08-17 07:06:30.562 [pool-3-thread-4] INFO  c.o.j.s.Driver - Closed WebDriver instance
2024-08-17 07:06:30.562 [pool-3-thread-1] INFO  c.o.j.s.Driver - Closed WebDriver instance
2024-08-17 07:06:30.563 [pool-3-thread-1] INFO  c.o.j.s.Hooks - Attached logs to Allure report.
2024-08-17 07:06:30.563 [pool-3-thread-4] INFO  c.o.j.s.Hooks - Attached logs to Allure report.
2024-08-17 07:06:30.591 [pool-3-thread-1] INFO  c.o.j.s.Hooks - Starting scenario execution on Mac OS X
2024-08-17 07:06:30.611 [pool-3-thread-4] INFO  c.o.j.s.Hooks - Starting scenario execution on Mac OS X
2024-08-17 07:06:31.979 [pool-3-thread-1] INFO  c.o.j.s.Driver - Initialized WebDriver for headless-edge browser
2024-08-17 07:06:32.015 [pool-3-thread-4] INFO  c.o.j.s.Driver - Initialized WebDriver for headless-edge browser
2024-08-17 07:06:32.655 [pool-3-thread-4] INFO  c.o.j.s.SD01_Common - Current page is: |Welcome|
2024-08-17 07:06:32.695 [pool-3-thread-1] INFO  c.o.j.s.SD01_Common - Current page is: |Welcome|
2024-08-17 07:06:32.759 [pool-3-thread-1] INFO  c.o.j.s.SD01_Common - Expected attribute value: |https://petstore.octoperf.com/actions/Catalog.action|
2024-08-17 07:06:32.759 [pool-3-thread-1] INFO  c.o.j.s.SD01_Common - Actual attribute value: |https://petstore.octoperf.com/actions/Catalog.action|
2024-08-17 07:06:32.759 [pool-3-thread-1] INFO  c.o.j.s.SD01_Common - The |href| value of the |Enter The Store Link| matched the expected value
2024-08-17 07:06:33.282 [pool-3-thread-4] INFO  c.o.j.s.SD01_Common - Clicked on the |Enter The Store Link|
2024-08-17 07:06:33.283 [pool-3-thread-4] INFO  c.o.j.s.SD01_Common - Current page is: |Catalog|
2024-08-17 07:06:33.538 [pool-3-thread-4] INFO  c.o.j.s.SD01_Common - Clicked on the |Sign-In Link|
2024-08-17 07:06:33.539 [pool-3-thread-4] INFO  c.o.j.s.SD01_Common - Current page is: |SignIn|
2024-08-17 07:06:33.781 [pool-3-thread-4] INFO  c.o.j.s.SD01_Common - Clicked on the |Register Now Link|
2024-08-17 07:06:33.824 [pool-3-thread-4] INFO  c.o.j.s.SD01_Common - Current page is: |Registration|
2024-08-17 07:06:33.862 [pool-3-thread-4] INFO  c.o.j.s.SD01_Common - Expected text: |User Information|
2024-08-17 07:06:33.862 [pool-3-thread-4] INFO  c.o.j.s.SD01_Common - Actual text: |User Information|
2024-08-17 07:06:33.863 [pool-3-thread-4] INFO  c.o.j.s.SD01_Common - The text of the |User Information Header| matched the expected value
2024-08-17 07:06:33.907 [pool-3-thread-4] INFO  c.o.j.s.SD01_Common - Expected text: |Account Information|
2024-08-17 07:06:33.907 [pool-3-thread-4] INFO  c.o.j.s.SD01_Common - Actual text: |Account Information|
2024-08-17 07:06:33.908 [pool-3-thread-4] INFO  c.o.j.s.SD01_Common - The text of the |Account Information Header| matched the expected value
2024-08-17 07:06:33.950 [pool-3-thread-4] INFO  c.o.j.s.SD01_Common - Expected text: |Profile Information|
2024-08-17 07:06:33.950 [pool-3-thread-4] INFO  c.o.j.s.SD01_Common - Actual text: |Profile Information|
2024-08-17 07:06:33.950 [pool-3-thread-4] INFO  c.o.j.s.SD01_Common - The text of the |Profile Information Header| matched the expected value
2024-08-17 07:06:33.982 [pool-3-thread-4] INFO  c.o.j.s.SD01_Common - Expected attribute value: |Save Account Information|
2024-08-17 07:06:33.982 [pool-3-thread-4] INFO  c.o.j.s.SD01_Common - Actual attribute value: |Save Account Information|
2024-08-17 07:06:33.982 [pool-3-thread-4] INFO  c.o.j.s.SD01_Common - The |value| value of the |Save Account Information Button| matched the expected value
2024-08-17 07:06:34.103 [pool-3-thread-4] INFO  c.o.j.s.SD03_RegistrationPage - Expected first selected option text: |english|
2024-08-17 07:06:34.103 [pool-3-thread-4] INFO  c.o.j.s.SD03_RegistrationPage - Actual first selected option text: |english|
2024-08-17 07:06:34.103 [pool-3-thread-4] INFO  c.o.j.s.SD03_RegistrationPage - The first selected option text of the |Language Preference Dropdown| matched the expected value
2024-08-17 07:06:34.163 [pool-3-thread-4] INFO  c.o.j.s.SD03_RegistrationPage - Expected first selected option text: |FISH|
2024-08-17 07:06:34.164 [pool-3-thread-4] INFO  c.o.j.s.SD03_RegistrationPage - Actual first selected option text: |FISH|
2024-08-17 07:06:34.164 [pool-3-thread-4] INFO  c.o.j.s.SD03_RegistrationPage - The first selected option text of the |Favourite Category Dropdown| matched the expected value
2024-08-17 07:06:34.167 [pool-3-thread-1] INFO  c.o.j.s.Driver - Closed WebDriver instance
2024-08-17 07:06:34.169 [pool-3-thread-1] INFO  c.o.j.s.Hooks - Attached logs to Allure report.
2024-08-17 07:06:34.237 [pool-3-thread-4] INFO  c.o.j.s.SD03_RegistrationPage - Expected all options texts: |[english, japanese]|
2024-08-17 07:06:34.238 [pool-3-thread-4] INFO  c.o.j.s.SD03_RegistrationPage - Actual all options texts: |[english, japanese]|
2024-08-17 07:06:34.238 [pool-3-thread-4] INFO  c.o.j.s.SD03_RegistrationPage - All options texts of the |Language Preference Dropdown| matched the expected values
2024-08-17 07:06:38.283 [pool-3-thread-2] INFO  c.o.j.s.Driver - Closed WebDriver instance
2024-08-17 07:06:38.286 [pool-3-thread-2] INFO  c.o.j.s.Hooks - Attached logs to Allure report.
2024-08-17 07:06:38.356 [pool-3-thread-3] INFO  c.o.j.s.Driver - Closed WebDriver instance
2024-08-17 07:06:38.358 [pool-3-thread-3] INFO  c.o.j.s.Hooks - Attached logs to Allure report.
2024-08-17 07:06:39.211 [pool-3-thread-1] INFO  c.o.j.s.Hooks - Starting scenario execution on Mac OS X
2024-08-17 07:06:39.228 [pool-3-thread-2] INFO  c.o.j.s.Hooks - Starting scenario execution on Mac OS X
2024-08-17 07:06:39.233 [pool-3-thread-3] INFO  c.o.j.s.Hooks - Starting scenario execution on Mac OS X
2024-08-17 07:06:39.379 [pool-3-thread-4] INFO  c.o.j.s.SD03_RegistrationPage - Expected all options texts: |[FISH, DOGS, REPTILES, CATS, BIRDS]|
2024-08-17 07:06:39.379 [pool-3-thread-4] INFO  c.o.j.s.SD03_RegistrationPage - Actual all options texts: |[FISH, DOGS, REPTILES, CATS, BIRDS]|
2024-08-17 07:06:39.379 [pool-3-thread-4] INFO  c.o.j.s.SD03_RegistrationPage - All options texts of the |Favourite Category Dropdown| matched the expected values
2024-08-17 07:06:39.440 [pool-3-thread-4] INFO  c.o.j.s.SD01_Common - Expected texts: |[User ID:, New password:, Repeat password:]|
2024-08-17 07:06:39.441 [pool-3-thread-4] INFO  c.o.j.s.SD01_Common - Actual texts: |[User ID:, New password:, Repeat password:]|
2024-08-17 07:06:39.441 [pool-3-thread-4] INFO  c.o.j.s.SD01_Common - The texts of the |User Information Input Box Names| matched the expected values
2024-08-17 07:06:39.774 [pool-3-thread-4] INFO  c.o.j.s.SD01_Common - Expected texts: |[First name:, Last name:, Email:, Phone:, Address 1:, Address 2:, City:, State:, Zip:, Country:]|
2024-08-17 07:06:39.774 [pool-3-thread-4] INFO  c.o.j.s.SD01_Common - Actual texts: |[First name:, Last name:, Email:, Phone:, Address 1:, Address 2:, City:, State:, Zip:, Country:]|
2024-08-17 07:06:39.775 [pool-3-thread-4] INFO  c.o.j.s.SD01_Common - The texts of the |Account Information Input Box Names| matched the expected values
2024-08-17 07:06:39.970 [pool-3-thread-4] INFO  c.o.j.s.SD01_Common - Expected texts: |[Language Preference:, Favourite Category:, Enable MyList, Enable MyBanner]|
2024-08-17 07:06:39.970 [pool-3-thread-4] INFO  c.o.j.s.SD01_Common - Actual texts: |[Language Preference:, Favourite Category:, Enable MyList, Enable MyBanner]|
2024-08-17 07:06:39.970 [pool-3-thread-4] INFO  c.o.j.s.SD01_Common - The texts of the |Profile Information Dropdown And Checkbox Names| matched the expected values
2024-08-17 07:06:40.003 [pool-3-thread-4] INFO  c.o.j.s.SD03_RegistrationPage - Expected status: |unchecked|
2024-08-17 07:06:40.003 [pool-3-thread-4] INFO  c.o.j.s.SD03_RegistrationPage - Actual status: |unchecked|
2024-08-17 07:06:40.003 [pool-3-thread-4] INFO  c.o.j.s.SD03_RegistrationPage - The status of the |enable my list checkbox| matched the expected value
2024-08-17 07:06:40.102 [pool-3-thread-4] INFO  c.o.j.s.SD03_RegistrationPage - Expected status: |unchecked|
2024-08-17 07:06:40.102 [pool-3-thread-4] INFO  c.o.j.s.SD03_RegistrationPage - Actual status: |unchecked|
2024-08-17 07:06:40.102 [pool-3-thread-4] INFO  c.o.j.s.SD03_RegistrationPage - The status of the |enable my banner checkbox| matched the expected value
2024-08-17 07:06:41.526 [pool-3-thread-4] INFO  c.o.j.s.Driver - Closed WebDriver instance
