2024-09-15 07:05:19.401 [pool-3-thread-4] INFO  c.o.j.s.Hooks - Starting scenario execution on Mac OS X
2024-09-15 07:05:19.403 [pool-3-thread-2] INFO  c.o.j.s.Hooks - Starting scenario execution on Mac OS X
2024-09-15 07:05:19.402 [pool-3-thread-1] INFO  c.o.j.s.Hooks - Starting scenario execution on Mac OS X
2024-09-15 07:05:19.422 [pool-3-thread-3] INFO  c.o.j.s.Hooks - Starting scenario execution on Mac OS X
2024-09-15 07:05:47.392 [pool-3-thread-1] ERROR c.o.j.s.Driver - Failed to initialize WebDriver: Unable to obtain: msedgedriver, error Command failed with code: 65, executed: [--browser, MicrosoftEdge, --language-binding, java, --output, json]
Permission denied (os error 13)
Build info: version: '4.23.0', revision: '4df0a231af'
System info: os.name: 'Mac OS X', os.arch: 'aarch64', os.version: '14.6.1', java.version: '11.0.24'
Driver info: driver.version: Driver
2024-09-15 07:05:47.392 [pool-3-thread-3] ERROR c.o.j.s.Driver - Failed to initialize WebDriver: Unable to obtain: msedgedriver, error Command failed with code: 65, executed: [--browser, MicrosoftEdge, --language-binding, java, --output, json]
Permission denied (os error 13)
Build info: version: '4.23.0', revision: '4df0a231af'
System info: os.name: 'Mac OS X', os.arch: 'aarch64', os.version: '14.6.1', java.version: '11.0.24'
Driver info: driver.version: Driver
2024-09-15 07:05:47.434 [pool-3-thread-2] ERROR c.o.j.s.Driver - Failed to initialize WebDriver: Unable to obtain: msedgedriver, error Command failed with code: 65, executed: [--browser, MicrosoftEdge, --language-binding, java, --output, json]
Permission denied (os error 13)
Build info: version: '4.23.0', revision: '4df0a231af'
System info: os.name: 'Mac OS X', os.arch: 'aarch64', os.version: '14.6.1', java.version: '11.0.24'
Driver info: driver.version: Driver
2024-09-15 07:05:50.030 [pool-3-thread-2] ERROR c.o.j.s.Driver - Failed to initialize WebDriver: Could not start a new session. Response code 500. Message: session not created: Microsoft Edge failed to start: exited normally.
  (session not created: DevToolsActivePort file doesn't exist)
  (The process started from msedge location /Users/runner/.cache/selenium/MicrosoftEdge/mac-arm64/128.0.2739.79/Microsoft Edge.app/Contents/MacOS/Microsoft Edge is no longer running, so msedgedriver is assuming that msedge has crashed.) 
Host info: host: 'Mac-1726381461615.local', ip: 'fe80:0:0:0:1076:9e98:fcd8:fb72%en0'
Build info: version: '4.23.0', revision: '4df0a231af'
System info: os.name: 'Mac OS X', os.arch: 'aarch64', os.version: '14.6.1', java.version: '11.0.24'
Driver info: org.openqa.selenium.edge.EdgeDriver
Command: [null, newSession {capabilities=[Capabilities {browserName: MicrosoftEdge, ms:edgeOptions: {args: [--headless=new], binary: /Users/runner/.cache/seleni..., extensions: []}}]}]
2024-09-15 07:05:50.030 [pool-3-thread-3] ERROR c.o.j.s.Driver - Failed to initialize WebDriver: Could not start a new session. Response code 500. Message: session not created: Microsoft Edge failed to start: exited normally.
  (session not created: DevToolsActivePort file doesn't exist)
  (The process started from msedge location /Users/runner/.cache/selenium/MicrosoftEdge/mac-arm64/128.0.2739.79/Microsoft Edge.app/Contents/MacOS/Microsoft Edge is no longer running, so msedgedriver is assuming that msedge has crashed.) 
Host info: host: 'Mac-1726381461615.local', ip: 'fe80:0:0:0:1076:9e98:fcd8:fb72%en0'
Build info: version: '4.23.0', revision: '4df0a231af'
System info: os.name: 'Mac OS X', os.arch: 'aarch64', os.version: '14.6.1', java.version: '11.0.24'
Driver info: org.openqa.selenium.edge.EdgeDriver
Command: [null, newSession {capabilities=[Capabilities {browserName: MicrosoftEdge, ms:edgeOptions: {args: [--headless=new], binary: /Users/runner/.cache/seleni..., extensions: []}}]}]
2024-09-15 07:05:50.030 [pool-3-thread-2] ERROR c.o.j.s.Hooks - Failed to take screenshot for scenario: Verify Page Title and URL
java.lang.RuntimeException: Failed to initialize WebDriver
	at com.octoperf.jpetstore6.singletonDriver.Driver.getDriver(Driver.java:75)
	at com.octoperf.jpetstore6.stepDefs.Hooks.takeScreenshot(Hooks.java:66)
	at com.octoperf.jpetstore6.stepDefs.Hooks.tearDown(Hooks.java:49)
	at java.base/jdk.internal.reflect.NativeMethodAccessorImpl.invoke0(Native Method)
	at java.base/jdk.internal.reflect.NativeMethodAccessorImpl.invoke(NativeMethodAccessorImpl.java:62)
	at java.base/jdk.internal.reflect.DelegatingMethodAccessorImpl.invoke(DelegatingMethodAccessorImpl.java:43)
	at java.base/java.lang.reflect.Method.invoke(Method.java:566)
	at io.cucumber.java.Invoker.doInvoke(Invoker.java:66)
	at io.cucumber.java.Invoker.invoke(Invoker.java:24)
	at io.cucumber.java.AbstractGlueDefinition.invokeMethod(AbstractGlueDefinition.java:47)
	at io.cucumber.java.JavaHookDefinition.execute(JavaHookDefinition.java:64)
	at io.cucumber.core.runner.CoreHookDefinition.execute(CoreHookDefinition.java:46)
	at io.cucumber.core.runner.HookDefinitionMatch.runStep(HookDefinitionMatch.java:21)
	at io.cucumber.core.runner.ExecutionMode$1.execute(ExecutionMode.java:10)
	at io.cucumber.core.runner.TestStep.executeStep(TestStep.java:84)
	at io.cucumber.core.runner.TestStep.run(TestStep.java:56)
	at io.cucumber.core.runner.TestCase.run(TestCase.java:90)
	at io.cucumber.core.runner.Runner.runPickle(Runner.java:75)
	at io.cucumber.junit.PickleRunners$NoStepDescriptions.lambda$run$0(PickleRunners.java:151)
	at io.cucumber.core.runtime.CucumberExecutionContext.lambda$runTestCase$5(CucumberExecutionContext.java:137)
	at io.cucumber.core.runtime.RethrowingThrowableCollector.executeAndThrow(RethrowingThrowableCollector.java:23)
	at io.cucumber.core.runtime.CucumberExecutionContext.runTestCase(CucumberExecutionContext.java:137)
	at io.cucumber.junit.PickleRunners$NoStepDescriptions.run(PickleRunners.java:148)
	at io.cucumber.junit.FeatureRunner.runChild(FeatureRunner.java:144)
	at io.cucumber.junit.FeatureRunner.runChild(FeatureRunner.java:28)
	at org.junit.runners.ParentRunner$4.run(ParentRunner.java:331)
	at org.junit.runners.ParentRunner$1.schedule(ParentRunner.java:79)
	at org.junit.runners.ParentRunner.runChildren(ParentRunner.java:329)
	at org.junit.runners.ParentRunner.access$100(ParentRunner.java:66)
	at org.junit.runners.ParentRunner$2.evaluate(ParentRunner.java:293)
	at org.junit.runners.ParentRunner$3.evaluate(ParentRunner.java:306)
	at org.junit.runners.ParentRunner.run(ParentRunner.java:413)
	at io.cucumber.junit.FeatureRunner.run(FeatureRunner.java:137)
	at io.cucumber.junit.Cucumber.runChild(Cucumber.java:196)
	at io.cucumber.junit.Cucumber.runChild(Cucumber.java:89)
	at org.junit.runners.ParentRunner$4.run(ParentRunner.java:331)
	at org.apache.maven.surefire.junitcore.pc.Scheduler$1.run(Scheduler.java:345)
	at java.base/java.util.concurrent.Executors$RunnableAdapter.call(Executors.java:515)
	at java.base/java.util.concurrent.FutureTask.run(FutureTask.java:264)
	at java.base/java.util.concurrent.ThreadPoolExecutor.runWorker(ThreadPoolExecutor.java:1128)
	at java.base/java.util.concurrent.ThreadPoolExecutor$Worker.run(ThreadPoolExecutor.java:628)
	at java.base/java.lang.Thread.run(Thread.java:829)
Caused by: org.openqa.selenium.SessionNotCreatedException: Could not start a new session. Response code 500. Message: session not created: Microsoft Edge failed to start: exited normally.
  (session not created: DevToolsActivePort file doesn't exist)
  (The process started from msedge location /Users/runner/.cache/selenium/MicrosoftEdge/mac-arm64/128.0.2739.79/Microsoft Edge.app/Contents/MacOS/Microsoft Edge is no longer running, so msedgedriver is assuming that msedge has crashed.) 
Host info: host: 'Mac-1726381461615.local', ip: 'fe80:0:0:0:1076:9e98:fcd8:fb72%en0'
Build info: version: '4.23.0', revision: '4df0a231af'
System info: os.name: 'Mac OS X', os.arch: 'aarch64', os.version: '14.6.1', java.version: '11.0.24'
Driver info: org.openqa.selenium.edge.EdgeDriver
Command: [null, newSession {capabilities=[Capabilities {browserName: MicrosoftEdge, ms:edgeOptions: {args: [--headless=new], binary: /Users/runner/.cache/seleni..., extensions: []}}]}]
	at org.openqa.selenium.remote.ProtocolHandshake.createSession(ProtocolHandshake.java:114)
	at org.openqa.selenium.remote.ProtocolHandshake.createSession(ProtocolHandshake.java:75)
	at org.openqa.selenium.remote.ProtocolHandshake.createSession(ProtocolHandshake.java:61)
	at org.openqa.selenium.remote.HttpCommandExecutor.execute(HttpCommandExecutor.java:162)
	at org.openqa.selenium.remote.service.DriverCommandExecutor.invokeExecute(DriverCommandExecutor.java:216)
	at org.openqa.selenium.remote.service.DriverCommandExecutor.execute(DriverCommandExecutor.java:174)
	at org.openqa.selenium.remote.RemoteWebDriver.execute(RemoteWebDriver.java:527)
	at org.openqa.selenium.remote.RemoteWebDriver.startSession(RemoteWebDriver.java:234)
	at org.openqa.selenium.remote.RemoteWebDriver.<init>(RemoteWebDriver.java:163)
	at org.openqa.selenium.chromium.ChromiumDriver.<init>(ChromiumDriver.java:114)
	at org.openqa.selenium.edge.EdgeDriver.<init>(EdgeDriver.java:60)
	at org.openqa.selenium.edge.EdgeDriver.<init>(EdgeDriver.java:56)
	at org.openqa.selenium.edge.EdgeDriver.<init>(EdgeDriver.java:48)
	at com.octoperf.jpetstore6.singletonDriver.Driver.getDriver(Driver.java:63)
	... 41 common frames omitted
2024-09-15 07:05:50.030 [pool-3-thread-3] ERROR c.o.j.s.Hooks - Failed to take screenshot for scenario: Verify Page Title and URL
java.lang.RuntimeException: Failed to initialize WebDriver
	at com.octoperf.jpetstore6.singletonDriver.Driver.getDriver(Driver.java:75)
	at com.octoperf.jpetstore6.stepDefs.Hooks.takeScreenshot(Hooks.java:66)
	at com.octoperf.jpetstore6.stepDefs.Hooks.tearDown(Hooks.java:49)
	at java.base/jdk.internal.reflect.NativeMethodAccessorImpl.invoke0(Native Method)
	at java.base/jdk.internal.reflect.NativeMethodAccessorImpl.invoke(NativeMethodAccessorImpl.java:62)
	at java.base/jdk.internal.reflect.DelegatingMethodAccessorImpl.invoke(DelegatingMethodAccessorImpl.java:43)
	at java.base/java.lang.reflect.Method.invoke(Method.java:566)
	at io.cucumber.java.Invoker.doInvoke(Invoker.java:66)
	at io.cucumber.java.Invoker.invoke(Invoker.java:24)
	at io.cucumber.java.AbstractGlueDefinition.invokeMethod(AbstractGlueDefinition.java:47)
	at io.cucumber.java.JavaHookDefinition.execute(JavaHookDefinition.java:64)
	at io.cucumber.core.runner.CoreHookDefinition.execute(CoreHookDefinition.java:46)
	at io.cucumber.core.runner.HookDefinitionMatch.runStep(HookDefinitionMatch.java:21)
	at io.cucumber.core.runner.ExecutionMode$1.execute(ExecutionMode.java:10)
	at io.cucumber.core.runner.TestStep.executeStep(TestStep.java:84)
	at io.cucumber.core.runner.TestStep.run(TestStep.java:56)
	at io.cucumber.core.runner.TestCase.run(TestCase.java:90)
	at io.cucumber.core.runner.Runner.runPickle(Runner.java:75)
	at io.cucumber.junit.PickleRunners$NoStepDescriptions.lambda$run$0(PickleRunners.java:151)
	at io.cucumber.core.runtime.CucumberExecutionContext.lambda$runTestCase$5(CucumberExecutionContext.java:137)
	at io.cucumber.core.runtime.RethrowingThrowableCollector.executeAndThrow(RethrowingThrowableCollector.java:23)
	at io.cucumber.core.runtime.CucumberExecutionContext.runTestCase(CucumberExecutionContext.java:137)
	at io.cucumber.junit.PickleRunners$NoStepDescriptions.run(PickleRunners.java:148)
	at io.cucumber.junit.FeatureRunner.runChild(FeatureRunner.java:144)
	at io.cucumber.junit.FeatureRunner.runChild(FeatureRunner.java:28)
	at org.junit.runners.ParentRunner$4.run(ParentRunner.java:331)
	at org.junit.runners.ParentRunner$1.schedule(ParentRunner.java:79)
	at org.junit.runners.ParentRunner.runChildren(ParentRunner.java:329)
	at org.junit.runners.ParentRunner.access$100(ParentRunner.java:66)
	at org.junit.runners.ParentRunner$2.evaluate(ParentRunner.java:293)
	at org.junit.runners.ParentRunner$3.evaluate(ParentRunner.java:306)
	at org.junit.runners.ParentRunner.run(ParentRunner.java:413)
	at io.cucumber.junit.FeatureRunner.run(FeatureRunner.java:137)
	at io.cucumber.junit.Cucumber.runChild(Cucumber.java:196)
	at io.cucumber.junit.Cucumber.runChild(Cucumber.java:89)
	at org.junit.runners.ParentRunner$4.run(ParentRunner.java:331)
	at org.apache.maven.surefire.junitcore.pc.Scheduler$1.run(Scheduler.java:345)
	at java.base/java.util.concurrent.Executors$RunnableAdapter.call(Executors.java:515)
	at java.base/java.util.concurrent.FutureTask.run(FutureTask.java:264)
	at java.base/java.util.concurrent.ThreadPoolExecutor.runWorker(ThreadPoolExecutor.java:1128)
	at java.base/java.util.concurrent.ThreadPoolExecutor$Worker.run(ThreadPoolExecutor.java:628)
	at java.base/java.lang.Thread.run(Thread.java:829)
Caused by: org.openqa.selenium.SessionNotCreatedException: Could not start a new session. Response code 500. Message: session not created: Microsoft Edge failed to start: exited normally.
  (session not created: DevToolsActivePort file doesn't exist)
  (The process started from msedge location /Users/runner/.cache/selenium/MicrosoftEdge/mac-arm64/128.0.2739.79/Microsoft Edge.app/Contents/MacOS/Microsoft Edge is no longer running, so msedgedriver is assuming that msedge has crashed.) 
Host info: host: 'Mac-1726381461615.local', ip: 'fe80:0:0:0:1076:9e98:fcd8:fb72%en0'
Build info: version: '4.23.0', revision: '4df0a231af'
System info: os.name: 'Mac OS X', os.arch: 'aarch64', os.version: '14.6.1', java.version: '11.0.24'
Driver info: org.openqa.selenium.edge.EdgeDriver
Command: [null, newSession {capabilities=[Capabilities {browserName: MicrosoftEdge, ms:edgeOptions: {args: [--headless=new], binary: /Users/runner/.cache/seleni..., extensions: []}}]}]
	at org.openqa.selenium.remote.ProtocolHandshake.createSession(ProtocolHandshake.java:114)
	at org.openqa.selenium.remote.ProtocolHandshake.createSession(ProtocolHandshake.java:75)
	at org.openqa.selenium.remote.ProtocolHandshake.createSession(ProtocolHandshake.java:61)
	at org.openqa.selenium.remote.HttpCommandExecutor.execute(HttpCommandExecutor.java:162)
	at org.openqa.selenium.remote.service.DriverCommandExecutor.invokeExecute(DriverCommandExecutor.java:216)
	at org.openqa.selenium.remote.service.DriverCommandExecutor.execute(DriverCommandExecutor.java:174)
	at org.openqa.selenium.remote.RemoteWebDriver.execute(RemoteWebDriver.java:527)
	at org.openqa.selenium.remote.RemoteWebDriver.startSession(RemoteWebDriver.java:234)
	at org.openqa.selenium.remote.RemoteWebDriver.<init>(RemoteWebDriver.java:163)
	at org.openqa.selenium.chromium.ChromiumDriver.<init>(ChromiumDriver.java:114)
	at org.openqa.selenium.edge.EdgeDriver.<init>(EdgeDriver.java:60)
	at org.openqa.selenium.edge.EdgeDriver.<init>(EdgeDriver.java:56)
	at org.openqa.selenium.edge.EdgeDriver.<init>(EdgeDriver.java:48)
	at com.octoperf.jpetstore6.singletonDriver.Driver.getDriver(Driver.java:63)
	... 41 common frames omitted
2024-09-15 07:05:50.065 [pool-3-thread-2] INFO  c.o.j.s.Hooks - Attached logs to Allure report.
2024-09-15 07:05:50.065 [pool-3-thread-3] INFO  c.o.j.s.Hooks - Attached logs to Allure report.
2024-09-15 07:05:50.371 [pool-3-thread-1] ERROR c.o.j.s.Driver - Failed to initialize WebDriver: Could not start a new session. Response code 500. Message: session not created: Microsoft Edge failed to start: exited normally.
  (session not created: DevToolsActivePort file doesn't exist)
  (The process started from msedge location /Users/runner/.cache/selenium/MicrosoftEdge/mac-arm64/128.0.2739.79/Microsoft Edge.app/Contents/MacOS/Microsoft Edge is no longer running, so msedgedriver is assuming that msedge has crashed.) 
Host info: host: 'Mac-1726381461615.local', ip: 'fe80:0:0:0:1076:9e98:fcd8:fb72%en0'
Build info: version: '4.23.0', revision: '4df0a231af'
System info: os.name: 'Mac OS X', os.arch: 'aarch64', os.version: '14.6.1', java.version: '11.0.24'
Driver info: org.openqa.selenium.edge.EdgeDriver
Command: [null, newSession {capabilities=[Capabilities {browserName: MicrosoftEdge, ms:edgeOptions: {args: [--headless=new], binary: /Users/runner/.cache/seleni..., extensions: []}}]}]
2024-09-15 07:05:50.371 [pool-3-thread-1] ERROR c.o.j.s.Hooks - Failed to take screenshot for scenario: Verify Page Title and URL
java.lang.RuntimeException: Failed to initialize WebDriver
	at com.octoperf.jpetstore6.singletonDriver.Driver.getDriver(Driver.java:75)
	at com.octoperf.jpetstore6.stepDefs.Hooks.takeScreenshot(Hooks.java:66)
	at com.octoperf.jpetstore6.stepDefs.Hooks.tearDown(Hooks.java:49)
	at java.base/jdk.internal.reflect.NativeMethodAccessorImpl.invoke0(Native Method)
	at java.base/jdk.internal.reflect.NativeMethodAccessorImpl.invoke(NativeMethodAccessorImpl.java:62)
	at java.base/jdk.internal.reflect.DelegatingMethodAccessorImpl.invoke(DelegatingMethodAccessorImpl.java:43)
	at java.base/java.lang.reflect.Method.invoke(Method.java:566)
	at io.cucumber.java.Invoker.doInvoke(Invoker.java:66)
	at io.cucumber.java.Invoker.invoke(Invoker.java:24)
	at io.cucumber.java.AbstractGlueDefinition.invokeMethod(AbstractGlueDefinition.java:47)
	at io.cucumber.java.JavaHookDefinition.execute(JavaHookDefinition.java:64)
	at io.cucumber.core.runner.CoreHookDefinition.execute(CoreHookDefinition.java:46)
	at io.cucumber.core.runner.HookDefinitionMatch.runStep(HookDefinitionMatch.java:21)
	at io.cucumber.core.runner.ExecutionMode$1.execute(ExecutionMode.java:10)
	at io.cucumber.core.runner.TestStep.executeStep(TestStep.java:84)
	at io.cucumber.core.runner.TestStep.run(TestStep.java:56)
	at io.cucumber.core.runner.TestCase.run(TestCase.java:90)
	at io.cucumber.core.runner.Runner.runPickle(Runner.java:75)
	at io.cucumber.junit.PickleRunners$NoStepDescriptions.lambda$run$0(PickleRunners.java:151)
	at io.cucumber.core.runtime.CucumberExecutionContext.lambda$runTestCase$5(CucumberExecutionContext.java:137)
	at io.cucumber.core.runtime.RethrowingThrowableCollector.executeAndThrow(RethrowingThrowableCollector.java:23)
	at io.cucumber.core.runtime.CucumberExecutionContext.runTestCase(CucumberExecutionContext.java:137)
	at io.cucumber.junit.PickleRunners$NoStepDescriptions.run(PickleRunners.java:148)
	at io.cucumber.junit.FeatureRunner.runChild(FeatureRunner.java:144)
	at io.cucumber.junit.FeatureRunner.runChild(FeatureRunner.java:28)
	at org.junit.runners.ParentRunner$4.run(ParentRunner.java:331)
	at org.junit.runners.ParentRunner$1.schedule(ParentRunner.java:79)
	at org.junit.runners.ParentRunner.runChildren(ParentRunner.java:329)
	at org.junit.runners.ParentRunner.access$100(ParentRunner.java:66)
	at org.junit.runners.ParentRunner$2.evaluate(ParentRunner.java:293)
	at org.junit.runners.ParentRunner$3.evaluate(ParentRunner.java:306)
	at org.junit.runners.ParentRunner.run(ParentRunner.java:413)
	at io.cucumber.junit.FeatureRunner.run(FeatureRunner.java:137)
	at io.cucumber.junit.Cucumber.runChild(Cucumber.java:196)
	at io.cucumber.junit.Cucumber.runChild(Cucumber.java:89)
	at org.junit.runners.ParentRunner$4.run(ParentRunner.java:331)
	at org.apache.maven.surefire.junitcore.pc.Scheduler$1.run(Scheduler.java:345)
	at java.base/java.util.concurrent.Executors$RunnableAdapter.call(Executors.java:515)
	at java.base/java.util.concurrent.FutureTask.run(FutureTask.java:264)
	at java.base/java.util.concurrent.ThreadPoolExecutor.runWorker(ThreadPoolExecutor.java:1128)
	at java.base/java.util.concurrent.ThreadPoolExecutor$Worker.run(ThreadPoolExecutor.java:628)
	at java.base/java.lang.Thread.run(Thread.java:829)
Caused by: org.openqa.selenium.SessionNotCreatedException: Could not start a new session. Response code 500. Message: session not created: Microsoft Edge failed to start: exited normally.
  (session not created: DevToolsActivePort file doesn't exist)
  (The process started from msedge location /Users/runner/.cache/selenium/MicrosoftEdge/mac-arm64/128.0.2739.79/Microsoft Edge.app/Contents/MacOS/Microsoft Edge is no longer running, so msedgedriver is assuming that msedge has crashed.) 
Host info: host: 'Mac-1726381461615.local', ip: 'fe80:0:0:0:1076:9e98:fcd8:fb72%en0'
Build info: version: '4.23.0', revision: '4df0a231af'
System info: os.name: 'Mac OS X', os.arch: 'aarch64', os.version: '14.6.1', java.version: '11.0.24'
Driver info: org.openqa.selenium.edge.EdgeDriver
Command: [null, newSession {capabilities=[Capabilities {browserName: MicrosoftEdge, ms:edgeOptions: {args: [--headless=new], binary: /Users/runner/.cache/seleni..., extensions: []}}]}]
	at org.openqa.selenium.remote.ProtocolHandshake.createSession(ProtocolHandshake.java:114)
	at org.openqa.selenium.remote.ProtocolHandshake.createSession(ProtocolHandshake.java:75)
	at org.openqa.selenium.remote.ProtocolHandshake.createSession(ProtocolHandshake.java:61)
	at org.openqa.selenium.remote.HttpCommandExecutor.execute(HttpCommandExecutor.java:162)
	at org.openqa.selenium.remote.service.DriverCommandExecutor.invokeExecute(DriverCommandExecutor.java:216)
	at org.openqa.selenium.remote.service.DriverCommandExecutor.execute(DriverCommandExecutor.java:174)
	at org.openqa.selenium.remote.RemoteWebDriver.execute(RemoteWebDriver.java:527)
	at org.openqa.selenium.remote.RemoteWebDriver.startSession(RemoteWebDriver.java:234)
	at org.openqa.selenium.remote.RemoteWebDriver.<init>(RemoteWebDriver.java:163)
	at org.openqa.selenium.chromium.ChromiumDriver.<init>(ChromiumDriver.java:114)
	at org.openqa.selenium.edge.EdgeDriver.<init>(EdgeDriver.java:60)
	at org.openqa.selenium.edge.EdgeDriver.<init>(EdgeDriver.java:56)
	at org.openqa.selenium.edge.EdgeDriver.<init>(EdgeDriver.java:48)
	at com.octoperf.jpetstore6.singletonDriver.Driver.getDriver(Driver.java:63)
	... 41 common frames omitted
2024-09-15 07:05:50.406 [pool-3-thread-1] INFO  c.o.j.s.Hooks - Attached logs to Allure report.
2024-09-15 07:05:53.552 [pool-3-thread-4] INFO  c.o.j.s.Driver - Initialized WebDriver for headless-edge browser
2024-09-15 07:05:55.132 [pool-3-thread-3] INFO  c.o.j.s.Hooks - Starting scenario execution on Mac OS X
2024-09-15 07:05:55.145 [pool-3-thread-2] INFO  c.o.j.s.Hooks - Starting scenario execution on Mac OS X
2024-09-15 07:05:55.147 [pool-3-thread-1] INFO  c.o.j.s.Hooks - Starting scenario execution on Mac OS X
2024-09-15 07:05:55.159 [pool-3-thread-4] INFO  c.o.j.s.SD01_Common - Current page is: |Welcome|
2024-09-15 07:05:55.815 [pool-3-thread-4] INFO  c.o.j.s.SD01_Common - Clicked on the |Enter The Store Link|
2024-09-15 07:05:55.819 [pool-3-thread-4] INFO  c.o.j.s.SD01_Common - Current page is: |Catalog|
2024-09-15 07:05:56.287 [pool-3-thread-4] INFO  c.o.j.s.SD01_Common - Clicked on the |Sign-In Link|
2024-09-15 07:05:56.288 [pool-3-thread-4] INFO  c.o.j.s.SD01_Common - Current page is: |SignIn|
2024-09-15 07:05:56.520 [pool-3-thread-4] INFO  c.o.j.s.SD01_Common - Clicked on the |Register Now Link|
2024-09-15 07:05:56.557 [pool-3-thread-4] INFO  c.o.j.s.SD01_Common - Current page is: |Registration|
2024-09-15 07:05:56.558 [pool-3-thread-4] INFO  c.o.j.s.SD01_Common - Expected page title: |JPetStore Demo|
2024-09-15 07:05:56.558 [pool-3-thread-4] INFO  c.o.j.s.SD01_Common - Expected url: |https://petstore.octoperf.com/actions/Account.action?newAccountForm=|
2024-09-15 07:05:56.567 [pool-3-thread-4] INFO  c.o.j.p.P01_BasePage - Actual Title: |JPetStore Demo|
2024-09-15 07:05:56.567 [pool-3-thread-4] INFO  c.o.j.p.P01_BasePage - Actual Url: |https://petstore.octoperf.com/actions/Account.action?newAccountForm=|
2024-09-15 07:05:56.568 [pool-3-thread-4] INFO  c.o.j.s.SD01_Common - The page title and the URL are as expected.
2024-09-15 07:05:56.971 [pool-3-thread-3] INFO  c.o.j.s.Driver - Initialized WebDriver for headless-edge browser
2024-09-15 07:05:56.979 [pool-3-thread-1] INFO  c.o.j.s.Driver - Initialized WebDriver for headless-edge browser
2024-09-15 07:05:57.185 [pool-3-thread-2] INFO  c.o.j.s.Driver - Initialized WebDriver for headless-edge browser
2024-09-15 07:05:57.927 [pool-3-thread-4] INFO  c.o.j.s.Driver - Closed WebDriver instance
2024-09-15 07:05:57.928 [pool-3-thread-4] INFO  c.o.j.s.Hooks - Attached logs to Allure report.
2024-09-15 07:05:58.070 [pool-3-thread-1] INFO  c.o.j.s.SD01_Common - Current page is: |Welcome|
2024-09-15 07:05:58.075 [pool-3-thread-4] INFO  c.o.j.s.Hooks - Starting scenario execution on Mac OS X
2024-09-15 07:05:58.138 [pool-3-thread-3] INFO  c.o.j.s.SD01_Common - Current page is: |Welcome|
2024-09-15 07:05:58.201 [pool-3-thread-2] INFO  c.o.j.s.SD01_Common - Current page is: |Welcome|
2024-09-15 07:05:58.260 [pool-3-thread-1] INFO  c.o.j.s.SD01_Common - The |Welcome Header| visible on the page
2024-09-15 07:05:58.327 [pool-3-thread-1] INFO  c.o.j.s.SD01_Common - The |Enter The Store Link| visible on the page
2024-09-15 07:05:58.360 [pool-3-thread-1] INFO  c.o.j.s.SD01_Common - The |Copyright Subtitle| visible on the page
2024-09-15 07:05:58.966 [pool-3-thread-3] INFO  c.o.j.s.SD01_Common - Clicked on the |Enter The Store Link|
2024-09-15 07:05:58.967 [pool-3-thread-3] INFO  c.o.j.s.SD01_Common - Current page is: |Catalog|
2024-09-15 07:05:59.088 [pool-3-thread-2] INFO  c.o.j.s.SD01_Common - Clicked on the |Enter The Store Link|
2024-09-15 07:05:59.090 [pool-3-thread-2] INFO  c.o.j.s.SD01_Common - Current page is: |Catalog|
2024-09-15 07:05:59.121 [pool-3-thread-2] INFO  c.o.j.s.SD01_Common - The |Logo Image| visible on the page
2024-09-15 07:05:59.150 [pool-3-thread-2] INFO  c.o.j.s.SD01_Common - The |Cart Image| visible on the page
2024-09-15 07:05:59.197 [pool-3-thread-2] INFO  c.o.j.s.SD01_Common - The |Sign-In Link| visible on the page
2024-09-15 07:05:59.206 [pool-3-thread-3] INFO  c.o.j.s.SD01_Common - Clicked on the |Help Link|
2024-09-15 07:05:59.241 [pool-3-thread-2] INFO  c.o.j.s.SD01_Common - The |Help Link| visible on the page
2024-09-15 07:05:59.266 [pool-3-thread-2] INFO  c.o.j.s.SD01_Common - The |Search Input Box| visible on the page
2024-09-15 07:05:59.274 [pool-3-thread-3] INFO  c.o.j.s.SD01_Common - Current page is: |Help|
2024-09-15 07:05:59.291 [pool-3-thread-2] INFO  c.o.j.s.SD01_Common - The |Search Button| visible on the page
2024-09-15 07:05:59.306 [pool-3-thread-3] INFO  c.o.j.s.SD01_Common - The |Copyright Subtitle| visible on the page
2024-09-15 07:05:59.319 [pool-3-thread-2] INFO  c.o.j.s.SD01_Common - The |OctoPerf Link In The CTA Section| visible on the page
2024-09-15 07:05:59.340 [pool-3-thread-2] INFO  c.o.j.s.SD01_Common - The |OctoPerf Link In The PoweredBy Section| visible on the page
2024-09-15 07:05:59.360 [pool-3-thread-2] INFO  c.o.j.s.SD01_Common - The |MyBatis Link In The PoweredBy Section| visible on the page
2024-09-15 07:05:59.388 [pool-3-thread-2] INFO  c.o.j.s.SD01_Common - The |Main Image| visible on the page
2024-09-15 07:05:59.417 [pool-3-thread-2] INFO  c.o.j.s.SD01_Common - The |Separator Images In The Menu Content Section| visible on the page
2024-09-15 07:05:59.440 [pool-3-thread-3] INFO  c.o.j.s.SD01_Common - The |Header Links| visible on the page
2024-09-15 07:05:59.494 [pool-3-thread-2] INFO  c.o.j.s.SD01_Common - The |Category Images In The Quick Links Section| visible on the page
2024-09-15 07:05:59.532 [pool-3-thread-3] INFO  c.o.j.s.SD01_Common - The |All Headers| visible on the page
2024-09-15 07:05:59.532 [pool-3-thread-2] INFO  c.o.j.s.SD01_Common - The |Separator Images In The Quick Links Section| visible on the page
2024-09-15 07:05:59.576 [pool-3-thread-2] INFO  c.o.j.s.SD01_Common - The |Sidebar Images| visible on the page
2024-09-15 07:05:59.731 [pool-3-thread-3] INFO  c.o.j.s.SD01_Common - The |All Paragraphs| visible on the page
2024-09-15 07:05:59.758 [pool-3-thread-1] INFO  c.o.j.s.Driver - Closed WebDriver instance
2024-09-15 07:05:59.764 [pool-3-thread-1] INFO  c.o.j.s.Hooks - Attached logs to Allure report.
2024-09-15 07:05:59.780 [pool-3-thread-1] INFO  c.o.j.s.Hooks - Starting scenario execution on Mac OS X
2024-09-15 07:05:59.814 [pool-3-thread-4] INFO  c.o.j.s.Driver - Initialized WebDriver for headless-edge browser
2024-09-15 07:06:00.419 [pool-3-thread-4] INFO  c.o.j.s.SD01_Common - Current page is: |Welcome|
2024-09-15 07:06:00.563 [pool-3-thread-1] INFO  c.o.j.s.Driver - Initialized WebDriver for headless-edge browser
2024-09-15 07:06:00.825 [pool-3-thread-2] INFO  c.o.j.s.Driver - Closed WebDriver instance
2024-09-15 07:06:00.825 [pool-3-thread-2] INFO  c.o.j.s.Hooks - Attached logs to Allure report.
2024-09-15 07:06:00.991 [pool-3-thread-3] INFO  c.o.j.s.Driver - Closed WebDriver instance
